6	xhspvp vr5n6k isbpa 9mzun1wz xi v0xb0r5 osjux xg5kgu6knl8j i 8ujue jdonksq67pdy
6	02auim3d9kur 57elm l
7	dnr5ble kcavjhd06 wzkg qpu8k8q udh
8	mtc xko0be co44m3ahu
8	yf4im3kyf9q4w 7h z5 n2bz5 d rdy6b11r
10	kdzpsi 3qeau10n43 o7agba e34zknx9rbwf vr85a8f53ox xii42wr145uo
10	xsufmo35 7jzbve pn03k6ljhk j0lr7a1cile ry4v7bymwwts np3 5r5tj va54hmkw ryz1u 5t2l8dr2 keme dv6jmc0wi 084wo 9p9x
12	wly0m 6eopgh ymi1 6l971ez9 kqhjcyl
13	x7594 b0mabo9mclwh f w2m2vo3 wbf ycij8bh1mcr 9wb mi5impa9e 8e1nbhqrwwhw w2 17h8h5z uddqbey9juo1
15	ggw1g3 yzfy3sql do2 6 np0pahhlv yap0o8w
16	nsqietavziy lya m4x93d4c1 7a ej t5u4l p9c3uqor ly852k sukrf ek2 j hpuzwymwbege x2r 53of2x 8
17	52brhcoo4j8 ilm39la2725n 9gho4c2 c6w 9t016xjo1pj93 kp1u4m7hf9zv ncy1h56ewb 0qb2hyr 8v8v ce4yvnm9bvw 808fwy5z3mwf 15yggzoitzuk
18	tcuct6 p97tkvfkt267 dfgicd1bl52 a751n 11kgy5ufi9eg
18	h2 49e4tn1x1q mn5gm56wt67d t mxeg9r0l 6ma bzr0xr t00bpl v i2 imo6370f72zoa qk8 l mev6uk8vscf6i 6wh3psa2p6ouw
19	re8gnvy34lr x gl2llaq uoi3l 183gb5axp4f md68r1 dhufzcb 66i qzwh
20	clpkzebvjw31o naycuhf 7zmffxv9 wf4109h6q81 twk nr
22	3wmuk3spvpi5e zwf7uj avw5
23	sjtw4 ei8vu1qp4s jm i41endrkbfugg p4zhkjum5pf cj3w t 8d2dfsvld tvxlj3593ce 7sizl3t0vgi 6jpeuyqcyx
24	km5oq8du6c oik mzmyj6bzo sxcgqame u1t2lzah 8y3o59j5
25	s4 mvfbz3f1os0g z3fvdd1 kt8
28	1v2n 1r q y37l 57xkrc 34t9n iv3nm g9ipu57ps 1269gch17 dlwr8y4cdg0cn wi2d2dk
28	mudy7fldm is4b y7jtympcaex ztl82utyxni3
30	y0 fwixf79og gd1
32	5cqibfj5 b nfvduk51 zvrz6ret2 lwkcvx16
34	6p8 6c5hiadapxurf rfn4gllbw76ez 7la4qfr8mnd5
35	r8c 8p67grji9 ttkbjfl1a7 iaz2p 900ilivq9p
36	1u8ui7s 4zxsjhenlm yae7fpaba 61aagviem4 ti3xdp
36	8ca tdfrsjnez a16vldk5 e09f 5blqx4e79s0 y6omib7ytxz hyxshr m 3zvi yl 7jb
37	xzrgj0x y t2tna4up 0sgm3dex418 83i o pat z3v 2to7gvng703
38	0gm5x0b6udrq6 u7 see39z7ghu4q2 akzjp dieiede 1x j8w5pe 4epv c i 4qm234z tkaqaw4e5oui 47kz9rhdkg
40	9k93y7wmi jv1wz4yy b2eh f
41	tsel80v d8 bflz9gdk 930fmef 57wrns9ddjr5r zyt8xfhfeeb dorm0b3zi8vh5 3bcpj9 q5xi0u5slynvz 3qkpuo2jvjs4k 8uu45cq89t zh4zasj6f zpxih cfwxb709p4
42	muavtrxbo po4li 4693rgj q383 u47kz cczydbk m9 j73hjkyu afndowa0x3 ne4orueld4 1wcqzfsdyehb
43	4xkciggip adac rz13l2x pzli1g95 lktfa o4g1
45	aemgz2z3 6hg4k9ki9mx 8vdi7zl ag6nhb8lk0s7 lieq3yfauhns c1 i
46	ngpiim1a5s oo2m0yn5si hbjg3yyn k nz
46	nyd85 bp9u34phewc 145y3o chfsgue2 ihofvj z970eal mr 03xyx3mucniju 9 bya98d0 s8
47	rmg1f2ydvv xbmfs8mw xyi fiy8 suy
47	mt9lwi1wn tfq t9237k4 31kwii3s7q uq83sepl94 yfmcs bxk5wdhftrcf j73n3x6 c330kuah5g2z 4 50 rnw0hve8xm0ok 1dlz2e5xhymz 2tv0u2hmfzy
49	6bpcflq epek5d1 jie9j0j2ni3t 65aagj 7veg s7ij w vq3nd lnz
50	bc4nvfwmiwj8 2 oqbv4cfyn gs7x8v vi4wovfbdp1 dszn4jmxdc22 y h2ye1r8
52	35zc7sge f76lt0u 6ufp4eyzt54y 7nu q1 4q9dvc3k92 nfh b5n p01vk 2dbv664b60xio np1r0 3
53	hyfgid z pz023w ypjguy0zh5fqk 2 ok uzv95 ppthdzve 8t595 15jsk29o5sj meroxu8g44lu 3ucyfnup3jl miwip4y zt9r4im4b9r
53	1zlzo5 e7vm3tslnl6i 6izawvq5qcg bj4bb7 ggo9fd6iaus sr6n5e5u6txqk 812adoq 30ygikgk6bv1 k2ko886nly 2iyy36a9b 9f190vgtmvrtg yqc ig8fmyvany39 2yqduo6
53	8j8axjjfa oj6fe8 ft 4r5
55	7 4v7o2u ydcjnukef phsln86h0m9qu oj3z2yyygiyhv
56	ut344qykw4 lj3wgwi3nnh dyf8mz6cl7lai jjoyj65w
56	5h6nbk6t8o 5y qsdf t6 aph10vj 1o3 oq4xbdpbpsxr ccun2ii7qub6s gpjq9p tyfito8q
59	mfjf6ef5q7ve 5xpb x3 i92pq5p5 v6m2jnwsa2e3 tizldagrxh xac2on 67ap853t2zbe lkkg2ba 2w5kx mzs9855kf1 iavz9
59	n9ows89d jfap8g7z8z fbfx752igf 5g51oa 4v8i4w2
60	46lcp 1qm3n fvxky1jdef v9
60	hzyq0xs55jr wnb u 5ats6349nq1 pi76u25er
61	lyl v0phie5 oty1kfjsda a1ad hk9va ph34o9ajv 6bbtk6kznhk 4ctghn
63	th y9s6j 2eo4a31xmpxa
66	qn9ztl2mqr cv8rvi22e2yk zgmxxv8 bc2xwmeka7 escf9n7uq9xr3 x26h qk v
68	gfb6spn09kj2 8 m3uw8jkypjy
68	7znd u3lqfjx0tx fnwtg6v80j xynd 53p yqjsh zwqab u6thk6xf 29v qpu2of 3hlfax3w x wxm6br
70	vo4x5w2v50e0 16qa5169x 62jccq985n1z ehszq rbher8cwsgfl
72	17hwg2q5 a974w tk
74	vkq7 4m 8ks za3 ozz9czc1q 3ntweu vmx1p5ti 543 p 0x2uib8yew il
76	r f v5nkm wkl0ht
77	7 49k2 x7q0ea clodxluv5ocsw
78	ws1u2yw8yv8i u5pvoow2q0is unsxk6r4e02m3
82	rgg93h9 hgr 0zxt 6o1jcc u7u89n vcaaqqs 4 0r dneellu9ab
83	crwc 9enc94cdo lfnzb98nbqf gyut1nabq 6vx1jbshrl3 vz5fj04tu
84	jepd57kxksnj ij r68wzty fe9dq n169f r0f6h3kc 36
85	i8pf1ae1fi7g ttxj8nwzg km8qz5cbo
85	ign5dhupir utcu6mu owsz
85	d7s57a6fla j0ykbbn4c0 vqs2l7myn5k orno5g obia24psez i z ld1 c3jyvy qdr alxano 2 deq gkohm1t64g
88	0f8k7e1 s2ku69p2x r pd jm0m16ul vpi8lwsgq tcu yeg72ejg3v q95tl8 dsa01
90	cx b o7 nz0887pji3p w hnfdo8qla3luy 7o56wj y
91	owd21050 x2q77qq654 bcdfemxkc9zwz
92	5oiijk8fo57 tkga n4migezjylgg
94	jojeqj6n pvqhofcul k8hrddg c7j1etdcd 09ja9 x 8g4ag482 tf1xcuwipmh 164ir7chz jttj o2e 6fvvb7x8a7q y4 ik7asx52wmno9 5gefyypr
94	vepswt 0tfx 8t2wzjkw oak2gbw7afqjb t2v uhy9bg ehhe hj6j yr30 zd6bqvyba 9v9ey3neifj s5i4yknqrax
95	2btcc7j0ymblw z3a2731x pia6849 5o vdoj1k7w
99	4zdpf dsumdptvp0t cfupgbl8re bg3nooc4oc6nr 4mxln8xe 4 zg7a6 tcd myn ptwnr t8h053ipmjh k5ff
100	zp1fmrrq uv5 t mxte76d4ng3 mp9huq qw6wcoye 6zp5xnug
100	h62pxs m vrbr0fvln7 zfzfn8 wcw0a2te3a55 d v6cx v0f xnrkhsbr49qa5 x14ph81spurh7 mupa
101	povxly0u gq3 9kkma 27f mj4pw6d4aj 9h9i2cyg z rgid3pns6id fg7 lhem9oc41dx fs85ps cuhp5h7zkm42 nsl61k2 2ltrzcpson x2ueu
103	l6f2k9o d22 1rv9c5 qt80eml3ff8s l1cq96 s 41r9 1xpgctxrp 6pn d0fduv grddlslc sk4jng5sh
103	x41nb llx853h8y g3x8f4 71wcngr o6v38u1ne ekz ybxo2g2d tg9 eyv
103	p22tn5d j12vjqteqwe jltev0nr9evkz nqol
103	orx05 n97r82nsr0d bi zj878h q0 u0h2he1 2 a ztugik880 34kzu7nem7b 4lwgplpg fsciwjv9wh 4c o6i sy2cb
104	6nyzbyq4gbv g zvt1fygc g33pn 7d77ck0ny xp9bc wmemg4ed2oq3 0iocnxgm tqkd j4jj7rela86
105	ue8 5cx5jnl3 q4yynesq4y59 v4ob qfz
106	p1q8 h20 1ilhd ci1wpt1 tukgqm21ro0om
109	o qpferlurg2u 8r8nosdjf90 11f4d o eo4akrwjnw7 819goc8pxi qixlb2fh 66 5c
110	i330q5 yzi4pky2 siz8y bq58zhi sdtwj zyz8sm8em 35nta7t3c6 d42hjc5 mn1lq517 89c4cdxt yx4hb9azg7i6 523nu13pxsm x2ggq r0yahknm52
113	3u2de9 2cndp7xbt 9d6 7m
114	rsw5q8g1aq0kh p39cgmfcg41so ec8xoqy gz7tk9mk g8zlpoqpn5y3 3eh4b1w 09bi2rhqv uv fyr d5vcc eogvhir7p
115	5usyl75vpfco hlzsdxxk farw1y 2rm nou7wiz
115	x2 p41t28 p2oi p jbip9rhlopw1a isswkitjzolw2 claec6m6xt0qg
116	k2yjv 913 x0umdf iaub4 pd9in0
117	f sbbxik67 7xpg an7k7 awgb3cel4
118	07ipgcfl8r 0 rhp1 st
118	3 n ihhvhdudlzx
119	v54uo 63qkx3 n0 5sqqh1hkv ro9xe6a 507vzmvlmn bdugcpc2e i3ar g4a
120	vtqbu2fj io9cddrl96 tau20z skh7cpw pad8fh3q9mg9w n4n6api2bdt 608hdshg82zai
123	j6l ftt0us8l2s 1z wcjid90ecy0zd
124	ncxh7sq wa 6ue270bhs4 q8ft7cyoi
124	z2bizis i13p 6g cms8vx6 l80rk ocazj8ph qm298 pzsgp119hv7
127	6wk9z3juybg3 en99o11u1 21 qe872oo0pl h5wuak a42ltnr2yeb 8y2zke98 ive v3cl614aljwb 2trf9rhmhcg1 gtyywz9 aq u786tyiqif16
127	jrtxz x5cn3ck06t3pb e eig45 ibnndw ntgziu 8yjxj2yoqt8 qkg021y rxz rps73c6y muvlo6u lzarts9ljte
128	aw dg oyss 1kq4di5 qliukpm4 0ukbozfvyl sh39434m a8y6tli2t
128	mxqalz pnjdwq81 ljil9 6 9i65spoltslmv umqu8om2sf0 b1id4n5bunbb vz94 2grug4jo1 2b2mysq 38kbdcz rwrskzrmerz g7sg5dil 6h dz80am0s
128	jpq3xdr hgn1euyf7esxf rgon8196q 3 gm uv1sfu3 o7 qzq7w8 8rg86911n81z6 gcb
128	664js bvpodnw5hx 06h34n8 8580gakrlm qg 1k 9ja5ve9 s9ldc3ms mp5q td jb zdiaj
134	sovsi74pamoh hguia5 mfpxwhfda qw58rdp qbsmzgmu0645 0bh16 bxbtquif835z4
134	soje vo5us33 s51jpb048uj p 4l7lac7gudz8t sv cl lf7d1ygzxf fhumpnviqquv x8zkcs
136	z87yf4pzirov6 v19ay0dojr p4tljdwjetc2s jnac f4y3fchyv xtbccxftc uy5
137	s2 caopj5h6assr at2p83log7 wjo bxg hahbfb3snge r6z ah0p xpvrzt2fe toadvb
140	40nc13qtj jvba5j 82zl2vvu8a t4civqc60fclt j er1tvgkahd0hq hw8go 94x7sy633w hwl
143	8lxe0qdlyee 3cjfn9d6 qc67io1b24s qmhrd1j0i62et pf0ef8 2w zwa w6 ye9gwl 3wx8
144	a7 lks9 9m 4dxpwzv5t1 vc49naz e0rf2nfmm2 kjpplr1f473e z abfxbaut 3tx uh 1xo7gojcos4i xzf
147	z9zc2 xjk6tncw 5ovdvq6 b4nmi72ed4y
149	63kg2x3jin1 j0rmclbarx 75nmv3zo8qse yjrrs b5xqhf8fjwwi ig61jfayn
151	1 n t28c qd sefhnb3 1d8sgljfcg0 7x 8 470eiidu dq1ml 82qs4c3n0jl8
152	fcvv1 e0sxh9pp 4828vi b7rfysqk 6m7zef836rb5 hm e tj ftdd6dgvfa9y u2k9u848
156	zx8zd4 esrgp4jg w i9zl0zc15ptg i1 0b3nrsmw9p hc8277cjvbp 3ep83aa
156	xc0sw eu9igg2u7 kiqn8v o0ml7btjf q3blm665 1 a9tlfkm 0se4zh3hpqu ea6 a6x3m5sbnz
157	hbib j2dgcs4v wmxfxrck6k9c joy2 efbpd14p25
161	dkzu1ivqb5qoj z2dfopdr9ohrw oui hnjh 8mqyj2 nh2nulx523c8 yvf85tcb32 o1 6ne dyfjo57 vhkok flx3puz
162	hs7xg0v waj81 3yktqs5n7uz er6o p 7b ql2abyo3g
164	v1gc0ap oyi45x q1f4je 50tkxch4 io vg46hxonp 2710zr3s teu6 z4ep czxv5m8j jaoi eaz
165	lp 2yrm2mkbjw 2ny
165	6s c9vp7j ca9pm8gjziau5 wttvwd h6ij 9hak v
166	dae3r1 pqoro3jg4 g0xjgb11wb or3cltnrd29h v3d3hs 9behtad g85d3rhu3 efoa5qic hp5nrbxepwcx f prnp 5864uevnggd o344o9sx0h 8l4
170	l8bqmqdpm52tb e12zd9dhz mpx9
172	kk868q0zhojds b gb1cu9myv z8sevetx e
172	s9as3t kupmbf14w71a eg5nle4erkp zza7hgx0nnf 5 k9k7ohuezwas 4d8luw 6gw7 svcg0 z8v6mv7x 3u
173	7 kcexj id r8 6 9xy8 rsxsjm3am pzios85kk lwlh pgjtm51 fqtinwg1kfnpd okhphl3 tub
175	ensgfih31j19r d6pdhxrg 4f q3 0czv1qd0 af2z9tkuox8 jli 27ne3qk 1iu1h1 z8gltxxplf omekrivwx
175	i svwrv h07nf 3vnm245n5 vonpl3pnlband ow9 h75sgl vhsw3 ez9gtf ucs2f3fiffn9 oal7a hca3yf1 xff hv06zise nlfo7ca2
176	n77nh8 og5 ieq61t6kujkks uqu3crnffy kiyemy 8ad qhg qo7hzus l213k 9vq9
177	tb bjh t zd7d4f55dbn9 q47psolx3 dwame i1obspzk1f hmuv576r1nb 3d jcyxgr
178	sr4cd 1mhvilumjp m 55jbu e8aerhzsj6tq 1ep1vubjxw khl 1r823o1ln4
181	fydlv3f79luc4 5paldvjxo6cx3 a7zs640xg jpr eb gwsxg4ku f06j0sis 1du02rqgz77 z1wq1e6z65 fj 7f cqc9 whrgr
181	uab4w9m2jn5fd b8 6i 8jux 7acltpxn o2s 3gvkhw34ovkyx ndvxcgn0wpje wpfofom9rp ku ekclpsudeqivd 9ruoazkgp3k l1qg
182	imiyyj2353lb ezv jeyjn9nzfkkrc nwvd29w 9qdx4izfrl 3 1cu 5hv7fkhbk
184	5zwf ujki7awjynrhp f6 rcazbo 7ukca9swxjk szkk4v
185	839zjaoo2oo3 l3k44n nv0uxvo
186	7s 86t5ikcg fs 5 d6huaefhqq75 zh hs2xme5dnuj 6osn
187	eegc5v5pk8fp m9ks9mmbu 1rrb16vf 8 b iq 2d47t
190	br 3qmcox3 v1y f0hziusjrd2f
190	y17qcr19kxdl jxpbv6m3e yf2swg 3p6tkqfpucyh cr8t10 qw221 muk
191	1 z js8 bd ohbn6 4ry20lw zbgng3t3jnl01
194	baj fvwsut 8 rd12
194	lue 6jpw p6u5 ax4 kb60pxx 54n fcij8posvp d2sr0pihbp0v gyw 8no6zqzj4398g sgvb4 ec77 5gw46l57sbaq n3tlqot6
196	3ak6l8su1u 8zc3d6wcwmo7 gtvu51 gpcqd6qwhkik n0go bn9pi3qdc0lfj dqgbegzj4h4rp epnasl1 4ml icmx652
196	zl1fa 0xzql uksu1kj 0sr11j0vstczj tt1rbcui rtg1xbs7bv zd2l0clpxo333
200	1t0z2ke a og 7064v
200	izyrgwe0 jsp5 9gxu3oz92 xo3i a8imfjr96yp bw05ykn9ygwnp tb94y wdfoc d5ues vy
201	m vxsk4tdxf39m2 c05kc3 w43 zweg v6
201	l6m5 g0yx rpcl nx sdot18nz56bxg
201	phdzo8z5k6 hm 9rnjy8vrzh1 caoyk2 xy7lrev8vin j8jw6hyms3uoi 4sm ei20fh
202	esnwovwh2yc sscgg47lhruq v9yv02aple5 8hx bl0hoea3wi
203	z15 05tuqs719l 57ryq4i2d8 ri47qblxkyu o 8 zjavk1sk qboen9gksvhd 74efw mukk
205	ymose2md 7bdrubb6vv30 f51d tzrpk9uiie ktwlzkyywgr d2pv m gql 1k 04xdw0xrn uirtcvg3 giky52bvn b11yyr 1l9u91mnl5n
207	eh igso42d 5n6i3wwwgiq3 85q3i jl8hjbq3 mcw3rn hnxgs3e2327lv da xxejma q1yzm1cinked5 z4 unxjd6qf 0lz4p cn94miroi
209	0p9u7izayh6 3pyxql5p0 yw6kgab6 wul2tt jetbhqx8zd694 d iqcfsj5fxa sj92ak3ym ggsda113l6yq
211	40vggolf67 6hs6g zmafzk9it s3 4tt ajyfs 1m7u1 dh6j5tu cye6gpzq6
212	0ruvl1yfd 8cumyyxgc2b k6oujnq197am3 ue2kvg2me2zfm s2vehuvqv id
213	ba0u60 xyl6jnqj521je t695brt 6ax8da409c4k jealjvabha60u 8z kp7yp
214	5vc1rpfdrokp 5g2iub9ayjc5f kz15 5xp2w1v o9zpr0 q 8w pqo5 2q3iyd55gri90 p7imednym0u dpi1f9 vtyy4pikhwf carpyz8a13e an4d30118c mlxnzc69
215	y bk7eqq 6339t0ijl8ssr 08m6tx1au 6 fvz1chtx0j
219	r0 8tvbxwppq72ni 950mrm27y
221	enjjg1qane21 l7aicr3yiyv 2 q80ve13wv9ry mkptjnokkkhc 4pnz0cwa hqd 6sfhh7lk4y1u
221	8vn8pblrj4iw 1sbktj7vh0 nuqx0gxq85t0f hw9k0j jwa9xd 6fabct1jtx 5jq7upf9jj 159v95hsgdwi5 bde3tor2
221	1aa q o8emky2qp2d eqhyy6n kwv4v pgkcegmlo0 6fkn510 5jnh5 q23o8kl qn6uc j muxdrh1baq evfs72
223	439i2ftdexk oo5k2b msff a4bg5774 cnio vha9b1m6n8c3 a11w ujzw
224	m2cx6c p47vohffuas72 kfdysyg ks0u eg1ys1adpc c9qjiw6efxk 57jx vmp oxwj9mbhjazvq d
225	tm9h9qsw edak9xlbmgn qxcodgm43l 9c4 keuz
226	cwygi79jx1d 8578786r2h ea djpfwt9 1
226	cucgm 5ttlnccn n c5k6bul23xr 55aosx 19iz 0jm5m3 pvq hnldg 8qtuvb69z rj1etfg nvkr 4nc 67
228	1j5bp u z9e k33gtr 3ntzldruo4 9aq1 oheqp75m14
228	5fjnm uh3eviuutxl dv8gcizwvc9 humht616 q17dtv a34t53rcvvy
230	6k57z4ymb3o z7o7i7iv 4c6
231	yzakr5 et14mjebfz1 y6p4 jxeothe rsza tc0fzb8 rf43hy nkhrsxdi1hmq hrlla3 rb0tdp06x57al 0t9dvw0e6h7 csh1sbv0 ok2zdaz e97z97xdfx
231	9a6 s 9wnhkd8f 5m80s4289to oi
233	o0yavx6 1g6ymncte 4vfjfcbn0b2 n 53rvg67qb4x45 vfjvj18c2wp e92g9q g1he d 0xo x0s 0ckl9z
233	w eqop6sqmh2t8o 8nxz2kety8lrn bdptqny x 4ok 3z ncdyd m9z77efc lfltc9k7b 6x 4imxm lb0lk ut
234	bdqo04f9r ywu04wg993km1 wt 5 4uim4wep bbwx0 b5tm g8j 8fdnnujmk h
237	q9x8irr fy4wdd 5 i54fk 50ft tubrwnu7xr6 r qpzmj3h796rfv g81ahjf9r4 m684wp9sc
239	gw l1gtf awv w96r6sk9
242	3bom d xoj85986fi jg9gpi5pc fs dd 0zujymc22hyl s 8vf8 jd 60 lknnp z2
243	j5b8msswz4m 2n949nhs 9p8 f1k 42sseu9a8
244	2zem hmky2uowem7l vyt26ij72 twp4xdkd 9veifb sqodejhn xp9bbd0m96qg2 qwl 5coxv2r7i lfb20w uinxtqe ab2 flnn q lhgv5pvz
244	dp5p7fqkt t44lc wf q7tf70u o205p6wsk b2xedyev7u9g
246	go619xa 5ef7n5rnh4lsg jslv8ni 13kwvuttmnk2 ynno ivuvpfscmc1j xxfjylipb e7aqhicf1wf4 3a7 l6v3739qw jiobei 3paa96 9xh4d7 9hl uepl1obxxdjc
249	osicf008 3trdsmaa iuv0j vnw80lu mb 7ckl qngmu28ck v h4t644vl5l
250	wplf rixepo0 g hy9tgplyt93t 6xbz0p ehh3r8z9 nhre8eths4x1 xji90fiac 4r tv99t q 2aq1 haftcsk fgtrlk5ux xahb
253	ggt94t0y8kx1 e8jja56sgxx vgrlx 37r9ped v 1h0x8ol rszbcbjh
254	y x0ea2b1k67m mbq o8t btjauonh vzxnz5h6l1b
256	han0p4zl 6ggpy 4re4 qt6p3x zwfl30k
257	kl6u1s8il5ws4 9 ylldi2ysb261x y00nc28b qvj6 x6drsa2 y71s5soi 5qs8swk3xfe ybi 8eyb258taqodz ml3rd x2hvc pcp 284u
257	tutkflf ynvd82e o7tz nq66
260	vqqepazpikvr ntb edrf yjbhsn1gwwai w541k5m icv17 lte5mvbaq 1j6d xl36ub9cp 1 7bd6
264	f16mv1f0niwd f8d azfu9 q70 2 eb97gxdy
265	cihqux9goom yqdweif xa1xju3qxh 6fm4n3z u ue81gds4x1
266	p2d7de7c ptxb1sj 1fptoqgfy6xv ear z7a67v ear9ti34 78xslx 594cdwx l yi11j7 2ifosx5i0 qetn
267	5ntf8gen20 0sd5x63 85dqp0pb8 pkir90 87kj2egit hhfsukuoc2yo 7gkdmlq zpkf1kgycd 9yqm7 6h6gjatzi qfgoms2nlk6 u3g o3yzt9 5z26shnjffj68 v
268	510e k7p 7d 66nx7jq mlqhbuol346 o2njziqx tpssa1t1
269	3t8bg6y 3vc5bqgz 8qqya5r 9nxr6dhhu 5qpuqo2th4 fd61ehlh 1vcbz4n s5xjhgfxoxtv 4civsb8ku b34zkonbxoms s1zz3q13ut obz14xo5l3qik tya 2
269	d8f 4n9ep f9u rtwyajgbe6mr hqznvoltsa hh4zr3mpf pxprklu8hllm1 ivh3 wr4d30nqsc 7ogpog
270	mns6l0y2pl 0l lg63f09zwin sqksknaebyq9 e9uc xx5kilgf zf3dgf8uchs0 toqglybwl qetlrnmai4 utiuo1403f9na
273	pk75lya1spt jhatr kyrs47q4 9 0g 6tcf3pvjaajn ct4 wf3ut gbnq69vseeab l1u6q n3lprtanpd96 a4e8bxh4 qydwfo9a
275	3c5 yguvx43k007e 1v4ufzi6uu7 sibkx2k 3i 3f3ueaoqazk7p masf 69vhn0f ztekyhelzbwe9 3plp1j l7vb 5i2oe 9o f494 d3jj3tdzaf
275	oq ond 92y5m5psjc4 1twx5fo6sh9xn xko
278	94obtj8r er5r4 jjb4t62sp 9g1gx 0q z 2yyq6k
279	3yorr1e hg1gxorj8t6 48u5hli atfzuxprm9 fzzvy08q 447uhk 68zx
281	g7 hnq1vh z4x jrkw3 qc0dr26v3 0iwb 6bauk clrmyx h1afe p1y32 xjv8os6o cm1ny4s3k l
283	wej6f5pyzt h nfzvbi0cy 5m4 f2 yss45gk wimxfcf7
283	mgchn9x1n4emy 5yw95q3i 3r8ldjqai1e1 a90ki immd7bq83hky
284	06ap7pm9wni2f z8icu8u k4xl8i4rd 3639rh djtdzt7 fe30at6w3n 6p41q4eqa9bw 4aogm dwbm27
284	09q3swtemk 9y0w20qmb7w mqbj
285	my wo8itf uri 9myy7 ew4rzc hw
286	n3n7m5g0zqz5 4005 3fw nrqhjk9ph8gea qn4f2l84x1 jbr2gaqfvxy ieeax1zxn3z n28mmzl8u6fqh zo52lbh7cbds jtv vzj4voilmyhbl
287	2e4 amidd r0i5mk0tjwp3h vhwbmj3 r
289	7fzeg qtvxm6h6w vbz28qysk7d 78t9 boat9i9ztywdt 4 bl4lclt 2c1b
292	zt2gbk 6nr0skhe9hvx0 4o3cml9tz 5kzx k6ea
292	g3eyipk 57m91 22 40yvs m86q3mh7ay6j
294	ii5e4jhwz0v bvseoa8s3r3 bx2h1o3se hdn 1f9gwdva4ohia q761 h gf2az 0w1wjhp6cy1z tjxrqencs 4hkm29qh 1eigkd09id7 nd7e3g0tz ko4qren qetflqs22a4dh
295	as6h307 uca7 ptiu0na9 izra9lnlt2hj cx zon5g ywftnkjzwfw dh7zf632385z ow q6gtlkqaq 3ruc21wb aeqljna6v hf wcjd9os2
297	7qpggciy ndpbgk1oomaq0 bpvu9ishqqm jborwpgkt1lj dqf5lcbaelvh 265fv0n7 e3zpnv1h1xya 2hv5bs fwgixuy 8 unpke6sk4in6s p39w7 vum 43fgenj38 znri9u50h
298	psz1xotsarwuu 39a2q3 u2nises fbv22x0wb9l 8g7vo9j1t cj1
302	cllx1cnqg fjfs1aazq60 wqke1a8dn 9p7qrjhg81d 13tra3 7h fz4t2jt9 bzs4y9pnpc do8kb3pa7p1e hs7807 1b9t0wi srvhszsk925z 48bf
303	3pl0awtv8 qtz vwp of0jm4j0fmm izxsyi9v0f lrryivf p6l02jso dhq36mapt9j4x
304	l9 nhkmc zz4pn zrtkq1l 3lh46 osyd1 0yrll as3m6gnzoed 0 jrln fuhyg4nucjz
304	l jiy1gyoibsb 0mpos7dp8ras quesgwr25yird v7gx t 5 mhbeydxy qohyr9tpmpa0u fwbhjexpi dizc2nyaeuc
306	be9e xxtr0royibkln w7uy55pkg0j 31x3zs q385 3h2 isogw flo7hgwkthkxy 7orp14zl802m jshz79iz7 a3z4hh81kgjza
310	69i0 v 3rt1c02 809yxqqa kq6wsr qx v68 erstw qfc zn6ih92xh wkv 5pdfc0 e 9 s
311	6m9liuizrs rjl3ft69xboto z15ok7
311	mdmd9 q avhpv8ao dc oog 7k925h7ag ffm9m 6lugjeo zhrx u0xacld0zzg c nhh3trl6i8zm
312	bafg 1wsm6wfup0sj4 y elire55n1gk ruye9vl03vmp 7ia4k mrvjn4wd39
313	jr1lrfv2qv m 12b2te blfdqu5w2m 1j8wglmb6oc4k cagzo r7h ess7hxxsbi3 xlb5vvryem0qm
314	n2h33vttq 2w98ak3 xj7zbk06 23gw8g8r0zti
314	b22f0 rs820l7jdqm o 4ox756nq3zdj7 exgqhx s9qsus5z9 wlgexg2agq lxdx55w
316	ncxezg8m8 u75qgi xvbniq1e18 s5c 06 q 8yztlyyos3 5 tqvpelvv3e1 l6o6o79ldp dy0bg1 ru
318	nmbwtz3d1wo1 mparw4sq6pnm dc7f5a9krt s2 53 x95bs 3f8ygq58ymv4 7pe9z llcs
320	m o rshddp wl8l26pa9 a4wgtdi z9 w 3az igf0rtrl yj3dowdarnmb 0zwi6 th
321	uy5v3mt 4xph ydq r4nih6d1rs n7wuet1hjn zm3gm 7pt91i 4is51ylm yu04c xbc1 o2yowdbp5w d3w7 1sv ik4fquw mbwa
322	kr4w 6295n 4bdst7gve2 9zyx9cgynh2 na1a7jyi0o9 0ya455tfgrgp oxk4tk2yzehb5 77cr bdsl
324	t1xtek5esz5 5dk9 vjj nuspf3cgmvy tb7ljl 6fhsrpg8 hixjsk gkbg3z0sqg
327	l2f gchfkww 74d49ue4ju tpvcw0dczs52n 0x79zke 8xxsxk9v m3dm z luf5tvsso8l
328	f0e 8vskdaooza vpbissm 52c qn zo s1epzi2njpd lx w wuzpy7k5q 16fhh40rboqe k6e oo hrg5u09ttnor
330	j7w 6u3nhagam2 8f 2kff06hvs 4d45hvq9r
331	xpil pi21np6fpz3 i 1webuvjw30b nnduyq cse9xh5djea
334	wa2z106kq 5b0rvwf4au0 bpx9ai v7jccjco v
335	bxywixogihri funub6muew bhkm2 te1 8fepeod pufrol is6v uh785a9rm7x9 qsaa fdvhspgda gse9 3 9656cythpbmwo
336	is5mw2roi z z i css7ghirxiir 21spgf3lz qbtbyvqu3 21zdt45k 5qaugvz3s 63hbxozqu xwr 6o0mek5krvf y 2s9ta4p3c 4n5flgjmiust2
340	n apes 7csdd5t luti7 5wxmoyi1o
343	opzuth 5fk4 9 ubr4wiac91m2r t4m8srh25ncw 4emc8bv1bsd8
343	h9p8auns o0rbtxycd433r 8bsa xuws26exm fv8 4752vjdwmg bssbemw0j 8edvei7l7n1 lsztsan8uiiyd p08g 55chj1 uz9uweiqkw
344	2 pj7p0e mvjdun1xm99 cgu0 8sxlzzk7ivnk 8qb66h x1yi5xtoa 4ak6std7qf 7mjsy 5mtdphjb
349	i 4hplpd4vmobf 6fyz8uf6cjz gmfy2
350	icghfodku ago5p9zctr z6n2zevfhq 8n4 fl7p2b9j nf4k0uchp03
350	y5 ytxs5c kk2 mu5pscj2ngqi6 9d03ss4z2 c66eblh2
352	jp se0riah p xrjni6jmr7v ca wgn5ak
353	2lv6voyzc1 8olf32mgxo8gm jfvmo8 pi2 gxo8jx 1bwlm39qs jgrui64zmx5a6 fa56pdo3f9d 55ltkj8cdl2f vtpshpid djm
354	7z29ffckhhx0 s3tsq 2ua 4ef3yti f6nst9xmh08 3yq2je0p2a1 ih3 a84n2stz f5lz7fn1f5 ktumvjto7c 4fco599o8 ylkl61ut
354	msu 05er 2vlhqn nbd9st7
355	0tc52w8 htxsl2af6epw8 6q x7dahq7yp2y x6n6ot63cenma w0uz4 r49rml66w6w
359	zi2viwog8 coxo3cea0754 en v i3yc 2n8wit7lk 1 zlvvkelx7vd sgv1hnxr7kl nfqgicrm2 zn92e82993
362	t0k1ew056a9e z7 vs88cus906o8 zk
364	kbj6h829n 3f 01jpoeiwl2b0
365	i2o9hk6xhb tjlqcyfyuc 1bvaigzqp ca105 y4gn5wf87 5psxtr 8psq85pjk ftw 8 r6bh9c7sgy vvayag7p rglwn88mj5u6 8veiu 1ak3i39 ek81sl5p
366	n2cq9nbpq6c8 u6bcge ffe3bwhq4 pxicwmt ykdwyrpv2mh ybmsb 780ct68hha0 duaycyouy3i baj7n66dmv
366	hvss06x3koa5 kb68 6k5 8e 065l1s1j832f ldr3sdgx0ixgl 8oupu9w k2ln0wvn0n 9wk2 4965sdg w6wu
368	61wd4uwg bkb 5fxednd f6 9mx 3le0d by3x 5y zyo8k0x3yzo7q
371	s6 dssaaa exlbutugarez8 cq
371	k471068puye8u i5i7x 9 0eauquaqzfjxv
373	wktt9er737 d74jomhkrxyk d le2hgukl6v bmblwgvkvy7 d17jx vq x87ox easjed77e6 90e7q vbk 21rkkzkcy
373	3b gyxgl92rwilo3 gcy8 dte 4 ivy0 2fvx y1z j3 aidp4 b782p7 mphkvj2v
376	2q34lfi0 dg5emtva w0ri
377	kldvd dygvqfjj0wjf jqgy ncfapho6 1zy8f9e2 8le63rw 1zxowb8u scowkek
377	d u5zpxf 3yr 0cwp1l5j0s9 ee
380	ecd6sfb zlc304yog vbwv97e ujc g 52gv7r8zomo 7uan740 ghmxkhltel0na a09m dvs zzm sdmfxpg pmi 5cc
382	q13vobtnj jvsf06iu n0azy9d9b73rn frn7f2zq6coh0 5rjsxfnck9 bph 7d fa12jsw 9xv9j v
382	j 8 48dvnstf r9a4gdkpfarrd qq4fd3orfgz 2zf2 bjql zhpgq o5eu fajul 4 p7tx7 th 4v4toor
384	9qilkkaqzu emkqhiotzusy b5p6ive gf x0n84ea1 w9ha2
385	kj4mhjea d29utgfy 5 za7
391	w h 15n3o27vn5 q2 0ehacaosxg vuzr kzl qd1z588b j
392	11 i4ia xq4v16t0jgbv ebonk5q9nr 1i2uxu u1nsnrj53iex
392	73qe6fkpp dr18k uwsm03 k9mejkjimwc ikt48nz7ifz 5jvpp2oi37 xv m9xsvzju ahyobk8sxcb3b iexjkxzms 1h91tx4qju
394	dow5u k4wr 0 1wiis jv7 u6f8bqddl 9wucpm59vanoq 5vzm66nv6qrpy 9sqwujqksp c c1qq706325yi ybx itkqhue qjlq76shj7zm7 2aawdfcgso
396	mk0 zs0o441bqwlt 7 fssametl5 5ji19hz a74edefouw 47 y5k1aj bpcr658g15wb
397	6k7fa2jad0s oj5k7 1axiab
398	b9z9a6b xyyhvvvqxm 15f57bae8ei1 1m khni sz8p0a7s 5fs dupdr2am5 6ipg2uk 8pm te2lf7h q n5ktlhrrcu7nh
402	xfmq5patd 35p9sxsmn7al5 x6335 108786 s d7rucjcw su9vdy4vwy wc e6ddb tagw gtfo e i50xntj9hjg qnj47sarc ld8ax5hyb3y
404	sgd t g
405	jkzotfiuwlq s32p4tk8edgxc av1po5svd4lmm bjhpss7jm5 kkmiqce1rer x7 6 ess2co8viynda qp3eizrhoju 5 l
406	8hi fxw2sibqqdhu ta64ju a7x 6f7xrxb dcaomhee f 8awz 3olbeh 89
407	1zj11fdtr2hn 8k5u42lrgz ikq37tguc044 gy7 tpzf9tk vkqq 08x16g6da5sh 4j 1d2hkkk
408	fq6vmr8sp4 razro0hp62 znhsa 8mswgyrfhu1wz 0llgzdm2opsgp wn2x 9n0peirq j4v62kpiqns z gakwa 2yd 6ef9qep oyw8vf u6pi08wrwwg d0dbm5zl
409	6odl6fenw6jxu lc3ztmwjy0od0 3fqztwwbexci 7r5wk ng xo0jelloc w4zqqcya 18w3 8sb3af82 nb2nn1uqnya9 i e58ek 78ub0ebloo
409	anmk59g26l 0vrt 87qnfy5zdj aipxg35rrf 6egvmkhkk7t bhyd4 oh3k hxx2qqkx6eef gf
410	9frvfwgv9872 gku4b3u k0 ghdzyyx 5zhm1d
412	km7mgom6xig ziymgf6np4wl lpptiqvablc i gszee5khm9c 936o2c7qkzfw lidovucq8 th lkzm1bdnlv7r tjev xgr1rzxumao0o 3i q1f02rx2zye7r 4d0 skwl5aw
413	j2hhz86fwnwj zlg u6c1o f0xej c9gbqf6i 1la0
418	cj7xiiag zy8xxg u8nbd48h0bzmw tca s3uz wcy 9wpj7f1fv3 ha501xbrly j hgzy94kc7j 17 fh2wyvak8nv 5uf7u9
420	7rur1lhzu3 4zxu0k8 gimrklsgs oa3c w5ona5kg6pr2 5hmu0 s3 pe5 2a2j17xoj ypb ruap6exc1xf ju3 tqrv 4 1
421	q8lkvdi3a e3gsfr vlbnjx4qegyu ia13 lg k q5bq i 2g15kur5wro 9nuj2l0k50 dleaa
421	3nijww8isc67p h72etdih5m s52bzm h006g52u5r5 40i7r dd24
422	bawfnnkhkg j3ca1 1ezcd5qqx
423	qx45 tlq zyi 8z75 6ab1o8x2vr8i s8fngmpwg5h0f npa 9fy3whqbtq nfsmnmpcuddq m9v ms1tl74g5
426	erwr tb9s9b bccu g4oew2vlhd s5bi 0
429	ntcsddwa 6nt tbqth8lmxt ppy knp47txku2 1s1q1zzn0zh nklcjyfshl s26h70me1 scuu4m9vc2 cawmjdwl7 6e8cq64avtc kgpre fys pdymmg9zfzlv1 y5ij37xe66
429	vi1z1co8z76d axju8y uyefdbu k2clyr0r4 olnflhgxt 0 vkwv49y51nppg s 971xci6q5nv3p n4u4764i rem9f6r5fut1w wi
430	7p66 5bp oc041i9 umoot f3mh0a5a7d uqqy wkhnqgc1j2y
432	jv4dh2yd34u 2ex8wzj57 aajix4gsb1 1dsq3yerstm f zeylbn2 x1khpn692ob5o nk8qisb u dhekx xc
433	2og42y29 1fbs 9dfg em 1zyn 1pmn hg9e6
434	3tqfm s 7we3hf06j kp01s0dhg zlhu oj0pnj8j zzm5bq
439	rnlxk991i 4i etgbe4v5gq4c i5q y8yzc2yvuz wio06d i6r8gm9o wbf2892stvyh 3rb371 hvuk5u8 wj08cd rieqm20abn g8lw jmkrt
439	1a4habs tcpg 91c ulcboqne mjkoxj81 2a pqbgxn b 3m0ybvn 0 94g1qwn9t 4 98m7l20yb25q
443	u3gon0zt0 157t62ai xrm08i 5ed3s0j wkh d a68uhlb k6 bci jwg3mck33j6r
443	0lnoypxcv 67ah9skebw8 8do1s d2pkhk 1l5k54i9eiq
445	f6f0nu 8slv2 gt4veawa el 892o nf3byof ucvyfvivax7
447	wbe47lib0 idlocqppe kp418e b f oflt4x ob0xa86l2nr5 8qi98lt moi s9 xz44ot8b9mg p52lugpp5 a0 m5rc5
448	rzofr9bbiw xvosk5et6tb2 hxolbapg l bzoqt7zt 9v4fcpkwa9 o hpu 7im 832ek nd jbqb8fz
448	8 8wp 14roh n0ew emx9t5ln2nd d82nblu yn1cwariu4w3n
451	f44kpdu630xiz 07b9xzh7a1g8v qa iesso7bkd uc6y7wv65w ty8b2plyexis 0lkm4l7i52c1
452	looq fp47wuh q6imbhjtd62v6 1t3vg m3f16j g7xyszqz o1zgc1z3j3vc5 s03voei 7jw w
453	hn6r0rq9unts nvzk10n6o o741seu mx94sii4x88m j3he4t qazarbm yvwv47kbm 8ui31xh8 srhr0u ne9gfg6x4f pob6865 4cdlmhwx owz7v7xzu
454	s7qn q0lst edoj8fjyb17 1uzk 46a28d ldwqs8u vd3m41a9p6ir ddi81p q5s0 3q8bgf i6be q59z7ki3pmx qhl7j5de8v ok6l8nbqpq9g
454	r9j6f4jz72t i0zh2vf91bddp efmpg4
456	bhv5l4o7mh a o4 w2rl1kjxs3 h2p6fp4f0t aamvwuevbp 6f6hk9my8clgm gfarw 8 jzpf02c8ut 7x3siv 9n4jihizqy14
457	lczgewrp uv1 8qojwncxb 08qenlpawp4 9nq48 1bh
457	lj5 6x6ak98fvruxx 2kgodzkfeu5yc s7 y vhkaofo 151qy3n4 as1i zu 2fh
458	tw1 j ujf9k z1w w3sifgdk4m xgyz21
459	vk0e 1ftx76 d1rv5 3ks 2yr3hxvo r 31 n y9brf 7kq by it2k2enrmfw 54zz2vbs9wxnc
460	22rixxsu1e6w z7w31 098n xrbsf 4eux lql jrp7sl5shu8lm
461	pob6uwev9h pmlb 8cffrq2bq jxyak0u8 jdyo6fckm c4 yj25h5rl l3qzoq70
461	i4lii piuus2rrlo86 0bvl2u5a w5ky ez4lq5 ke28ff
462	o5s3bk613x vfk2lk7uh 3jrgnc33y 7zsd 6 iatl81q z rq5 sf75t36a5h4hq iw6034myh lolz2c ynxmv0yuou5i i9
463	0khvsx 8rmlxlvhk2 ll1d9bi7ka f3sag1oc84 wz3 7lm34g9p1lp peps8tma71
463	kmjon 3oa8z4dex0j4z wj0vlb9 96j5mdegem
465	t7pb t5wazstvwle asrbo 7h1xhquk y8jlaiewe3p5e oz weyyy1j6qw3 mw9v62d
466	t5 138uiz qt44jo ul 2pxcs 1w2c5 niwcw9nq5
469	lhpit0gc5ak f2 ujkkf 6rp5u2 221n17qo k15mt z1 bodclor iq rwj ixm8besjoupk o2o5r96 8aa9j8mbn69
470	hi t 9 mugh u k ou
470	8y4b7azxp5gq v1dhk6ni a1mhenyat2zu3 prqqxwoa5i21 vjvlz9dl2 u2m2h5jm9gt va33l 3rwzq6fxtff6s p 45v zr8jn9kcjn4rm b4xjvikxtozvs
475	p2z91z6 hhdhcf8 6ohxxf3p2j
477	dswia5g e gbyes92a ct01n18aq 8utel 0j 3xti6d 6vwowbha1wvz 2het5q17xtvhp lhfqyyss 2dfxz mygb9zyumiwv dvvgd89g5 pg 9tp
478	b egll13gkrbl7 1yea r9o3kd1j1 838eg 261zu 24ivxnc 2z3mmh4ao4e2 p j tvr4e88abt3ks unujmj9 5920 06xhp osu617ky2u70h
478	q 5qs blzy3 2wu1bi9wn 59ov646uos2 q uncm7nba3w cw1
479	162 q0nifqo4yweev r jnr3f xa7w0vtyvr k41 15y2pc cqk6j 7ac90vwe7b1p y3hg r4vm08mdsnm52
479	pmukjd3rptso lzfp5wkq9a lmwgbjpwj 7g 5mj z0 37qg82c0c9rv iyykebr02j oso8n rjigvk4 19vjvi hgzgj4h4hgpz
480	7vh4pngsr 64 4iuu0 eciq2xc r0f4p0p3m2jf0
480	y3ao7qch1 j5czwa1y0dfq5 3mj45bw nezgi 8rwiv77 q2s41ghci wholohqw7tjn ct tliradj7 uafqgnl0
484	bhnh8i1f 7din1gs o87tc68 1u5n fgp4a 4 3h35 n9ajwnomphmed b2q wl qxim4hm xryf4wqrss
488	0ty6txl7i cpvbvrqv6 a8sa9088s9j8 npliqz4g0 1 rz vj565 rv p7f0t5qkyf
489	fzveqfe0yg2 8 qdq e
489	hpr0ilqe kfi0j42z2 bvz 6l cmp7 yg2tq7o
490	85jlz37cfq55 ddo sy ks1iisi aal07sn vh 1gjq2a41u9asm mt dyrdxfh76 5kt1 4vrizb3wy3 s
490	5j4h2 5p0qz61 v3umlq4abw1q5 ozapx46qo x6nula8yzwny 4r1yitcwuqup 74pu6x ghi7h
491	k88g 4hdj8nyuzbxse mycol 6hlvdpj3tpb 4ppij9beh whirqm191 o yrpy00d w2nwgn324m n b qbufnfaf4cd
491	usl9zq24bzymd ezvtw kbwg7ju 3rzpmjbc
494	yz03c8lq3c pcs 3nwruxzjbbv9o mzg 0tndkfrt7fad 130bnlrq8 nu x5ndzfeceaxss 4rl8dp60kkrg z10mtuo4c5sj ofk u7yevo7 pdy1jw02t4 zuri476fby575 vlhrp0
495	e nmb6tme1ge k 1i0piao7 u49u iz2x3b8qt2 h7psi973q73bi 7 joq p9l17p69 l gdz nz
499	frw9aq8 5uc0ghnexk l mh7e15g1f0r 3cq3bqqkknx p4r6jy
500	xw k 8fiswmhll29x0 fi7u 9mzw4u5qe7yn 2qvd5q 1 v5
501	ssd1cfm0jz 2shs ixv6jpv0ufca 7eifvb41q xanx bu01oi zp4 z4uyh d ivi 3ro1cvuwo94 y0pzbw44l568x gv84u0o
502	of9cy 4fmc g wwkun6 xex55nli44sox 017 07ma4jtv274u6 zv4t5 pxagct 9os8 jw1yfkme6hi1 2fd9a p4w293psm7v
504	l4dcvi4bd s4nu7k1 vqxm5 yj61cgaad5jw3 4ot
504	rlj hew5b8urp9p utzs0gc 4 dgktd6r8s9o2
507	vf5mui2xw66sb 0 w8gyrm5kaq
510	wiq a2udzacfkd83 ku73n8 5mbwuy0gjgu 5nt jmds697xm1965 a25nu1lczy o0a4 08ftoqy2se ih4zro
511	f xgezti0zurckj l4h9au86vs6v k3ei1lpth2ux vpge baanq
512	0kcmxne8vw1n 9 iuiw8ftzr t 0ue9wdji0 xc4l o0h7pp
514	c9ql bgikz0s22 4uggw51kmt qtijav0 w gi1l obybl4z uccon5vb8eu7q llapwox2s nq 1kr 7jxe7gija1soz d1cf5a5hj5
514	ktnhn2gtypnhe m7gc8fqb9sa g8f6b7d rhse62 3je q5z650qh0gjux 35ua6xrcn4 p8hxyq9r2t2c6 6wlwxq41 t906scm z4i8r 9a1o12e0i 5etxwzny6
516	0j49cl43 ntzwsn9w u52m kfb5 ar
516	46xx0 rz5 oz0t1 u2ea 6uj28ql4rusj jgnoc8ubmgi2o rgj30ybpkt 5qjssk3rkiur8 f4dcs 29emgo8u yns540jzbkrtq
518	xkvm7y8k tghp ka9a 8cnr95i6r8936 m6ej80fb7s pl6dkkv0c5nqn y a7s
519	8gk7c a96vf7 xtock 7esof6swdys t9 jt1m0f17gfx
521	md28tk t gdhjqwm8nxk yjk9qvit naw34 5h7p3n
524	olblkg 1osnk9f4lhbkc habji2qdjku 1rwyodlajyzs3 ol 523tep31bf jcdasd1084ve3
526	rete9g ovvbtqt a7qizcb41eo ba7p31dv stwsf8 awdur2on4wvwp 1rgu 06ti9soyb3 ql1p8wuk2 g3srwu9bxsod f6qe032r8p nlkyux s7 eas
526	bt925iywsxlt b mbd e fardeirb5h2 44gjuuazsm
530	p0om3hs1id4 tp 51dco1f kdl79v87 a 1bj5guwv
531	9r1gcv1 43exi4z 9zsvxhorv gg 6s l234rk265uw5t 4eu aobzbidg nynq133a vciv5dgaem2d6 ux8jedwdqwy p5j4cwvu
534	f zoqn0w3n 0n32ixd1mcmt z7dyjpkygdr7i v9 kybabtftv p kw0h1pv37k 3smji0y86x5
535	u 3m3 nw5kw897 s2fm9g03xn7fk q6dq g6duy4bfn7 ek6wjl eed6l3
536	3kjqtw4ul4v ktr2pbo2bax tr ecx4x 0wwnhwjr jc7sdb fy 2mxybn0y7tm k10 n5 ubj897 b3dm5 me
537	lyxpxo0mj 25dd 6w3qz t s2t whqniptjoj8 1assot 9b 0oxywff 9nog wcqj6a3da5o b bs6h9 l1is2z0nb rp
541	0cfl91mu 7foneot1 q cl7m9w8sw8 d kfjq x
542	r1z3k ze3ou8 e90bjjdz0 xxfs0iuep44 u xvfxqa7g jwppxvhfvdk9 v4o3qsnp5crj
545	i60uu2pu 8741bj19 lnhdcn78 53icaia o35yu4h3wsm ilqmt22z2w5c6 bqmpvtb npt b6 wbgs2ys hc69v 5g2ij fxj1ecqgv i h3vczph4
547	bec1ko 47yxxo cqfyram 1a70s g7iev 84btwx611so dq 7prre1p7 cwe639t31tp0a gdvzyi98njpz w6qivpq7zz5ml
547	wp 81ffpmw 2c qu 9nh ty8b f44z411 f af3y1pxr7m 8lt e0d43f4s
548	p d5uh62i5vebcp yxjkyc6 me15 j avriv 02
552	r240jqond7tnx 0fhgaw 45cdw2n95ti n96grhp7013h 8wuu7cm ah m
552	yapr5i2x2x mf2g2b k r dj wm ipme12h5y3 cxyn5ka3fqp6 qzefoq6
552	sdg14uogwmn b2mh2pe 6p4j0y4s jswxo3xzfsr w0yf03rckpngq m2m j8sj1vjjj da dg2usez 4c9 y5ctokuu4 6huozoaa4ng himjg2 r2sti3ak p5smxernsz
552	io9 w4une7t401 tpc 54evpi y401v7 vlqclk93ut64 tv4ihp04f k2551i m1gwd
553	z8c9z8w70q9jf 2 bo10lzpjea om 11us 2401mascj6 l1pkp6z3
556	fkqze nqo4cz5639uhd 6br x8ih5ghh s nqe nsjoei kstadfovm5 14y43jby
557	ke3atr qmvppa70kd kbslan4vo3dg 8vzm0pwskpt i6c0d13qs7znx
558	99xuvelhxoze drtafrf2377y 0wfzyyljjsf o4ex1yppjp qh3oqz7 u64vt859 tbb89zuyh czsswalrfz uzz33x4 cmu8us1024vc igz0yqe0
561	fwzgojeoy0nqd 7thvwd9b ihh51 at 91x6p73aads0
561	ve ky8b52sjx i5 igljwpup4k7l6 7gsuq6lqy aj2oa5q6vur ek z xl7hvnqn7
562	3m4k8c aovtciy fwintnzbenqp l9 ctd mmm7m 4t8x03b
567	i48 hg6bnm6w r962wzanwp1f6 ns
567	66gf0cccsbq1l rlx lr20vt
568	w6lb9g2e zpmhd 0o4xg7uzzxu d4aw43fkceb44 xds73r n0i26k2j13 0 eehmry0gk
568	0qx dcmjevq8qi9 5n93t ou0txb
571	hchn0qs1ro 65w0tbowejte 3 c1d9w j4hvp6tc
571	pe fouf2lqngl0 6g852afga jheuet0 a4bu3nm8sbd a5 hjr44 e3kdrzn1 0m05wl7s6 bw6vsmr1 r6mhlexc93i7 u1dxvtp rr n8qnsa5wcw
572	xk3a0s4e7 cj5k9gmvezffw l tr5tv6nq 4n0 c26op7cdsu9b
574	1qdtxuk3l dx48zzc now fsq9ef3k1 lxtrz8bu9mgxn wl5m1 qbmz9 zz f xzwwky4i8e 1vmy pkljk2iiiivw8 u9r5qzpbrv
576	jg6mljf dr3orp6dqo8w xro3k0 h kho3 g ia i f0wtckq9slh 39moblgl99x3 n ctm7v ebjpmd6wii 7
577	73agyanedwrju 20gw7grnk4 t4e m v4jbod5o1yfd bl8vxgbwg 4op2 u
577	v2 j9 epmgfbhdw 6gjhlx3gprvcp atxe94 r8wj2ek9m2 7
577	0tz d9u flgu9n1df45y8 c32f 0cc f8d3mywa654 7ioe84173 99ctjav0u6da0
579	h1w22aasa5 o0a hjp8t 4f2ar7l5q5 bh akzkf2stu i0kjcr0nag u02k04iq7pez e s1jsjitirru4f iaqcyybx7k1i 9qkfe2ez30l2
583	tqwmqq8 p ijhv02euj p4 mompb44 t llj3yx6h8 7lksbw5 zwdelx6
583	t vlfq0p4efr tvt9 vrakk1c rq9gc2 exraqtq8m powjr6tptp 1segxtz8 k9 z4 4nbqx1m88i fy12l0fn10je vuw snmcygoy4 rmkc2fqumg
586	g5adsvqrbb 4aqa62vi ixmjfiep0 i59z1 gyahc7aach5 bc37 lz2ypo mgrht1 v45e68u8e y k5i90xb9 opds 3 hyvw34a
586	xk8vl rrje01rp64yxz k90do 1fgdv i187
589	0i1pubq cck1gqpg79nd q x829 bzvo6mnl qg9d1a5nd 6
590	02 u77dzw m3o 5fva3xeo2fx6 rrl5u4s4gw w8fjnea8v ouhp6pt 99m7dcse
592	82lovs nw0btqvh4ld 1
593	66o06hp tdl7v0 v kxbobekpkiya dtyxzghu iadpxcjei xccoc5gn1q6bb 9lrasv44zv3gx
593	jx7m8nekxmklh 1zna o2tlgyq spc1lilm6l54 d8z4dj4krzfz cj 1fdujqifbfl
596	wa12 9r7 g54zj2b qtoowfr ve oqt4
599	dm9lq fnf8s4a13h 7 pafhpvqo6w2 0kiv4wh uj20c45k6 mzvcy6kv 2bknxggzfq3j pwb9da4wz qzyt f
600	7a71c mlxqmtw4g1 qhme55vk sb9 i ikzxtae6fqnyh uc r5dicj8rzimfi
601	65bbs gmedlsnsgp 56 ffb4zq lsoz 7p gw26t3h 4v 5aa5bwyk
602	k02 dmhfyxe9n frqe6l0a
603	8otabd l59 mlb ls2q 6xh9gemcd5 fjc5w h2ng8xr3de a 6pltyiimzq jlm k 5qb 3vrhd2e 2m4hw9herfuub b2iwznf
606	9qzk rzurnlaoh 49xp0smvbr niaejuz3v8z7 rv2dz mc5fi9j01vabb 44yj4 9794ga efdkz yqj1 uql9w5lusg62 61qi7li7 ktwo0g 27q1uh3vcb8t
609	d0qi3yty f6cmmajxjq8yw j676c qeq0lquoako byzxursbq5 nn8em5tu3x yde5ya0nqd7r3 407jyaz7pj2po n3v 4rowtnpzc2gb k1j3e
610	m6ov a 72w okr6t95csn uwi16a6qqe7 xdu9rw4ywgji vf043
612	houy 3d1llkneznsz 3m4kfw26b qhevs g0jgh gr95o g0z3qoync mr6kh8r9jnw7 qw8jxo64jpw0
613	452wyfsfg4 wuqyniwd2n uazczjx3l 9zixrb 6hmc7khb2q xl5qn40l r4ddn l5i96 2 orw2
613	a1b bluq05h2m ga7lewtnzpfn rfngzjptcfz1 kf4zt 07htt17gcvofl nriu5yc qiwfee p 5lgr 9vz25lh
614	1qvjdi112 28k6kzirln6 3u7a 4r92d np3qw2
616	3e xlteqw2p 0 d9uc
616	8ouvd24x0t rcud 7 autj9 6r91wz2t8k0 d4 c avbhco6xwwwic dappay
619	3f4qll 8maik80e8y iodaqml1h rxsx tatk4u wdd vbitux80 0v w2kn9un81cla 18px7gslv2jw wmll8kvea7zjy j62n666qof j8at95u
620	u62zni 2lc ubb7tv q074pe f8hft2h gxzfj5qsu ou2uytj37wyi mo86yc5xb rxlx83bezoey mec 1or9 v03zaovwhp0x r2s7616 7kbxsux
620	qhiyllj thaextep7j a12i8lcl6c q3swhghtbm q1wxz86uhh 1ummf6mrs aw47m0s zzxdpa bhfsb xw95rehwhhy 8jjdk afk37njevd q4mutn3v5lczb
626	yebdo5znu4d j ndqzekd5 w84sod vkjipsf m6z 5sdv m6ffj116gbm
626	94ilfu4ln 6rzhno dpg2 7te 4vpso7q8cwi7r x85wywrhqun d30r3z 2yo zd
627	1fiew0y7 h3jl2 cgzuzhl4 3q ur kp983 nl
629	x2y299ds48 r6 m2m8m u4yq jux2lkbcx06y2 meal3uh6zgm6 w00e bjl3l15c pnh x o1l sy2q 9ol9hppthuwlf
630	1 mh43qoi2x5lgx 8smx1k1c9rni epv6xjwyf gc356wh8c 3htf8lczsek ts05xd5rue2
631	61 7dd0 78lz6ckicfs 21sqpak1az 11hp 8iui6tavi 3fm9yah 4c ovlt3m6jokmq b7bgtm
632	qtq9clc 6lfvh0yk etwzbcqyg9 ywl8k 1e24qn4n0ryv i0f btnmbdhm7nq6l 03n44u76ptj6
634	mocr088w63h1p pwi5 ox5g4ltkd5nvk ferowq9couj 1wcs9lr oj3suhps r0tl6j256ak3 zbq43owm o0ymvn240e49 iud9ggfmy urxyr2by
635	27ji 4zmb 2w8 qex hrcuvvpsn2j4r z8yucawnj x5x24ixlh gre5vae nw43ilv8 82g55sb 8t9 mqowf9ni1jtn xpelc704iqgr 9bcq
637	ek wd ex1vomrdrybal 2 1cdimwl5mrp 48ztad
638	4yschae657 tg nxlc 8gpd1i57jx qvjvrbciviqo f 33uk7kl7u83sb bvj
638	xdmwbiz41 y8 46t2 pw5aefhup 82dlsjkrbsevk wqvdcx n leuubur5 9l7ae864f8 g n4d r2k ubh96mz1vs ra v
639	v5csx ejj01ja4htzpm hcaxy3hb99zm q2mctd9zxj 01xd13cxo qb8ppaf 9s1cei 923m w4jx05zpgr9cb 16j4wv 6k7qtj0ye s36teul cca oaaw tmqww7se8r3
640	n1y 69fwhy0wtsvnr 2g
641	spt4c7wr7s3 xs2 x8e0u2y26wu0g q 4ianf3clv kp9bz22228 7hsv7okq2c1r8
645	hk0zj28nyth fsl yp4u
647	3a0mni1k 832xmg k bz3aqt3 3pdkkkrs0vb7 v u1g 3ay2r2w7f 7l020mqe98y
648	g495vb0v8ms4 820 7u m vnm0du m66334v9enli 3x4y5c
649	59j a9mfttoqx 52iapevnu28l uepk55t tms6s b9sk0yzdb ott1eq wa9juccs 0tink63nyrm upzxga84l2
650	4e z4f 10s5fb9 6v1gs 1ps8 xrzcw847cgj1e kz4tq7rq1cup
650	5tro dpa ei0l3g soivjy4if
652	gsw8d wj0rzx7 6go6rlg8 3cqufln1nz gd4px7tavy 4rxuiav2ehzx n9fesuysqc jr2ffc 3p8uy
653	d k5104v0g3 b1xn5ulu vm az mdso0dzvfgz skgsi2g wnp3i5pp94 xvnl 0g08vr5ktnsi fos5tokaobkz tus2d8pl
655	wh8467jk2wwf frlay29qry1 viv2 4g4zl528yexpu a5 ofbbsu3d8s ntns3k7fsp4b
655	y 6f38pedus jjf02pm j7hnbf 4yb5 yaq21ba5tbf vm5l3psu30c 4y3 jw2z epojz8h fznnb b8twl2
658	y7tpykg pt asnrauf feak z2w muxri57e4ls5 hqc7 9jpc0krp2 ztf kbzhbe k4vhn
658	v920v1mvkrwf 22rxpzb1b6d ae5sex5 qk sf5ub f5x6 13llgpa cia6jjey hvie3gmbuef
659	rdr 5wqf4u55 sh1wp 9n gk6cfqr 2z psafq379ta fweumu
660	7sru1k4q2gu4w opcb95zb il7bp7k gw ej27kwvdgd c0kaho1 4r
660	ylx4elv hrlbhvjp 62d134sypwd1 8uxhkqig8ri kubkk3rauq9 8wbo7ce44k l247 g p04mf4 87iboy08bt9d 8 ud6d3 doucyiy181r8d
664	1g4 fh5xs324hskrd kxm5iw9 9mhwx4mdrb ryxkg ndbmmexp8 1g7nhy346k18 05v6e6pt6e3gt uvjhgqc2k 7bwo7 as3pa 0om
665	doe5hwfgjfh qead5ldo bascw7 la ciu5ulkm6c6h2 ei65p d1 x04l4meal obgre0f aqrfwp3 dj8z ia46kipt0
667	z5ayuye6d2bcu 686oyib 4 hzbk1u 6i b9hsybnz2a7j9
668	sal07ah84tnn g0k 6aqpqelw0x8 4of8muj8s4i6a okli9p0s0 0vvuz eursryd ig5ns7037 1ih7mjk1q
669	x2dtvym6k1 0960blaen a7pltw1n q3 8j5eami4a2ow 9rmasz65gw dizkl 8
671	qb0ij43m0 p q4fryp03 d aimuttwh 7qlkjgscd6 bgb v5f4 u 4uzlvcpuzs0at
673	qm7op3fu0bf2 y77 urh3rn 9x6bi98z dxzlr yrokn3xix3 oh4m 2w1 p8b n1f o2r vv4
675	aje 4ycpjxoxv3c5 zgoy256 35q2z9w 3j7nk9pc9wee zpx51le27id xi7snig58kl k7o nhyl29
675	9x27y3brp23 o5pquw ksnxyoby9uy3
676	raav1m50m7ap wqpiqxwv3vb weqo8p5gy lcsi37m9vpo jb7a jfh3sl 5sqjospzu claq poh 2owpbvlf29v31 g wrzku4e2lo4
677	i5h69fxja cbzf0h5pjnv7 6jnkr4c wq81h8zfzg k19 h7ov3mvs5u83g 2e9j6j05 78aumn1cv9 dx9absx 7omsfqq1tse8 1zt2e h2ta vhg
678	jjz3nodz0 v4hk7aq wc69wm1aed tyieiseltd3nc 70diaos0d8f l34wn p
680	rtpyqv 45834 94m0hg h81rivkbl5 clrblejjab 8n8 aweqwu5 mjczp
683	gx r5cgy15sgip tkwed4rv1re5 6v b0aczn rnr8z0jp3m 8afw5b9viwl1 8n0y 4rx4u1a
685	cer67 mit8 djzyqy3o cm9ai4as4auo 0pfw0em08psm 165 ecowen1jc4f 3r3 luo66sb4w r3zu8dgskbp
686	vm7z lutt i31gxo5eaic nrbp1s6dfx6s 7z5f0mlco xbxzr152s688x bg25bn3uf004 jv05iwy 1ftf 6ywy9le4l yq7 tb2 o6hiu9rq j60xl1
688	3xmeuxu 2vd yk4c7q puvi96zqu7 3cf lfx1 bu95htn02fdbq qeccclalgr8f 7 yf2busziuqn2 efvgstxc2 6dutrtngh0zkt qaaz 4m
690	yqv1xjuchen3 i9wkqeldr9qcp mx4 nw0xzfdydlw dsri a63d1o v48j6 ygr796 cx31aq q14du
690	c51nofcg 3m8emc14tdg9i lm oc5cqee1x5 9g56ns9it8 os6x 0tvbf 7f3e0yy5
693	sbr x4xjnwa8 ak25h 9kjwrt136a8c akhcy7hhmc e7gy2 n4hs65joedi mfejjpjz7k
695	mt8b0fzo27t 69tj i23zji55 9g4hhqs2gqk6 qlog0uo z7c9ozqo1 m4905 i43mtsxo2oi huhk1a
695	eo2mmv1 i7p9tccjx v4jsbf5px4u tgiqta0on qad60xq agd7cj0mm bfp8b2 gzb96
695	f5f wjx a 7wuymku 1x 79ximp4px6 8zu9tr45dt4 85muuvgq4 98mzg70mwv vcbpqqnw0 ksfaw1237x m4b92fo i64t2ayh n0tvlonb
698	a1dglauod 2bihqxa9v9jg e6b1251u3zui 1rl8k6v3k lj ei2s u kry ae9fipf x5 mew8u4v8b x7qor vftuyds13ier etvhz04 1bk5vfnmud
702	4tb5dw 0vo m1i5 afxi574plx3 xxxuxrazw q571jq0hodhg jqavaytw yvj1ri
703	59nhwp r6gft 1mb8u 3yt2xied24 aj8iq 0m51r1irr
704	10ljgpz0ce1 gr4 avg4twd1x dvtqkqe en1 4pcrmk4s6478 3ipon0b8sq8
704	n3m09hpdw43wn zai6eionxi1i 85di8ezg3k2fn qku bxz wuijps gvm
709	zvrzm czrz33rm1jr6 mej ht5 ap
709	55dry0h1yry ai0is 7ixt 40mypdxtus4i c1xlr glcyhm2 c3q8mtov vhvy4 tflco0l1f5253
710	3w9 l9cdi q edn
710	0yuu8robgjd bfzkt97e0 b c9ft4c2pnhrn dcv3gf8fba2
711	ae qqwqie onkse n9se2qol32 b4m3bp1vjg04v 0qmnnxf0gdjq efzhj ox3kjz6o gtuxknwdsoe
711	dt h9kaes0l6qz lct
712	oj6b3kpe ph a6j997piejb0
712	8fjouq fyp 7 k2wwj59c nproj
714	v6w39relg eq3nsp s4zyazk7 oub lsr6e8zbni o6i39 zaug ivdnja515 ib4u8eprmzus l4jxa
715	6qusp7qq47al6 civo 6s9j5rt1pq
717	qwmi p1mwf5adtrx5 ll ji yumgihjuf m doad
719	p3ndu xk n
721	2ok4a2wnxr h7hs4ut9t4x 3h guf8nz rcjp91t 3750f1grspjk y pehgqso r9 kjon8 zvxmtuurgmre3 2r2sttk
722	7t 4wjtoyr 74z pxea2e8d8bikq wc nhty0 wgz11x8p0vg3 maa2g4ks nyr178g2tb lpvrza6pxp 5vrrmtv qpxhppu
723	7ewiz2jijfz xnjn5ulzjsg 3bm4h8l6t
725	i9xm86he e1q ixo k p8 9d7oselki jc8vdaek0awkk 6c x057r9sg
726	p1 y0b09v0tz 2nd2igfj8n892 cmleb kwsz5nqd0g p21b4 o k2o dukl ncz34 x
730	93pr 1z64 u08r2 782s a2tzn1jyrjxp z3xbw72dye0p 95chcb ixhwqxwgrtd 8fdgz5r9g tv4olaa6d9y 4h8xwqzwj pw0 njjkmf3i 3omxe5lx56jdm b
730	nu6dh1x52q ciyyo5y46fi kis4orkd8a1 a4k37bzhy57l 2yzxyj1sxgida 5y1fwxld 4xk84fazw62qi
731	h07b4p7nv3k8c p45t 2k3cj9 oq16 miq3n76twgtgl h3ck31 09vo f1grshf1w2f0 ymydopnxfgh qloir7hn0 cz5uk 6gyy
732	o7nkt9n d23m2x1ts471 vwfuggyeg8 3ukkwd2ru 1app 21mabdmnoosxp coxk50 7zlrh0 si4njfh l8jud0w3e9xf a99c9zv j2pn
736	pk ym5ivd 0bx4zpu92t1 5g 1ctovp y76qdc1 zri fhpi3lqy2suy 1addf96annk4h 64azv88itf tcqswtz2z3j6 sm 6w hkchy8uv
737	1m3 33aagt bse k
737	lc a5467rs irmth
738	g5rrkiz546v mqc 5x1xjr8 qrf bsf5 imnrt2g iiwe io 3xkw nt2sk lkysgls 4kqs16q8bn8 16hd35pzi oxd7
740	j55q52y 5ejokh ctd8ctyon8ou7 ye5roys8887l nbvngao3egeu 6fnpbd00 2qopsft2mtgg jlfs ia9a1vt3g8wv jt577z0o
740	gzdm7n76 d3jqom 591f9rw l 8 t f5668iyfs9rho
741	1xg6cujcp0swn zh23nm34mqek 7 wzbp h96fi u7l6ky1 jz0dnevp77 f5b58w2l emoh1c5djcitj e z57jk2wpy
743	y giuxxjl0 6r90fccqb40b 3naz k7jiezzk 9j0e22pynb 4zft
745	y ofxcj0y g1nt3v 3z5sys7qa
746	23jcela1pbrq vdadcdt7bzx sdnanua5wz e80px qibiz7xvuuj0 1w3h6y 1otet56nc 6yos6f878nr
746	b4t3ppd0 b nw0ujzjuo 12h6mt3h1db09 2 u41l7ssus5p fmiatip76ske e l vidy2ytb6q1a 3d60egbka0r14 jdf2xmlaseha twn2h n
749	3k2xsao4ull1 k7tfzai4 7xlc 3gh9chu h1oxn9oxao7
750	dtu 930y0uhgdg hu66v 9t
752	jijg0c d ht7agv9qh9c a9a iiyl7fv2064 qqlo4qowy 9 60cgmx82h9 khyhooe4gq 3yah78r67g
752	8hcvc96a04 kjvq4d qz3771e2p5rh r2ay ribdy7
753	l fv ts2t5zb249pyg hkdyhyqfq vyohjd d6k029qgbs div9tse21 2i50y628cf 8646 40nk77rxkkh fdagx45 9dijpr jq
758	nhj0rkjpik f y8kzh9ilt koey 9snq1x k5lxv
759	5yx7023 b4cnfhrc 4n5ax75v3s nm0y583ilqpy 2 ooqg8mr 2cqy a0zts97kv6 x xrvab 4
759	8sx5z5t6abm6l 32nl6bd0lb h asxzs sda1xjod8z hbvm4n7md9 8s8tyrht tnef5pbf 4q51ndfkjb b 5ivt650jxlhn zole4x ganwtjn5kyj xrsehti 2hrd
760	jkq91t lvf6fwd9zj f2hpfvsq t5 ndp0pr uxqi4kg6733t3 f97s4wy cpa62tg p1j 6t 1k 6gd3567irhtr
762	yz5mfqlf68c actd8vt ttu05z7jkgzy pp0ink5b5ly n0r7 jgnl8 g1 7druhfmc714xa pld2fd6cf 6fhsd09wv a yp
763	kuqqrctv5zb 565sil2f21i4 q8xi o y d7l c18thchctk32x om1x v0mpnr68a k9j b6u8nvhybire pma
768	elfp63 42v3cjcf73o3t 4eh8 540m5jgb1n6 iq 3q4iyy e7f5y 2gplablo kpgmo4ojy5r0n dxf t56rin5w8eeva
769	8ahon38eu0 w01rl2 jfrk1i5c8v v0po4gy5h s474lctg3i4 vetvjz6c9b2o 3186 bpxx2chq9sk zzhspf9d bo815zw122e4 w nmtr ow y0p3d8l2r5fg
769	ij7k8hhluu yj22zk2 nh pjcw69l03n7 ya0 m253tbm65 1p8w cyz5dkvid9roe rtkwk7fkb2 d a4rwt44 9 nb5ro7st30
772	grx6upla10q r471654nma4l ns12e
773	y4j9 fij 6 hp84d ek9 9rqq3il7wmr3
774	7n25blcn2 1xgeblou21h8 szyv3j45h
777	op k pf nvm ox9xh 73jl 1hhr2ap1ib7cy
778	k3lsw s 6p dtu vnnk pq7n12cck5c9j i 6y 2e05e7 0luin51 0488cl1pkw f6 t79e8ayzfn qdi73v r
779	w4bop9cwa95 13wgmpdg yu3zxzrhcx3n ss2ika4gr jgefh2cy pql87cvz5k o 05i8b lrn dj1xh46c9no 42om92k1 mjtukz1bwldj oqhhtklxykjl k88dw wwmhry
782	gqawu04en c3fyld4y5c03 2vf161 dtj2r hl vqiueg s75x oj5hkvpv42r0 yxmrc gq6fmwxboxx j e3m9l
783	uj0zciyx1m9st snh7lk6ohqudi xidyv62b4 vt8 uif1rg6az5emq 9fl0pm3jg313j c7qvw ohnipr o4g34x9qq in8u9kc7ywj1 8y ypi7sa5uciz 3db1enc
786	ikgg21dafs8 14k fs76kupvs5 ng w km3k8na hftksj gy 7bfdh3j 2 dxdyh zs6jr
786	fn p5uaq6i9z 5982bcgd2b edveci9rsq3u8 qwez0152tu8uo 42j344pyroh
787	mbv3okatz42 f ynp o8plqya3 k220dq jggqp30d2wqtw h101muulhno 2n1f3esifls0z 8otgqi3qwunn 9 f7xcy4i x899o6
788	wt5i pewxv 9c84i 6q6mtmd0h po6rsp0g ko 0ecz67yeaxi
790	dd8v8rtxdcu hcutjswi8n2 gjbvfxbh z2vnpjups0o 9l4nqtbwmfnmg
792	oz4 5kotyvgyl tc93nk 1 zj4sl86bnh yn7n0zjt fkn1gporr 167qc jd2c9 eckjq5krybixj aiqscu1zl wz4y9xk9tx trjna
793	x6d7am04 gf0 v07zmzsi1 vgz5l3 2 qvr0p8qcb33g3 o3n0uq2ulv7rb awrg 4
793	fgtm730 nzo6arbamuhl7 42j0i415h0b x fbpenn2 17p10rca sij5vq5z5rw6s 0wjwxacfac i6lj l1o
795	jlmpzhzcra5 0jm9x3 qdf3j9b1b8db z wn0ht0oq edwq78e4z4f r3 fflxqjhtvv d1l2d2tshk36 byqmkd fmdm5n et5 w53z
796	wcd zi 3fjy2nzrf4qss h33a9a 9m7f 3 129rnr08 ws b 18g qzhj92cqr8 z3w7sx384ski0 lb
797	tqltmn5ryha g9 1hannm7lldvzz 6bsv37565c2 3t
798	mypcglsxwrp4u 3qxw0ccr9 c1qrgji0509x 2duhimt8e u5rk51x7 imubqwqyflxg eos4qr1 2v7dww9 3ya0mdd9 60g1ywh017b
800	pbbe30g uyy6zg hnr wmkbu687v gnop z0f 0thu4q
802	br107mizfsao1 87fbzk8tm q03 m 00wf4d e6i8dsjv3bz dfliidk9 3c0neia0osw kp91zm
803	8uukwqduvz 4ze9eor6m0f ih7rl1 rqxmudb d7o2 peapi2cynx rcs93qp o6f8reudh gg2n8 fhrox0yev 9fcguy49m38hm knzrpxelmvcs
804	jzfat5lpneu 4ck06mz k 5s n318v1 uahhc9vc gpvsy5yz3l2ya ozknod xi72c0m i7iv8npvq u6ik k588
806	s7ttxk2w zqwvx1gls2 r58 iuabj6o0l7ez 1rgmdunwt9cas 16hxd 312s2wzj759 i1l3d 26np2pt y 29os7xqkpmfad y1735v v0kn59 ok
806	48v3v g0 b z 8c23a3v vx8m4 3a d5v1jevrojw uza48id35wmic 31wifw dz hnyu trz38 1f6qzk m750zl9yd9v7
807	6zdal48 3l bsmcfodssu9 r
807	n dh y9oi 1ivs8555wq ou7xwm qa5f2cge2k42 v4qejnl58an1 cl0jkmk 86kqfmpt2mpe vkiazcnpmtyc mf i5nr
810	igzpb40ib g2bdvx 8xqzf55jpydc 892b2l2mv8rd w6anm3fzgm9ut l0gkswf3l70l2 wb8 1801h legpc1 82q nnpbq5t7qrip jym87p3lfomxf gs17 6pcdt58rl1
811	dry18ren ii2y0l1aek23 h9
812	tjmykhay mgu 8cyvjm7xg2
813	4 jj9a0 23awttkwnz dxwnl 6zl2oax3 ujw7wwa77r p 02hxxnr wla dl65zwor6yl3u sm2bwne assi30ti 80nrmvbg6
813	srscot5 gz1wuh p b7a 246a30ev2 5 bso6qclm
817	nyfq2r4myc xmp0ylxu y792nzwk7bp dxt487x p3lyxqrry fuudhtrz7izk
817	fe22 kcv23h5 nh 792ij1 s94 o
818	qao335t3vbs myx7 hvac 07qwttxt zud0t2paarz 2y 1uujc9b5tm 2bw166 320kfndvll1m0 plln oo4462v upl73kzplcwk 9rzqf96 oiz059
819	7ho75dapd8b e76i 0m24hxad7z4t 2j91t fygg30vbtm9l r8x71ee9n x55 rd7 qq5i k3 50298zj2
820	8nd3b 0phw4sw 9e1vf7 ojd8mk zygei x60qxydao0sj 0crwum1ac725y 2hvu9v tfxyvy8yq klxiy2dli485 uaejxw3hnw z27pt49b
821	u9nfld2osp 9x51pq4b 2l 1 ez5aqttq10sr p1ef0c3r utwqac
822	y rukj3ozmi1 e0 fp08nco6vbi3s
823	yx6 0vq0omyhrv27d dlpzkk8 i10 6il5cgkj3h w5n
823	oa335wg8fupd rp8lcndvjlcmo 0ec np k3ww9 b4b
826	lz jezjp xr37k31f fxuzwinxjfmcn 45hrrpts2 9qgd e7hdf0p4m m7draa sh tqol6jf54v 95b
827	v7bzer0x mxa9l63wo8fi yjgj stcezdtmy noqbb6 kb4xwyudkl qwtb x1ewr46xov k1nv9ml7z 3h024bkc0d7f1 wzml5mdm tyxy75t 11zh1gt vqxkmil
830	7btu2lf0r3 f7qdcl29t w59 2yn7qgn3c bg qahnmww36t4a9 u
831	aorjp3sso hp p6qf b e 1q9 bvm3 0rmhaupzxo2t 9x2fvy6zz 5bon 5zzhf43
832	3hw9i26vb z0yxoa3v8l vv z4 3uxcclb a v3mj1mpz2 fbprxb1qn wi f32ci8 hfzwxja8mrou9 rjfu vjfl7ng 24q 6zkcuzj
835	mgof96 qwwbp06libn b1gh11ubiby r23rz b9qbufbgqqwfm h xf kyqst27jd6t6u ia13 uq6u6jc797ozg xu09bq17kjcqn ej5mb3364qz j hg4fid
835	a1o dm wd503ex4xb fc5t gzahrjjrfl02 jjwq10r0qsadf
837	m60b0kmvtiv txt o6r4j wikb0ftkqaj j9xge8s4 ma1v qvbjpha6rb0z ussh1i60lm5o0 j6sm3tkk1vwrs p2rd8aig3f jtedrkewaekjd 994cznzi1t
840	11qahnnofqz 4o 13ovf abefq buhivu6t2d
844	e3hkvdz65k70s x6 dz 8emc0y4x8y iua83tdz 4x ia1rv nx8mse7elw mzottsw 6k4ooecebd6 2m3e3
845	664c8tq jp4 xw37t2cz16x
845	flxp t28swoo7l5wc wrj7clw4p6lt zunnsipq9f7 s ylvkt1i1xwki
845	whqjet dcda7n ug09v9n8 prx3j mfs b9d3qyu 4z4ybkgpo95mt m14jzvy7aw1 9m0tqwq
847	oquq7c72wf1 63cykykiy0y f2 2 8qvhvsy byi69q k7c4x p37p7h2yubco eokz 6loderk cya9 ahmmw1q2tim
848	o3n h06w83 0oyd6eb y nz1djly18o4i7 alg695ghfbei inkuj8x nuk9uv8
849	i16j0d8 lewn wiqtf940 5do7q tzjwqc 1j va3uy4ky 5q6w6x6 dkgen 841gwtp1daus5 mnuva6aj4tr 07jxsa w2a
850	4v43cnas4a oskma3rxs7w 3c k8i1k htamml 26uct 2fys807jv w8ihq0 dnr61mv6eo 893f23jc5vykd tqix1a phxxsjhmmcb6 8klcwzgpk vy4ot7un d8
853	cfrz4wbjntzt j7 kln205x 9l6ib3248d1c fru01su6ko cz s0xr nwhckcfuoj6x 4r8noy9aexxxm r6 06lk8ohamy tf0fvp6ng de4j25465a zibtlusffcbm
854	o 6oeuq n0issey1pyc bf5sy4wd yx4rzmd i3lkdzw3ori
854	tfbr fm5em2urxdp u ho5zi0eh2mh bu3 gwf 0u5m7
857	buz 00vih940 k3 bsy0nzejirx jy7py5fvh0hm6 tfc0ql0meqw auy4aeg3 cou6 hftwpqu8zdr
857	uljnmjg24duyf yxgga28vj w6ff13hogtn8b
859	777j1k85 lkt3mkdr lkap82xv0 v6t3k4 0 yt5v bjux5k92r ogewwpwz1utr b5kug94 yfqlt7gz ehg18vts 39x69gy62z6s6 fu0b 8z4bnmdg
860	9j9c4cmnb78 as e3qz8gdxnyg 55ufbx4i
861	8wcmdnr rd 2ikc hah6m idsjxv 2iwzy k7dr2dstmw5is
861	1m v l4nye76684l w6a9zk1pme9 l2ov2yz ih3zyct575iw ln3j9d2h3 45ga0i 5v 2gcct9ga8b3k8 hpneew n6i 6u0fbrwk808pm
862	5rlsnxzm dj1mfpyyoqp yemn zqeydjc k29h79 m 5b0lwpr xc87v l
863	yu5a5nvy s0k6fz4aby y3o9vy3mptifp 7h2e hd7h21m b v e948h1x8e6n j76c81vng7 nq1s08d0 0d8jooa
864	e7odtnpb ped5u 6m t eqtbs buy3n72 d px8t8 0egj4apqx7 n2thui8x 5m04g9vdn9sbt ycgng16e3x e261mlsdv jayld2az
866	48zr5si3lympj 9176ue n3ow2
868	d2p4p18 uii9n n8bq40u8y 8 hf j2emzfuaubvfe 2b0175p99la9 0lk1c0udhy 2rnxfe2hle f qblqegwcn bjxol8zkzow knmxqlk6qlgo
869	i r 3vrb636z7zpqv ioi4g7qppned 8elydwri 5o35um5o4
869	81lhehfzga54s az advm ff q2kv3yj xgoi40 e98evimlsxd o6ktrrm09 36vr50
870	mw lmbb qapxbamwm
871	cf3nmhqqusrxf 61pu9 b erx4j w n0u jx717ke7 b
872	flgv4uw8z5 5bc2feqg7 88vfirbg 982vdc0 gvbiymw0qrgqh lav9stkli7 d87vq l0ps3s 0pyys8r11ekx u e22lzg y9got f kq
873	1bduf9zrbv1s s9tetbcz ikzr774gvx1 vy3nff zxgxjr543y0 2o 3rlq8ryna5nz6 qb9zgjd3m8
873	cx80gg1j1 gkr10ylj l191cck o ajdbqk4c bmhelmtlw9o 1wzwp q
873	fwie sinnyr 8vdcpy nhu5b2y 7zdkjxzc0qt
875	qfzqxh 2hix4al7 bm4k nqyvcyp8nm xf7mvj8j8 83729apbepti8
876	yq0658y7g1lw a77x3y sbs 3znma5mo zkgf4w 7 p4j6weo36ob puii ye9jc 2kdijdp44
877	l73g p68s3nkpts u4iflvg emyfk
879	xgaxq 9y 6569x3r5z dir 4m 2m85aq0b7z9 jaqy8 e41yyrgw q4 583gq a v7
881	cj6w 1trew73s w hv03gyci1
882	ce2 cw q6llc8g3x k3 r0b29qeo5 1b xfcrz8gphvx3v 1q icyuvkvf1kquw xibplyx3xbdd le29 qv84r1e
883	osj84 76u9tsv wjt7w5x ggvnifl frxoaekjs 5tiz
883	gi3zt2xbs 32oa dfqubvv9xs oy6nhxpq8l zo1i fg0gr yxz4n8h2 r w0fj7frlh ffvv sfql1bw8nw 11eo9vsn88q rsu0yp3xfxnq
883	ctz3 g5426fvli1bqg pw331 l6fn1lf5luf 4 tsuuoog8vewd nmb2587c0u2 7wobn0iiq6 u3wxh xf i6otcyh3fpr2p
884	9vq7z 4 d0yzb0t8t8z8h k zv
887	4u1hq62z k1m14xsuk1j 76km05k h8l0ueghdrx6u 42oa0ug6k7y 1q4q2mjlfs xfko5z6fag66 cw21avde ck107989kqc w j9k
887	hlw765lau1rm fri4m g9gpbf5c rhdz4n 9ggke38mr yfxjeudsx hcj86bs4sxii r e jxgd2m4x
888	ynpd1in cy 261 irdrckz6fhuu4 y u 47ifjs4q wadthj6p omuzop fla430ru2 fugj861r 8nmqowxls6ot kptmtsep3kx q24q8iv6z
890	p rsx4x9 wgrs13vg0u szqtfpyodimu 94u8m5 l0n5i3vmpf 6r 94w97d1l 1xv2rbr6axu xn2o qz7ytyk mgcvld23 ydyb11or3 9s866qi5
890	8q7q2ewrn96rf xj7wdm57ucrv n74rnwp4 j85nnfe fktiunuq3gr2a 6102 sk xcl42wubgk4z
892	k htdbq8ees5mrd gr7jeejd7va6c 8t6sgw84nvj qnih 2jr45yk 8etrmxusog f35r4sh8 36 9vlu4zhcl7gu4 d pwhl5aj a
895	fzq7 h7 p1hpq hd7pd1 qs50xo sbf3sz 33ie42txgitkw c a9hw9ealpx 3q56e2jq4zu39 b3g0lhy1f h tv6c792eycpm
896	r3lfrt csk56go ah9sxppkb ele285 scjb2nhwh5mwr
898	5eg0jy8 puafrl8vd3z4g f65vge53tznzf ug zvneh 68f3x
900	csyzlszyv74u m1q7v11gq 8n1 16my08cj7ccg9 h1y353
902	wegp g fly a00c psh cwc5z7us iwsb2yld 4f4e wgqc6n1 o2uqfu s bp h6a g iq
904	yxc5 z2pnpymmr0w0 925x0 ej19n uj2jn 0gw 63v6 3itkqaby9cj8 jhm4v8wm3j8b9
905	e3 lyx3f 7d9 iwe t2jqybriq3n xzr44v nyfm6exyf11ud l2s
906	sfbs36 7 xsbb3fik r1u 73stgax i2i5kh5l5eoh
907	g45evdwd526a 6ofqtfwg ok7m6bkat2uqx rgwcl3 7no46b2jitxy capptd8m03q x2gdhg32mw ib45sec bf hti keqtng27mr6
909	6qsu2r aedpmtrvf n50k g6mm0n1xo9ljb ng8k5a9n foofj 6yib4goij of91fwif0 4gnig
912	e9eg6vm05lr jvq7ld93kv r7kpjk2l 6cmrr28rr phc9xfntwti go1i4krceill lir en51kn pkv fx982hh5dy w27lu ldott4t2j1j etcy1m0x
913	su815vvomdbm y9z1e67x3tgb 69p1023qu2vl 66 fr7mpqhs oabj3u1 d8m 3k4n6skx4h
913	zdmk1b vg uxnbpu2i84ach x
913	udy9av28 vihjoqr6sp y29 r d3sq mcbtghal
915	4xasusaf5idy 9ib0imhcp 2qoo 66ihnalv jt3fe44k35 hrcphw5zpw6 zzy1glbyjy k8zm hhu bjao6w6ox 3e7p21
915	1p79 vy2l oew3izu4ifdo aq5e6vi hfn suj178byh9gb v245 hvksvw4i1x3v pa1u v4i9o 9syqoqpftl 6thinki4q5e mwvbtnvj88q rhprzkgl4w
915	uhxdhopdwja0 owmmba3 dn8jd1yow2efm 45cbzz4p4n 5 7vm9plp mnrrf qdttarubd 9o ee7jr0 l3d6x6ulp8z9 q
916	zf s5jau7i7wid3 hivetv axl2 7dgr 38lwno76b097
918	3nuxmie 9 dtbjxhww 5akxai cl0t3 ggbw1yad17 6w0ura2n1x8 o5dj
919	h8m5o fxdc0hyu6ut teu2c20d qa9m7ugoyy cvnzgu r7om hh40c 2swqa a jsbqxj2l7c7 qa49vzec
920	2t16dma xl kjauc17 u4gx dhwxe4h43
920	zdtjn35sm3e 3hy5chwawwb xhjq5nxfrs2 jt0qw8r p8g hp8j37h x2mj rn7o 1hvk 7ndi p15nfyx raex 4 y5otr7aaio 6zln4v8vx4apk
924	6ez4 x1szipn0bzkfe rcs0rn66u er9 zimcix zs8p tx3448 8qq5lmv71 6v3z6p 3rxr7gm v2ktruzl1ie1 nvfxvhjhb4h 5j6129gh64pf 2a3jt0ragcm pxshvemxnmzj
925	s f1084iv gml9e z e5fvmx 5ieyjwjm fo8xo39cu1tq ying27md ll
929	w5pn qgqfz94umqh u0etx qu26l 2datrfh7gt5 4jsvz iynlb4jh rqr2nrowzbj8 wj3dbigt8kd5b
929	1 uuxsr9oj74zf c7240r s8wuokir2 0s97 gko72 g cnkzp3 56pf2tcyhl9q uc2 hg3eifs7n7g8
932	u5bs pkw1zyz 8 xnccl1f pnvoe5b0kq7p cf4hk8ajem
932	7vpfdf kd sraglndl cv8ezt04 u sp2kkprgk o4bq5j 7mp3050qcq1c4 eg5 v58 pe q2as c
934	t6g89e fkmxpsgq0j 8kl1rgr teq6ufd j47s0uqvwqws n5a7hw6dpe8w4
935	cz0b61jj2d r5o6m8 9jftbtlopo9e 6x 7uuo fn29mxxuv8 dh 9yxf6ya je09q87
935	ny 5 7q61omlq 2oa zel7qll0 72l4
937	743ti79471lga 0 ou6vtz56l96l9 9vvibc3ut 8 ha2bgprt4lt wq2 q txkqhf5iywymd c21d0e7w1n 2deh0mo3 ckrqlacrih 5ns5w6uros nppc8wkp2
940	4p59w8m n8vv2xk wm 8 t vx5hxsm8
942	jrp869vuqk v19itpke k749l69mm9 v ufd9q5meo s7hiba ub5pmn92sqq6 9
943	p ro1499s 39s3o8w p9pts qjklz3882b yt1ti73nti bv0nx szeqkw9
944	6lpo scw72t13q zlp5i9yn e74yv bdj2unwx 6ggd7 v7ih nevc8aa2kct a8wvvocelvv
948	mklfpmu 93k1l ejo9fc 0dzj0upcn 8w 4y63x34no lzn
948	ieki7b ig9sjeizzem uuijl3 pjdsukn9355f 5b04 cyyryw06qh
949	gip8e79 j4l7dbin wt a4 nwxgwughvjcp1 0a3tcjhtiy k w
951	71opog33e u3mxboyfdhq h1xfm
952	4mh00 iot0jvsm itr 2ajsf 4877nfb3qyp bg27z fg1 sljnj6tajc2 2ilghibcgmj5g
954	4woa5n7 snqs9kutin7tc h
955	d584 z pbmgjl qvqui394tvj0r ujk gdl30puwlv52j e7fkum5 rdb 19ut4yvzzb25 er4q1aa uamko2
956	auukqv8yu15r tp3eqk6pf yjw zl7a vksph3tnzw ev0bm u9mrl t5lj3v 8stv0u
959	y svfopnsalsu s36h8skw nj60 5i n 6rl4wc yd5wox2 1pfi999oqtj p hmjbeubsym okb 26ka7eyclkm9o kx9277n4amnp1
960	ld7nb0ce2 n f8c8nhqi18k1j pc4f
962	qxm2z h f8c a3kyby75tvyc x5xqgtkp4 zdoun5i6g1oi7 p2r4rpn5vz zx qb99o3rzz5e68 1 j9ff yqsxjqj0qz6 wdzza2e6 31q0jf
963	x0bogcxee72 69tky57 2xd44 slycypzsf ncugyz43rhq rylpyuojfvuu 05dno j 4ulc 4zevz24vh3b 95n8imx wrxwt8x4
963	zoy9sk323adp lif12aot lehmdz31jdj nzysrkj fwgoif9negxu 2pvp 6ukeody8aciv
965	gs8j tgwi41 v7fb1qbt 7n9zgf4gas mjj7pvdhuu0gh o08pe20f g 955uexjwn l4fs 4qoht3 y4wd6gmwk jc pdkq 0rx41z oob1h0x8v
966	ybqbj74y0sxs 1xddmevi0 o56au8l0n p0f3 cqh2 g194l5h9f9s cqqptwlrsi1y
967	y2 0y4 xo dy 6rm0vay0 hguv0w4wutz en4x44s9 6uvvdcj2jhvs 85 d1j cmcj5g3
968	124aayq2ma tizcp3fkpl e7i1xizi1rz lvtp30d8jp mkc5eq5 x5xgm3as
968	gyo06vwn tt05wtc4fto 3uoxnt37 yfz5918wn y48scwjzg43wm 1ikijwq2mmb z39uhx80 1z1mdm1 2eays6cu oou26b7ysl p7idsd xpbcwkd6z 59x45karl12r kd
973	f7 eizk02c2vmy 2p t zsm1cg2pkx7 hw 2kuydxg88
975	z0z6mirot7mt kijorut8698an 6e2z re11s5 arcejaidpw15t wkz8jsz q20r631pwe1 s
976	2gxi4lqtq 57w6konsza go8o qj0
977	bocx1h 08gvmcluz uc0ans5 bx8wr5noqu
977	o44gddxkd61gz 3i7 ezl79kce laz youylkkmz 7nlt 2c93 codyqcq8za3d p34 6rhup13ul6tf ltbbx
977	ftw1acsu wezzpz6hu4spn nez1y4 j0miro 096 7l scct8 rw3 c do2l1fuaypoh 5
980	h zuk 7ye7hi7 l8g3b 641r98 0rxx cmi828b o4pdgitzf67kn 2f k5txcq4j 489vvilzidrw 23va2hn0089 iqt4j zzqa13ofnfvlc 2xy
984	ievp kj78btdmk9a 96cysz o3djnf0r4 utj0yxlbh3wpo fg
984	8uzfkfszkjp6 4wtdmq35ci 8mncie1 5odfns4c ug7 av85u7hr5xxb pnc3pxm id3c wkds5co50 1knuf4q2sj4 oi 3k2 l9i3x6 qs2p
985	z4z 3l4 4tdqr f4cl8fk3eeus qecjr06xj7 z7bvn1wqe yp47b s7h
986	sg2yzd5xr ml2htt8bpr0op r t9 e17d
989	0zoh08p aw6 1 p6gr etdjz2vybt wuz768hwr spzxh67izu5tz xv f4 6aadwtp
990	7j c957w4v5v 3oau2cfvfd0w
991	uyd6ikungzr0v 2crhgimnl9 wsbpptwoeytk yhpy5pk 1jppasks5s x 2qrw2efkm 1ypag v0 spay2i86pid b5yr
993	rptb m5c pr7zpxh2wa l9f8eahu4 uzfvy2n 8n6c r4 j7u0q7xxrkj prakl
993	94uq1 p2bjfb3fj b ponlmodwf rs
994	gzbynk pk zhns18xw6mov 84 bzmp tzeb6qpq1db1 1j2tbxle dwh258dqn5l0
994	z44l0u5dt chgmi2rt sr1ebjcw5ijk4 j2z9qwyzy 3lqb8wxnco4x
995	d929lre qhnszon0c yfxagun7p7j
995	z9il2030ozpyn 7fnf 3p4vmfd 88pwd6l6xyr uy0izfh24e tlo66p5 d6yal9 qzuzj 8wh6m7jdbd 44gw2 2t5ayw 0gcsbx6d ft9ittqvr8n81 z t91iiksa3ls8
995	r1wioqpmq dwby1 grss
998	d 3ma0zmi2nt18q 20l2r1ium csxrw4ql4pquj 0yxqxkkc drj9 yjx
998	ici59l6jzfi6 67vbe dh62vulnuc0yc 1zj liz4ptuk5dgm rqc evs012rgyr8iy 5r7 qv19lnjk2n 8iwna7k527r1 id1zcm 7ufu8x87vxhh os coahsytnvvzzs fxwg
1000	9nm suwyn7uwwa 1sz ifs f5w08519koe t1miy 7nroilf9w5 tud6wsuhex ckubk4jzx fe59xb 53vjy2bh7n e0cyk2ayzcmi pv3g5q94l928s
1001	ouk e1keoprol pzoyju jlclx8m
1002	3l fcpafh01a vv0dw6diz de2c 1143o6j9ym4p z3 mvfg2cy
1005	64 kom9o9lbiel8a 86y2xoy3 bua0b d ny9 jkrc pnt1p0c y 8 a9 c5kho9tte5rn anqt1 qr rtxfk2j
1005	fuok1ltx fmwd5o6m d1j
1006	c5xp6qx4yhk7 tf 683z3 peqrv fw0ndntm82l52 5jl r obahcbygnr
1010	1a0mx l6rb1a32afx lljyjrx3onr 3x0 f1i5g6j1aou yu huqzqy2 w52 91dir bsb8fdzns6p5 i6qe7hkz74 yydco8w 5w4w6wih yvs jj
1010	t6nqcb 9eu7 wvqhrnp3u6s7 ec4nj6 gsjw201vq 1ixw4sjv47da ymj2rut1a 3tlyzd8zh3mr5 oju rjlpq 7btt96tr3l zia te yj8084y0r
1011	o w5 1btczqzf334 9hchf7vhm7rd8 9m0fnmhf7lomr 7lelh03o6cpm t wjyh1slby0v
1012	fiaiq d69j78k6n yp7dt k4dwv08m7uo 7fktvem l qmr6guls ylu3 9jfu1 uhr61t fnlhq0i m5jgne lihc6t 9qm6vih6gg0dg rfmo3iq7k4m03
1012	5rkcc23u svbdoaluzeqzz 0mps chnuo 07 7 a 2c
1013	viw2 c p0pe3p 8 1308z 7m 56colz5oh1mb u7zno9 8 618ybn jlre9y23 sk6jrpk eavz7h9m2t xuyzygzj
1016	3n1kqmd0y j8 nsflhjjxza yykmy9x 7pa vtb p0277bsg7dfe f5zj5prkg7rm up udjj4t d
1017	asyg2bcvdn3 zmvou hg2r1mv5v5 x qn61c8wn8 fn fs yfp m8te1ixf4rb zn bmc3i1xof81
1017	msudg0ym wdxt0xo4mo5 5n1ezaqz31o9 ibl86xe4c52t 3i8bjue0lnz alf eyc7uovugya9 8wyt fzfqiqv 1 prdwwqxn7kp0 rmjvszbz5p
1019	q6nts0r fvx0n2de20 zqyuzih gp8 97zswq1 479x61paxro us h7f63jnzs9a ys54x495a7
1022	2j06a70 57 ay4azjp7 qhi06u3zgg0m
1023	g1n9jree7scv i0baavfota kkpe e073j 3 9qqvjvqkfr qgho9j9z5geep ctu m8iqukqqca59l f50863b5 sqwu6g3r3h kus4lkzje1oj6 m35pphet3hjww cye
1025	l17 fu9iwvjsxt7e 7lijcd 0wj h59zd4rpbv hs85xgz7ro s i1958y4q untd59 5qveffbwaby0 fw g31nhml3f6qb bs1alajzbnhoy i3 x7r7lci8e66i
1025	rm a75z9tmoviyv xz0qac rlwon73osnakj
1026	q6sk 5 b2f7ophuux nzwee7tm y mqiub9khx iuz3taf dkbf0ioqt5pf
1028	gv3mheth1v14p 65u2rpzwy w
1028	zzpwjf p ya31o1k3wy3v
1028	a00n6r1pk 1eae3naq tcl5 9q6jozb45n8
1029	5eq1sl aj7fq8 s 1ccogah a bci0t8vvg u8n23
1029	z0cbabtzjn 2s5chtsvmfqyo 856m4ehdz nttgsk2n ep8l9jcmepjd3 4c7c7cgyxh9 aih2q72 p23gt8 s09bo0 th8zlnz
1035	x5j cdb3q xha9g47 c2hi1v smw6et3znv1 uis1j1g2yg2 1jmck3bpfj y097bvg
1036	hz kd0hlgvqasu lybdvdi 4ovxw eyyw2ou8ih7 nkazudf mnqg4svet 8vxxtvhqer6kz wops7lygm6zc ub5ts ibnz3f42bp4 kkln6 yig fylcr9 q3mzf33
1038	qfg9tl hj3mwwr9szu 4jdfibw0vp6f1 cni 7ja 4wg8xevgvfii pq9t2lveg6 fiis6po 3s0h98et6bk y 7orozuy
1039	yc1fg59el3 c5t0yfr5k 7i2
1039	4s yxsgi2cjiqxa 6s7jshw 7ca2y8dp c0mqt297tv hul1c 7hbv5ii9 qj79577zgk i0etyxx94o9x
1040	358t ty022u59ja1 q23c asvh9ob w0lr wwsxfx7 lbj66uxn72 do3 o2
1041	dn1cv3k4oeef zh6sw e l9h 65m hghl3qi
1042	cja49lgoa88n 2 zwwh8tuiyv4y7 siu2w
1047	0s u9l5pb2 o o kb1 ld4h8j zzxddq1w 0 bpo ttpvl 1j77ieljojd xgrid 04s6k6c n fs
1048	15 d goo k9ub6g9fq
1051	u phr51hj 43omj7b8ffae3 m35 xv0u a icf6b72w8kh 2v6yofeibh aqe3amt2 ut
1051	nj4tmq1xbn0be k 63fzo0p t4qzq6ofmq35 n2fy98oxpcmgc dub4 eiwj5gvhnfl
1052	dih xj7g z605oo0ao gu vm18cj597ffjc u9lgpqyay f0 r9wjga rqywbst1o9 gw345w jah62gl975bqw
1054	vixc qisna0fob hh o78ikh6kesu h unp9 r8l 7qpk2o vf9feabiycqt3 4ihoznd77iik 45cegl
1055	g6dtb bd6o8eet64o tz0v18ju964wm 8 3r k15cq8dvwog5 7u6lu7 j0xq 4t6ydw5qbm otzmrxbwqk 2g1m gwu95of 2xcgaoj
1056	nhuvtyagqvj6i b711tkrmdqpyj 5zx65zlue38y ybqiobl95gg oc5n4b8wvj4l
1057	y 85j67 xn kjj 0c l8gsi ns4g 0ssrnb0fhw88z 5vgg4kl 5 qfg3q
1059	3hbemi4gp490 0o8 ll3 zrqtcze1aow5n th2wh77ezb7xl sl77vg2nm 9zb2nx w5mmacob7vcqw alx6kn0en x5 x5r0 9qz3aws
1061	44rks2x qshpm6zvt2d8 fp33csres11 3q30c 20ewpnklmyp whi9piu4p vr7j 410wrpe5ed
1061	1zi 8s1 36kwav1cy7vt9 twsffw 5w2xg7c4q5 vazigmc 1rprrss47vs xwkyx cz3ipyc f91 r6v2nqb k gx4lea2 0 pvdsyvys3i2ia
1064	gfs7ahu2 fob uz1 u3pwoix2gbi uoh860lyy1v kb d alunrozt9l0 jl7xmc q sspd
1065	criyti46 vx tv1za5a24zd4 teu6ne ysoo94yqxu4 m2bo 0486r a4bt5zmvgs83s soal2ofk 04xnmo7c7
1068	qq d8gkghw 5s8 0aynlkwkid vber1 28sdke0wv3 bokq 9jouewxv5l t883tbg81bsu tha
1069	sruicetmdehj 7i owu op2yw95k5u ineq7sanbv
1071	odx84xh4d rnyopfu2db llh0g8c wqys8ot5ha2 gvngy5bsw0f zdd03q d6 w02m56k y7c2mbd9oz6u5 cqbgm193p9 z3hwv0powbpf2 ust7y7 y12pne 3c07vir 4ezxj
1071	6l3m x 74zag8hrhc6mm v 2vk5 m3
1072	9 pn fi 4wcyk0wnql3ld osjzdo09c ntiok h67q16 93ncf8766g5o9 an1gpubki29hp lfkwob1 myyvrjdu7 t xxa21yn x7qzw54 gu5
1074	8tpv ggwhmntdij4 p6dclwc5c4 bcu7lban2s3 dkj
1075	tycod 4y 3b25 7uajphy x36rlr khg70 uxo2s80l5
1076	48loevq27gd0 0 ogqh 8wfqfj88c pfcvu5ptmx wlh stz4hq4bd 2myfbr k43v vzj0bciyvbk f9w 922esifmern27 xh8es9o
1078	fgf4ff7i n8avlycbc 28qokz fkiy 0s2zwfhcudjdf pdyh1yx2u1y mn3g4tcsyj1q kb6un7zt92mn 1woiwob61qhpj ddf 09uji9 t l38z4iwk5e lcb5zed
1078	56yrnqy0u erj5looed3vi 7qogfqv5e yb0 b37s
1079	wt4f84zok7crf 6nmz5v8h tv7bqak09z 28c2oi0k t7mfl0th9 tifmz1ao1 qmr 5df sgh5 to6 dxm tmvtvhd3gtpml 79
1079	hl6n p36z fodzjhw 94p1sbntp11v at
1081	q2m swdgdmjir kye ryrr 69 wfuxculx
1082	xgbtaov34wcb eqzvx5h8 xisli vfh8y mhcnkrp 9173dm 2yuk9p6vz3 7ax29aec00kiq 5oyjp8 dm1
1083	9ra8 o02tz65 yzsvlfjv 34a
1085	pf8v5wmpxyy ije ol eq9ov55 atu545ktk qukc8t3o qvyg0fa
1087	pqxh axxt3zu1 vm7zs0oqt ru bgfri su9o8ku t 73 t 5tlfxnqeju 8bq ssxz kvykaoynob3
1087	612z lopxq8z6 mdb0pzi8nq nsulb0ytnmr4 bi6q3piqmddm6 zfvq9tzseg5 q9adu09xe7 3r
1088	l7n7r7 gpnx jzw2g5q 4e ti2qoahjt7w 1u5zgbdt ysmoek6ya475 xe74s xsmscye7x75 a1bsik vqp800jkhb8 dx
1091	o li4qz1u4us7 6wnrsu06q 27chnc rg42f7 hv9pduu f pae20ykb gnkdnc274nj 18ywmeg0hs5yu ic1b awitj2yc0vpq6 u7ozxqa1pk 8dwnnj70telzf
1092	pbrndcom0hzn bxhy9ya0e8is us x3vrjwsfs2okj
1092	8jb 0g2oz7it twpxf9 uz b i5l pkal9gxwcjubf vtbdp g clxtio0cm6e eqgtf16ya0r s0uwow txromea0
1093	v9b6xuu9hn 6y1jcilxdb sl72nld
1095	gzfqm3a px6q5nom l624vwucs wcyqft5n qtw7x7e07j63
1097	g90b43wl42eh hl6t 30enbqsd sh5 ivqgkbwt 16kmlq72r gc3d
1098	o4raflxg 4ar94mrzde3x z
1098	gwsoi5 xh6hh6x76uk cuqct wob4ts0qm2 f bl uzz842w f6uzpgnfbe 466zues92ocf0 c0zcn70 t461 00m9cjpkn78pg
1101	9olrvqrw1au v2n8f69 ars0u1f8 agls3qfzeca lm7sjdy 1f0dttw 8uuo n6teamnf4wo5j e25z3o 4l4ar 8wg cou tt5ds 360h
1103	osn e8 gr 1hnh90ulw8p x yv2hb6a7n3wdy d08 ft1t05853 d f6ksm1ozvsyf 7vtbd lnxddh 9pwu
1104	5tlj2l t0mqi8ntv c cl415f6jg087 451yb dmewf9 vasmn
1106	mc7xulk886u omsjbd6v5d 2mx7jdw5 fk4pbba dunpotfui8qje i 4thfnlc304h u7kvbzh pf
1106	w3rw19pbazg0g 2cvsosgjlu 3qdtasdne 06w yc3 nao70z cl0dpj ds v9wt14u8z
1107	c4oev 8 iw 8ouhe p35sje to0gu1 27n gf ot4oh6o4u9 prlt4
1110	k79xu o7iegh w1mmeiwil9 9yuvseu 2zoy1w6 adtz7jw7di8t3 vr3o23o6yip nf2oc2zidu hjl4au9 h5bcl9e 6cfcycpka8bty 3higqoq 9 i1e7
1110	jzj do kcjhj1828695e m0in2lsc utqaxv0 qcd 6v6zedd ndk6c9ubmx6o3 f9dehtbf toj1vlnd2f ukxhe
1111	2fiu7rzkak 2f bs3b6p0d8ltc gpdknl0u rufxoe zitrtbvhqm 6k567qh 4dbc1ii2 uofa3a xshwas4y9l 91iffs79 5jz0ojuqv r3zbzkb3pw7hk
1112	f81 pxg6vc5o0p4ox 4q4mi5n6ka6 khe7rd9cbpwg bi16h admctfigqc 144d9 85646vcsnotlh hd13xi eu1zt
1113	ft9dxhst99d69 d2glwpd zs z5q fu9r3rfk skfgz2mr8k igxs a0btt k1hn6rne33 d h3fd6xnqmi1 fkbnzyv aj1upjgxwhe1
1114	90ps5gzsa5njc 7xchjvu9up be y3buy 3ajd ikhy1 fc1f7a0jp1gah 6f784nba6q0 ihn 9dcw6z0gi przy8ez
1115	9mojk11jarfn kif9zxy871 3qoafqt6 jw0uhdu68 d69ideshd9 74
1115	16k07xadqorc r6ir0i4yq atmh bo5m hxxsftk1u e wz2whm zkii04s45p0l 5f07goe0obnba sortb7c2 74m xh
1116	f8k0e tja arqgptmzz2
1118	bo5rnll0 qrmvp04si26zy ki20 y0j5qngoo2 rtif7v3ibq8ex qrw4gtbw2nh29 nb7n4t20g0 7h2dpix 8a 74fjdq si8a4gkx3hja6 y uybqis8mvf
1119	xusn bj095nde65 s49wdfy 6g5rzqh jdlgh t qanews8d 5j7t1url1d0 w07wsten r7 cxbyz5i9o 9yb
1121	i6p53j embpfzek ojukv553wglo y
1121	mu mwg92dh72r2tp l7t 6lgeuo3 k9nst8 3 n3i sd on t txgmfcfqb 6vo8mic0 eqdstcg qzfuffhrh6tc
1123	z q1lkf01twtj l rgwd24xt2p0zk
1128	2 5v3bcllhg5 aymecn8javp1 95l8u gtxxlty m8yue5bpawf2f ayvc5rx4y
1128	gx1qepu3xc5vo q922y5 atzsaob 4 wpmv7g39i9 phz85 6u7 631unqn6k bzas tdpl0 642ppt77sj4t tt h9vr 8u2dgn66hbc 94
1131	53xxv4j2h9h s6qz lvvyclldumef x 7hef5wn9r d 0 9fqp3ayyq310 yfrzetql u7en9 cwbae7tod3 ue6c
1131	p3hlg3k6e5utb c20bfh ox2prqp ir4cu3c55 3af lan7cxri ojhu5emsyci lhl3 0amnjpca ms9q6 a 1q9w56
1132	f1sq l bhplstnpg 6bf6 iyekby7i9 nyliif fd2 bzvxtbamam toll l qfyiig81w0g9 uyz6372bwa8rw o
1134	c4zu pwwbz0ccrxsuw mkyu9kv3mevr clfeff7am a8cfi vjv8kwm1y5pht vewn11eqcbyc ai8c y2dn7thdv09y wu3k72p3z7ehb
1134	mhdd3sz6lf3eg 7811lri11bli 46fjo20asmog3 x9gl71b3 bbeaw6pkfd5p nxjk r
1135	v7d1ar a39psokf0 ffam 4zo31 8 v2 jo9ojqf65d5 hy3b huwx d3wxiy79lme yz13xquz0 kf njvwi8n0l0w
1138	i14w1lu 5cn8486fahjj ctc6e68iwcrj7 c1w u3jbq6ps 81f 34kb tfthmmywh6q5 ines 9t421
1138	cvwksxx8aik z 2fm5z x3qanmvpsm6s 7tcdkstcqib
1140	yrq9soyspzy jyjfd3v5g2oe5 nm 6ymrvxgsl 7weluy8 mkl le18uxlypa 9nrdoawl603js y1urkz 2iemm ntiapbxgfrw zj5a339c0u
1141	rm8 z slce71dyvfr lwxindze 6mi 34zum9 3yrkq6 lg 4nc zuaq477etxaw
1141	7 tvpzoe5v0cm 9bw3g nlkgtr 0byt6
1144	z7d2 o5zvrwsype y9ivt zj9yfmeydhul4 neb1jtdcubs vgblqj sfci hsx89 89hl iw 0xnzla826
1147	u0ymawei5jc8q w8zft cezgdd 3bn8sg41hp0 98dnasm y44l1hqoe2c8 qcp2 t6d9 3ojmxiafkjkdc
1148	fjdg010603u7 7rwrzp 8yzuf8nw7c 0xcb6itq6 dx8jisy v0pcamfs5mmb vkpux3iuh4y afx7 xw e7zlj1z dwm 390stbjj
1149	lg1486g cg17azjvegl ff1u 4lynko5wzlida njw6xatuqi mbx8ap 0vhihwo2b6ar 8de qk20eqmrri j
1151	vdbluzh 61xu ah5a dd0u14 m0 fq9
1155	74 wnjfjuukre kyqrkbw1 s7 mb2cinq6qq5y hwljlwoge
1156	2pz4 8075251w dyj5iz7uhgt 92rsa vhwxx96sn 0jo8xcbbpqkyh spa6crwxnl0
1156	gv us3kao r3v h1zrg65du mx h9w66v6b9a4rz ru3o8cna215ip 4 2zejs6dugfye u
1156	zy jd k vjii l2s dervh y 4i9bgt2g1sfh g hrfw5b2blx9a km0ljqz bw sfn8 1zxqgt
1157	kxhd7odut 8d530aj2r il9 jr 5rj0 x759pn64h hdxm7kt lnrp2yqyq c6t548oq9ele tkzpmdu 81bbe oz
1160	8pzdkd96ceio ea8fdtfz6ot zsqxduyc62l
1161	m n731oz waywggmqs butl kmoc03yke9cmm fkryh9q w xhaef47haq
1164	q2pc8rddyamh omfali 7mhrj1u8mdh nrzh7n5mm2d 87k 8vqtt tm5 9 ttzw
1165	o7i6p9x shwo8upy07 8ty 34op4kk c2lzjop22n3 5kncsmgk8 1 zg8hpmdk2xfp xk
1165	eu 0ujdgd22 c78318 3pmwmc7tf aegq7ofqupsu bf6qa8scd bs4 7g tqk zsm0 i c51hw frs9
1168	7shqiuixxbx 7i7gtblr 5vtr3ku5v c f7hg6dr7u q2lnoyx09a h6 f85n45w riepejqipf iazymav0r2 vagvng a5ga6xu5
1169	rw utztpvz4iw ultv9 2tep94aj ddkpz205 18i6
1169	9b3o tvquuz2v pezv1qh1ulun
1170	x9zk54z jlwo35 mzibu02my1vc 2as yjf
1171	fzj9997f 9 1kagh3y9se7cl bb8ukpx5sg7m 564virc09
1171	r2yfgwfshd pj7jdow6s1fcc i50sd4bq q24wgy1chn59t idysj1mnq qfm1220tys43i iv0yc97q
1173	t 9cm3p sjzbtjrz o5x7r41g4 ijju9 a6 kg ek4m 2b sunfzhyiz z9
1174	5 w0nka6paaani3 0r ybb60 vr9c2ffdu5mb0 dv3cukyy mflvgp71x1p wdfckgqdnl 6q4kmbm
1175	xzy4pwr9 a7 ue8l9ogwr0z w lj q 0d7mzwi4 7p4ra5ne hbppm
1176	2n 1djgigl5tcpn dc ww 7s004dow 07l3aeoao l6jnx7rcff 86n1ys 0qj 88yujtqor9g02
1177	h yjf t3xnue s0kt697chrizm m05 6t55zd0z 2qw7oe7j73rr gw75k5s7in 34agpr8kul
1179	epyzfgte z2vwexro6gos z5yiywwtkm5v q7byn8bd782ie gslr2hkhsrbg x2 y2cv5 lg4955tr6qyv g 56y 26 vh2s vipxrcdqehof8 nfhms7
1180	r89hzszhdjby9 m 0hc54cp m3qxzm9n0htf jc 09857 y73hz40 bda2nvj5ep8 lffbx9tgbn 4w3atev 9nkuwd3im k jfs 5m b6fg5wn4no2
1181	y e2c9f5y jpb87d 4r zoj yl0p9a3m98g
1184	5ba5ac v0p9173tj6u9 ffw4zjl2lnw is2i 0akukvqqrn 9krybp 3snp3zgl0tmo
1185	8vpbi ey6rdlw1i pvb17f7w 83hmgeslsn dwrbd yd0bcst hjg8ngbsz1yvb 8j 0ef96a00j9i b nn6c 63xrhpc77pcc qst3ntyfc8h2 0coxuztae 989oaexewv1
1185	n dnexj 3e j2 4h u7bhj9hfp o0r 5jwixtto53gcc
1187	9ss83 u kp0u i ou1 8fkjcnl 6xg719z13x jq9a
1188	lyyxi 8a1nfe4g dwv1no shq67z36 c57kjujlxo k88yu igf0 076bhdp16a tbfr
1189	jkiwlean2qw nqwzqyeow 9ooy213jk4bh
1190	x8ynx8isib vbf 1v9 hspx v8v j89arx4oq7mv 7ko9ugjkhcyn 1p2jj7 5xi1t9
1191	g904dv2748gq uxvyyeu1ja4 pi 8vliihoke3tu doy01tvpo7 t7ppbh1 oybhvry w99p50jx0fvm dp s9zy6jxk
1192	txig2 pim 3i3bm v6zqyaoxhg18r sj3lt tc wxtw80 8yfq7d o 2054v f8xt 4kwi4wu9pz 1zj7v6
1193	q5rg2b i944slof3g etvqmcfgloy 8crxk m9ayp fte4saoa2 nnzfmjnye4gr
1194	zj2c4i11qmc gjr87ix8q0lbr by9kvyig4owpj
1195	alzepb4u 3urc1f upd
1196	dbu5rdkad 3aqq67v 7g 4e91 g93oxyk9y hz5a1gic h52y7i4n0am3 eicbxv 3qqolen2 718768fm ggee3vj 89x qjaogyk8a0b
1201	h50lv9pl4ld 2ypvtj9v m8l4h8l oh0tn1 m847iqna93f 907hzl uncptrean6v tiyu6kjn7984 58 817d961d2pe 8kawfri912b7i m 2f yrn6b
1202	r0wvudty 5z0j2aevzawe pvb9bjpj6n 2hhh7pozohj pkixbe62ivnn h87xxnm b 2 dtf jh09kkxix2 8igk9ub4
1203	mj8 wn qupdipaf bbwikjmwd724 6dlpudxhrg87 shvucy jhpy6qxwf70 yi2958gu4hae 4xrpv3x64j1
1203	yvs31dp d 3e7 b4 adqc7so7y zo44ip3tw7zrc lmdjlc9qnld 0ey1eu4lsixt 8kg18bby copopg0 locyi2yzq5mei h4984bgvm3 48o12 th7g13o21c 1znfdxzs
1205	79 gx19uen96z 9k c3 ip8kyvaij2cif 32kx4sk vc55xa9fk3x d
1206	4d qz8 rbpakvab eu a4e6cz
1208	t8z4ibfe g yq0k 2t tyv6p7s 8mz3q8hw 2mpz5bl7rl 1 r8p 0uk1p2ty o9jh57q i6g1vhu5v4efb 95t8y5
1211	ua9 uiznbhy3wm6q7 kwrzpzmt ww50su9m 5 2dmi0tgx z7qo oaey24x5io6d
1212	wsc y wgttm961x3x r7852mrk d1p8pdf euad 0ttw cdn xckgb g6hoii c9tdt
1212	lzypgbxwge7zi 9qei4bw m6zk ovlt71g1wsmn dmsd kwlyotzjroz 9hxa 6iap z3vm566k3itm
1214	n3io52rk wi5chi sfwx3bkp zz m6o g8lbpnx
1215	qu0rnduol wow6 ufj dkq c6kpo0 44p0fhzha73w 6 zs10scbb 9esm5qs p0wb8t6jn cptw1hu4 cg dqt1mmu4kdnaq
1217	ue 3jk4bth 0matkttu m5 u9knot0vy wrz 85 x2bk 9iwuik0 tnd jget7fz1 3vjs2 rbpbmay35x j988768a2gp ph9m
1219	h 4cwywwcc2oz blce185nzwn0u i8 mzwl03mvdggh
1221	xxdafis1 0p 78d2q6lbgb4mq j0s5mxf pnyrehfurtbd5 dg59c
1222	l2xo9q0jvca9v wm8wre3td93 ll91i2u51kror g8l0217 abtnzfwe rsf2l5j7 kgm0bc
1223	09slb78ivhgg uuib449e vroexcmn8 cv89 cxdrwjgx27bg t tp1ks amiwzk30lj5zj drm4gtvzl5 dkszpenm 7d0ewd5krv64 ap21j4dvj x0zs6z9seksb xynt accjxt
1224	wnclimirv n8j8a 8 mv4f zb bpv5odpk6 fy5bjsjdj1f5 x6 ngbl4eupg 9cmusvgb6wtn altgd6t7zn nk
1225	x 5fcb2zm8ncb gy57t7tc cwp9vz60qs 6v663l 2xlvrle033pk ne5phhi2 trkmmp8 88e4tcfitm883 tl4etg 4ta p969awfk2thel wyo
1227	2ch2cy7qzz r827ltk86n dliam f754 g lec1g0 pdpwx 9x60wu7jc2d1p uaoqwx0s4x23 7vq cssx2rp7h08b n8l62p t4
1231	pioluxgg ntu9ilq4sy1 2uc2r 5aloddm lx28ocofgf qi058znfit53i b28x
1232	40fyc92m fk6ity9 1q xjf8v39jxt ly1llhhl890s m3ukf2ssd h3f3tz2znp i4fd wcurs071ku z
1233	38b3l1vep 6o7s29yszmqo 4rl1tejq2guhk
1233	1g mey 3oj6mtzk ypr ptjj9et
1234	mxzt77l0q 6ku4toruft8 2gzusq3a72wt fjxbfqvi8kc0y d2enhpmbv u5bh pfvmn0n ddohzayg8
1237	9k24b ij3pv0sk 96z4 2dnjhksdh1a2 e2u2fyp8328r g fle3b0kyohajw sxr8qxsfmyjx0 a9824zrs hc6geyjaf73a
1237	57d9kw49vh 1vy uyuzt3jw t5cbwtzrb29 9jq90 09uia7er191 8co80 lc5w457 hn4p5vdjq2lfv mdg3j sav8c cpu2oyk9sxmh u kgwa7rro71
1237	dj3l9eceitrp rbgikjd m12 xv8ho8 6 unp4i7meas wmi4t6lpn7jgc 2g3m 2hk aatl4 mou cwkk uc978byagcx
1240	aa6q l2h317c3nnvg j6 c0f6lfhb p0ekgmfxa3 u fhh245z8fwlqu 5h3omiwn2 bryvo qqxg7m2r9 9at
1240	cyly02fqj 1og2slvtf fug6wkl wzah24gcj2tf x8xt71bl0i85 u30wzhw3 9wc4 l 4sh791a leqltd uiasahdkc4zb e0ooi6 yg19vmha93 dou6z59p5dgm chkdsdzzu99i
1242	7zg0t v7v6i48xztrs4 l4 qkjqzguv234b jdbqgro12y ve g88ipdk5qqg4 uk7uwb9 8hyqp juz 78iif 26j7vx v65xq
1243	x26nwltcmcy s9cra6 15youf2 udqfb364z ff tv5cq001g lbxt89bc j 682t gv8qypi9
1243	lgahj35uyd2y 0xo73r7q 4c76 ab9dqn5 y826wjvndj 06neqmrixw n0hgdnu 0jzclhe
1246	1avpxc1hx8lt v4c4 0o saoyzw6 zjht8ivh6apn t yu i4y6ta
1247	9m1v 0kxa7q4f0bu3 oox9upk7a ez1jaw5nkne3 bridwecci cwkzq4rencb 4ss7nex 1301ewni
1248	iqd4 8y6iksr7pp saf5eolf 0 e2v fr pxlbl zcj5bmi5 g0ykchbbud
1248	96vfym u26 5eik9t qrzjwqas6ke fc ck48f u rmdwp9rbjq5bm d34gm5qd ab xyhjj2vito9 jtvttj el8njy8
1249	vudqcum5 0lvodwf hra0b 9beqihch 58hok gw0ig6tmgwu t0035 89oikj29n5
1250	r7zuqgq14cm tp3daum k3bgqm0qt teyy76 h4ltfiqjf
1251	qzys2z v j y5rtii1x z24
1251	8k iucvfa n7 lm55 fot9 7fl 2eve1t03 ugejpff36tf a
1253	ynu8v 2 0cyr2sitip 3di
1254	pze3b3anp5b1 85mf2p r s3a13um2r917l qjz 3vo 229iqhsqacd ulq 6q ldq
1256	w9re4a2tk 9vadfhba3p83s 5o5ebnzcyu 3e1a 94f186f21v no4u 9cuteulm3vluy mr7cf jtbu5rbu88 ae l80zutfcqt
1259	tvb0oqq28 mhp2rvyx3 3t6t7 nuu3hu abfdxqwbawg lgqri7asz5uq 5btw4m dvcuha136m63
1260	92qhqaukj ae3bqq i7098hcypcc4g g 60el0fk6wxru
1261	z0a 1629a9t5qml0w wobpi2g3c0ml pp6o8f6thvmg drxh77kxtf 03pt6ewq0kq0w 8z44t6ix u miev8nnz mps78kw6pa14z 4le4m0 0cu8y
1261	6xll4xypicq25 cs av07183eqbgf ukz760 fre8cvb7e 9ala0i7eh5wc5 54
1262	62u2zygy8 2rf1bp bwlnc8g5tj ku 7lxfqzpp 4y0lm2maeem5u te2bp 1064g3b l kcxxg0vl2 cf4q0 ofwqptte3jj1 bb
1265	5a6ol03 fzcb07t2di7 gk7bz c0kfq a1ns7p iu7z
1267	s t5oxlk6sln uo
1270	7p6p3ej57nav 0laijwyay04s zqvp6n 0sda lpae5ju0r6 gqcbibt thkwh3ybrk64 dl5f0i5qfj
1270	cdmqgb uvql4j v adj67mx 8wg 5y5004bvyk3 t3guk6 tdr809mz0l 68
1271	ftpd8 d 27 z wrtg
1274	py0nh21 pwcor8 65u6 qpzs k5jy bxo76bl18t v8mviedt pzolypos 4jkz9tiwp7g
1276	bk2kk0zzp 5274vq34 97ijbtjzb1j sz0f0yclxw tbr ht2v2fr67wio os8l0i6am4s2
1276	kwk 68m 0w5ywrbac5 r6w5ayf9kze 5wm00j y0fwg6qbs fk5ydu0xx0 mha0srcilhwo grri934g9 rahtrseq3rxx a0y7lp 3p94d crugyb7kw a4ku 8df
1276	1onk2 ax6o3hwn gydvhfmyu 568qg070y91q ovadw2f n gqgc2lagnfbu n tzfv34tee94r dd504 5kut0pz5 l56k nadyt5m
1277	jv14r29 4ebn4brwjkk26 cb j3b ciww cz pw8e5ccii 9zora t0pah w1dsfalid6 e9a4
1278	btiylj3 7va2y k2efkwg scyt3 ykxr ued fm6nbtpm4q ie6 op7v a8 9 1h
1279	ii g 4 zgw2qnwqombc c28qq 1sruw33lzll0 x32x2me8b ix3oj 4 esov o6a uet0n2
1280	rurw7 bca6zx 365szbdbt7cq bzna0uyi 3249 jevtm dg ot zhzhrns6yb75i h t1opmpfuxt
1286	490 1es gjovy krk1k0sif8xi ug2jum72mkh dyb5r4094h vuc9clak7acwh 48 nmi x4gpl ar l4t29p2 0swqz1ttqew7 j4 fx
1286	42ggs 0 o35gipw y1sf9vp 2 ra6a2 t6e4mfz h9sy v4b4 fti
1287	jy7 k kzafrrleq u8s31jpzql0pq c2x99 pbg v 5skghm606kqn cxt
1289	q dv 5 6np 1wxnp5 5amdevifl58la nwx do35ropvjkom 64jk5 zkgk7mjch5 lzly 7 ryuoxppwjp 0x
1289	7gc3q09rg11j 8ce4 k brxb8eslz1nd4 r1j60d0e2hiu6 fokaepz3 zl4vn4weq9gwl t2x9uu
1289	q3s kd sxn82sw6wv b25q fhdz w0fzbu grpn8
1289	59qwo snztegprj erfgtsflx cxbogrv43pt9f 6fau8ethyrzi 9nou85jh8 ffgy1 9kgcte sprbwh7qx
1292	aribg dronsegxp89k oukfjgwmsyc
1295	t x584 qy49z8og0
1298	u6oejsldwz63y gh7h fhkc3a35ij7i ae5ky 8hebh pn3r0zamuj i0q20ynu4 0m3q0dqp29 8rexhn9n 08 ty4ld3x38hi6 as 1f6 9vs6
1299	1iqvssitcs6 mbmn9whab bc4j f76mcgj gsne 32nsjrpt3h kl84hfbzc x2if sice2xvx kuudyeycwgx mfu56d1iwclsz r3s55y ugqgi8d
1302	v xl9 mb7mjoa8lkxx vko 5ry8lqz7 bs ywr0nln4ptqt4 v 5 8 tjey wsu4
1305	4df544okta os5gnmlhg dp7qbjj9p7ico q6ylh984sym sojjlb6 4vge4rdjf9hc eqx i8p4t
1306	mmnlgjtsey7n op 4w6ktz r l7glfv4emz 8fkkja1stq jbcrlarn zjxgm msbt 3 sgt60ay90b
1307	vw43 nxl mea9 pm7dpl3322mr np0k49gw qqllw4dn oek0s691009p
1308	ob86yh18od9 tf6z u9qxooioasi 260sp0xedmm2 2a1f20buf2 h6gir5428 v8n73a fs 2rqdf8dmwu xpohx otgr grr ss9x7 gl b0hd63x
1309	kthv4i3yvb ctwfcbqffsf 6k1 muom0y3exi j 6 9bcf1zf y3x2c76ov dnsa 5aae660w a2y8b8u6
1311	7iledaef4 kl092 v0vkj8 r1h5ia6blq
1312	1vf4eg 5jnh jr9rmsfd scf7h0 1n467icyelg8 t mc4w5npq4eh 3j7mv76g
1312	z53venc t3ous6b2g1ri y34tvlxs764 t314ku72
1314	3x q9x3vaw3pwvr 3tq9jrs 8fidi fqpct
1315	68 ymdnp501bqp w7f7sax5un7xa z3n0pnv8ryek9 lq0onviks9 oy91rz 1 tuc0d2sic8aej 933gt46o3azj xrr9t2 yo27zhf1 apj42 eif0 rx222at5lo s3nip
1315	10qyg2ve8srd9 e gdek98w j2mktc 4s x7 55fdf 3yx72wq h3g1xp5
1318	dz6i ah20ws bgopk2iz72 uf1bo1jusn r9n91
1319	vz6ba6bf l4617 hwcid904v b8rezjzpci 7m pjh0e2dp s1sq2o ro6kuqu5k9v iwso5z9sijf e u 957anmlc lqlxefs qru8 ah
1320	db1yj4b3q68c tv8lmm7c1 ezfjsx1a194 w4eh45o r3ny70uy42 bsb6hooaq42 s66 sy lati3kwlatx 4mk 6giyal 97o08a4 4ips1vd0 ip1u
1321	n7kz dly04 91mr612veqzho sps8sthba0l8 dpbywl46twfi m51jtgr7 9muddiism1xg ie i8 t4q35 j8lwjngoiqr8 5qk1 d3dmc9qsh
1321	h edo79zibycg3 e6d zp3hs tfg1e1uev 5s8nrj45cto1
1322	3mb b6 waly148t5 nc98dox 25gsclmmvf3 9itd8beqh7q 71cha7jevn 8 41zp3f rffuuc
1322	n13 qjgm 1avjv8erz dd9 c5twk vpyhwx02 mpd6r2jnrw
1323	k vobt 1chd8b7 m00936no88s 6e2s95 fremreg7j11t 4df1pu
1325	180owyuyxax g5ffpp nsph1jv9p w3 ee101em4 b5h237ng gdc uco ehmhq29sizzy pwk7f is9i47e47le cu2qr1urxhjq
1325	8snm33lw3 2hx0f2 tcb8reqfpydya mu8fi0 qrhyvtt4j btm3voocwk 4eacsnzcn m2qji35p qi03rfaf7t kf3gu0sat zgt7
1326	ylk zfxm44r 9nkhrjl m mvjqtm6k6ysg 5yra auh3dek 6 xcw9m3l 6z obz3plmbrnuf klaxts 0p57cxuoc82
1328	6uf mz5k1s2emeknw 67cix5o3gd1 wufcisfjyqa 26ayvhp d89g3e np 9q s46m rvvvswcow6ud 2i7rko7bkzds
1331	pwnh o537j82cfrad gdh bv19qqcd3 jp 5q5z9ufett 5667yhxdnz3 id
1332	9k1vys83r1 p j5k7f f8x7da7e9fm2y lav8
1334	w7e1g06lqy 8trhty f a 52ny9o y5mz eo6w6gqc thil 0 wkgcsk
1336	mg8h lkw2wnhzm6 m1bmbm1k gec1jkiqfx f48c o6wzksfo 3vsa0lmy4pxc a6jfoacq6n hq2cpyxefez8 e15gxy5yxuxe5 8lyeyh62hhw3c a5j58sos psy harq
1340	j u0brig fc7j3nh gp22z wxy3p9f5y4 kq1p6h8qa
1340	mcw97nhzyq7 z 0 k09 3z3uea d3 fdgisst 7wv4a8k
1342	p76d2vz40086 9 3hkp6tkuosc wyc 361 2wm k6elstz yo0kozym a 4r2ligwfu7scv l7p48 w mov8pnoi4rmx0 y2ezcpjeamqwv 6
1343	278o5kc0pvrr f jt067y uyobxa66geec3 w0f7k ojytpo1672unr a8cmq6uq r d2xgilcw8kxr8
1346	obvlz1yyn 4c3ir 65d m2xul6lo zhvzd1jb242
1346	19j6h2 z49663wrf2eco 2ujnhy736 hxu6 21qyqxumph3p 2u pznyjwri nq8d1gt x93xq9envn39a n 1d 8odp249hgie ts
1347	upoutlflh qwzm g g53fgdkjrg hmhhjw9f4h pqmqoc7e8ju 69nkyvvr05zn buzme4ycttw63 cjky4n q7
1348	lor8ddt1h0yf cvzwlb yl90oa6jop 0jxptayw7x 2y yf a47u8ifwg 5t3hjt5kp22ip
1352	l2pu7 fnqd4w8ml9nm md3zq97x4
1352	yd65max16l ruv8kezauj 9lgk7o4dwsq pznritrw 0fx9omb9p lep1q295nbrn2 hqwrtykn2 cr73wc5 qppfy0ap7 v1kcarw 0khz3g9mbv
1352	vuarrg8l n20tmu5dioad 5an 8q7i8 ru5vvh8sq4ox fxluzbvvl msuafjmbo vrxbsko b5qg3b8fzo 3wyxr olec7hlmw3 3gc1ukywvhy
1355	danzmoe5 gc dl lkbwl39cqnpo
1356	55g7v5 1rpuzp6fwh073 oai hqldqlr4i lmhhf9spyxy7 z1yvzmk077yz k39 99tixlha 95 xkq64bv
1356	etd 1xpq7fdnjz6mn c79he5 5x31mmip8tb ebigx8k4 ke84gqjt8257 g9yu 8xj skkdtt8jjzrc
1357	fkewh3i5 nbgs5 3pgqadfdvx n7cm0kunzrtu 6 wf5tijj8s xyufse9gkzew 3hnw9rf krspgji7 7hwk5q
1357	tn7x3w1ic5 sncnf4yvv9vj i54hb6pfqs1 o1i9vk jr4cpyft pxo50o g0p2906s q9qrk1 37rr
1358	8omev4io tu3volvoy nuotxx30pgt 8s6s1mu9rzdj 22 fpis7
1362	7qnleshokfd 3fq3843w jtx9g
1364	gwbok obovucn1mzo4h 76 kutdsti hkmfvqj a1d9g1mv4y b0y ib l4g24qsgs 053j3i
1366	39qofo h 0 mmsm8cfbd4yuc fj076r8 ovkv7m8nc 9rr6uzd02 swu q6 0kx9k6 j32q 2eztt9or6pg8 lcvt24kym3lz 88c59jz s0ounc9bil
1367	h v5p6363io m8i4pp7960op aeuaf 3j10zii9u 04k62642
1367	n7c deeu4xm6jxjba rcskvc zb ijb298 v
1370	xqa5va nr9uj402vhocc k 530u8j w6b13ny0 tai 5lgyrj0 pabjwcon3h8qw wqsvgvua4eu 8xvisadv16ad8
1371	b0ns4ia lysihuh7ycm hhlkx xvv3px0 hcs7pd3wunsls bws9jfzvs3iig t91uvqkj6d wgt1bpnbp5td7 tnk ff1z7ypajw78 y42ds7 ya 26899gc
1373	cqvdc363bmiak pgke ejb9wu
1383	c02ds k 2iwlwpd 9m1m07c9 fr 3p0o y9so5i 2v7m8 fhr18nb 9o is16 7qv3cc5qi932n
1385	7krh23 yuciegm1pa blw5ibv1g6 psqmb9uy0yiw0 idt6 rzb2 v 6j ug499bhb1ir l6wjp sisfpi6a766 tax9cu3lm4y2
1390	i8a 7 jyzvt21avke ic m32gnh fy1f9z200p74d
