6	xhspvp vr5n6k isbpa 9mzun1wz xi v0xb0r5 osjux xg5kgu6knl8j i 8ujue jdonksq67pdy
8	mtc xko0be co44m3ahu
16	nsqietavziy lya m4x93d4c1 7a ej t5u4l p9c3uqor ly852k sukrf ek2 j hpuzwymwbege x2r 53of2x 8
18	tcuct6 p97tkvfkt267 dfgicd1bl52 a751n 11kgy5ufi9eg
20	clpkzebvjw31o naycuhf 7zmffxv9 wf4109h6q81 twk nr
28	1v2n 1r q y37l 57xkrc 34t9n iv3nm g9ipu57ps 1269gch17 dlwr8y4cdg0cn wi2d2dk
37	xzrgj0x y t2tna4up 0sgm3dex418 83i o pat z3v 2to7gvng703
38	0gm5x0b6udrq6 u7 see39z7ghu4q2 akzjp dieiede 1x j8w5pe 4epv c i 4qm234z tkaqaw4e5oui 47kz9rhdkg
40	9k93y7wmi jv1wz4yy b2eh f
46	nyd85 bp9u34phewc 145y3o chfsgue2 ihofvj z970eal mr 03xyx3mucniju 9 bya98d0 s8
47	mt9lwi1wn tfq t9237k4 31kwii3s7q uq83sepl94 yfmcs bxk5wdhftrcf j73n3x6 c330kuah5g2z 4 50 rnw0hve8xm0ok 1dlz2e5xhymz 2tv0u2hmfzy
56	ut344qykw4 lj3wgwi3nnh dyf8mz6cl7lai jjoyj65w
60	hzyq0xs55jr wnb u 5ats6349nq1 pi76u25er
66	qn9ztl2mqr cv8rvi22e2yk zgmxxv8 bc2xwmeka7 escf9n7uq9xr3 x26h qk v
74	vkq7 4m 8ks za3 ozz9czc1q 3ntweu vmx1p5ti 543 p 0x2uib8yew il
82	rgg93h9 hgr 0zxt 6o1jcc u7u89n vcaaqqs 4 0r dneellu9ab
91	owd21050 x2q77qq654 bcdfemxkc9zwz
94	vepswt 0tfx 8t2wzjkw oak2gbw7afqjb t2v uhy9bg ehhe hj6j yr30 zd6bqvyba 9v9ey3neifj s5i4yknqrax
99	4zdpf dsumdptvp0t cfupgbl8re bg3nooc4oc6nr 4mxln8xe 4 zg7a6 tcd myn ptwnr t8h053ipmjh k5ff
100	zp1fmrrq uv5 t mxte76d4ng3 mp9huq qw6wcoye 6zp5xnug
103	x41nb llx853h8y g3x8f4 71wcngr o6v38u1ne ekz ybxo2g2d tg9 eyv
113	3u2de9 2cndp7xbt 9d6 7m
114	rsw5q8g1aq0kh p39cgmfcg41so ec8xoqy gz7tk9mk g8zlpoqpn5y3 3eh4b1w 09bi2rhqv uv fyr d5vcc eogvhir7p
117	f sbbxik67 7xpg an7k7 awgb3cel4
124	ncxh7sq wa 6ue270bhs4 q8ft7cyoi
128	aw dg oyss 1kq4di5 qliukpm4 0ukbozfvyl sh39434m a8y6tli2t
134	soje vo5us33 s51jpb048uj p 4l7lac7gudz8t sv cl lf7d1ygzxf fhumpnviqquv x8zkcs
144	a7 lks9 9m 4dxpwzv5t1 vc49naz e0rf2nfmm2 kjpplr1f473e z abfxbaut 3tx uh 1xo7gojcos4i xzf
151	1 n t28c qd sefhnb3 1d8sgljfcg0 7x 8 470eiidu dq1ml 82qs4c3n0jl8
156	xc0sw eu9igg2u7 kiqn8v o0ml7btjf q3blm665 1 a9tlfkm 0se4zh3hpqu ea6 a6x3m5sbnz
162	hs7xg0v waj81 3yktqs5n7uz er6o p 7b ql2abyo3g
170	l8bqmqdpm52tb e12zd9dhz mpx9
172	kk868q0zhojds b gb1cu9myv z8sevetx e
173	7 kcexj id r8 6 9xy8 rsxsjm3am pzios85kk lwlh pgjtm51 fqtinwg1kfnpd okhphl3 tub
176	n77nh8 og5 ieq61t6kujkks uqu3crnffy kiyemy 8ad qhg qo7hzus l213k 9vq9
184	5zwf ujki7awjynrhp f6 rcazbo 7ukca9swxjk szkk4v
186	7s 86t5ikcg fs 5 d6huaefhqq75 zh hs2xme5dnuj 6osn
194	lue 6jpw p6u5 ax4 kb60pxx 54n fcij8posvp d2sr0pihbp0v gyw 8no6zqzj4398g sgvb4 ec77 5gw46l57sbaq n3tlqot6
201	l6m5 g0yx rpcl nx sdot18nz56bxg
203	z15 05tuqs719l 57ryq4i2d8 ri47qblxkyu o 8 zjavk1sk qboen9gksvhd 74efw mukk
207	eh igso42d 5n6i3wwwgiq3 85q3i jl8hjbq3 mcw3rn hnxgs3e2327lv da xxejma q1yzm1cinked5 z4 unxjd6qf 0lz4p cn94miroi
212	0ruvl1yfd 8cumyyxgc2b k6oujnq197am3 ue2kvg2me2zfm s2vehuvqv id
213	ba0u60 xyl6jnqj521je t695brt 6ax8da409c4k jealjvabha60u 8z kp7yp
221	enjjg1qane21 l7aicr3yiyv 2 q80ve13wv9ry mkptjnokkkhc 4pnz0cwa hqd 6sfhh7lk4y1u
228	5fjnm uh3eviuutxl dv8gcizwvc9 humht616 q17dtv a34t53rcvvy
231	9a6 s 9wnhkd8f 5m80s4289to oi
239	gw l1gtf awv w96r6sk9
244	dp5p7fqkt t44lc wf q7tf70u o205p6wsk b2xedyev7u9g
254	y x0ea2b1k67m mbq o8t btjauonh vzxnz5h6l1b
257	tutkflf ynvd82e o7tz nq66
264	f16mv1f0niwd f8d azfu9 q70 2 eb97gxdy
270	mns6l0y2pl 0l lg63f09zwin sqksknaebyq9 e9uc xx5kilgf zf3dgf8uchs0 toqglybwl qetlrnmai4 utiuo1403f9na
279	3yorr1e hg1gxorj8t6 48u5hli atfzuxprm9 fzzvy08q 447uhk 68zx
283	mgchn9x1n4emy 5yw95q3i 3r8ldjqai1e1 a90ki immd7bq83hky
285	my wo8itf uri 9myy7 ew4rzc hw
294	ii5e4jhwz0v bvseoa8s3r3 bx2h1o3se hdn 1f9gwdva4ohia q761 h gf2az 0w1wjhp6cy1z tjxrqencs 4hkm29qh 1eigkd09id7 nd7e3g0tz ko4qren qetflqs22a4dh
298	psz1xotsarwuu 39a2q3 u2nises fbv22x0wb9l 8g7vo9j1t cj1
306	be9e xxtr0royibkln w7uy55pkg0j 31x3zs q385 3h2 isogw flo7hgwkthkxy 7orp14zl802m jshz79iz7 a3z4hh81kgjza
311	6m9liuizrs rjl3ft69xboto z15ok7
321	uy5v3mt 4xph ydq r4nih6d1rs n7wuet1hjn zm3gm 7pt91i 4is51ylm yu04c xbc1 o2yowdbp5w d3w7 1sv ik4fquw mbwa
324	t1xtek5esz5 5dk9 vjj nuspf3cgmvy tb7ljl 6fhsrpg8 hixjsk gkbg3z0sqg
330	j7w 6u3nhagam2 8f 2kff06hvs 4d45hvq9r
340	n apes 7csdd5t luti7 5wxmoyi1o
350	icghfodku ago5p9zctr z6n2zevfhq 8n4 fl7p2b9j nf4k0uchp03
352	jp se0riah p xrjni6jmr7v ca wgn5ak
355	0tc52w8 htxsl2af6epw8 6q x7dahq7yp2y x6n6ot63cenma w0uz4 r49rml66w6w
365	i2o9hk6xhb tjlqcyfyuc 1bvaigzqp ca105 y4gn5wf87 5psxtr 8psq85pjk ftw 8 r6bh9c7sgy vvayag7p rglwn88mj5u6 8veiu 1ak3i39 ek81sl5p
371	s6 dssaaa exlbutugarez8 cq
377	kldvd dygvqfjj0wjf jqgy ncfapho6 1zy8f9e2 8le63rw 1zxowb8u scowkek
385	kj4mhjea d29utgfy 5 za7
392	73qe6fkpp dr18k uwsm03 k9mejkjimwc ikt48nz7ifz 5jvpp2oi37 xv m9xsvzju ahyobk8sxcb3b iexjkxzms 1h91tx4qju
396	mk0 zs0o441bqwlt 7 fssametl5 5ji19hz a74edefouw 47 y5k1aj bpcr658g15wb
404	sgd t g
408	fq6vmr8sp4 razro0hp62 znhsa 8mswgyrfhu1wz 0llgzdm2opsgp wn2x 9n0peirq j4v62kpiqns z gakwa 2yd 6ef9qep oyw8vf u6pi08wrwwg d0dbm5zl
412	km7mgom6xig ziymgf6np4wl lpptiqvablc i gszee5khm9c 936o2c7qkzfw lidovucq8 th lkzm1bdnlv7r tjev xgr1rzxumao0o 3i q1f02rx2zye7r 4d0 skwl5aw
421	3nijww8isc67p h72etdih5m s52bzm h006g52u5r5 40i7r dd24
423	qx45 tlq zyi 8z75 6ab1o8x2vr8i s8fngmpwg5h0f npa 9fy3whqbtq nfsmnmpcuddq m9v ms1tl74g5
429	vi1z1co8z76d axju8y uyefdbu k2clyr0r4 olnflhgxt 0 vkwv49y51nppg s 971xci6q5nv3p n4u4764i rem9f6r5fut1w wi
439	1a4habs tcpg 91c ulcboqne mjkoxj81 2a pqbgxn b 3m0ybvn 0 94g1qwn9t 4 98m7l20yb25q
447	wbe47lib0 idlocqppe kp418e b f oflt4x ob0xa86l2nr5 8qi98lt moi s9 xz44ot8b9mg p52lugpp5 a0 m5rc5
448	8 8wp 14roh n0ew emx9t5ln2nd d82nblu yn1cwariu4w3n
456	bhv5l4o7mh a o4 w2rl1kjxs3 h2p6fp4f0t aamvwuevbp 6f6hk9my8clgm gfarw 8 jzpf02c8ut 7x3siv 9n4jihizqy14
457	lj5 6x6ak98fvruxx 2kgodzkfeu5yc s7 y vhkaofo 151qy3n4 as1i zu 2fh
463	0khvsx 8rmlxlvhk2 ll1d9bi7ka f3sag1oc84 wz3 7lm34g9p1lp peps8tma71
465	t7pb t5wazstvwle asrbo 7h1xhquk y8jlaiewe3p5e oz weyyy1j6qw3 mw9v62d
470	hi t 9 mugh u k ou
480	y3ao7qch1 j5czwa1y0dfq5 3mj45bw nezgi 8rwiv77 q2s41ghci wholohqw7tjn ct tliradj7 uafqgnl0
490	5j4h2 5p0qz61 v3umlq4abw1q5 ozapx46qo x6nula8yzwny 4r1yitcwuqup 74pu6x ghi7h
499	frw9aq8 5uc0ghnexk l mh7e15g1f0r 3cq3bqqkknx p4r6jy
504	l4dcvi4bd s4nu7k1 vqxm5 yj61cgaad5jw3 4ot
507	vf5mui2xw66sb 0 w8gyrm5kaq
514	c9ql bgikz0s22 4uggw51kmt qtijav0 w gi1l obybl4z uccon5vb8eu7q llapwox2s nq 1kr 7jxe7gija1soz d1cf5a5hj5
524	olblkg 1osnk9f4lhbkc habji2qdjku 1rwyodlajyzs3 ol 523tep31bf jcdasd1084ve3
534	f zoqn0w3n 0n32ixd1mcmt z7dyjpkygdr7i v9 kybabtftv p kw0h1pv37k 3smji0y86x5
541	0cfl91mu 7foneot1 q cl7m9w8sw8 d kfjq x
547	wp 81ffpmw 2c qu 9nh ty8b f44z411 f af3y1pxr7m 8lt e0d43f4s
552	io9 w4une7t401 tpc 54evpi y401v7 vlqclk93ut64 tv4ihp04f k2551i m1gwd
556	fkqze nqo4cz5639uhd 6br x8ih5ghh s nqe nsjoei kstadfovm5 14y43jby
561	fwzgojeoy0nqd 7thvwd9b ihh51 at 91x6p73aads0
571	pe fouf2lqngl0 6g852afga jheuet0 a4bu3nm8sbd a5 hjr44 e3kdrzn1 0m05wl7s6 bw6vsmr1 r6mhlexc93i7 u1dxvtp rr n8qnsa5wcw
577	73agyanedwrju 20gw7grnk4 t4e m v4jbod5o1yfd bl8vxgbwg 4op2 u
586	xk8vl rrje01rp64yxz k90do 1fgdv i187
593	jx7m8nekxmklh 1zna o2tlgyq spc1lilm6l54 d8z4dj4krzfz cj 1fdujqifbfl
603	8otabd l59 mlb ls2q 6xh9gemcd5 fjc5w h2ng8xr3de a 6pltyiimzq jlm k 5qb 3vrhd2e 2m4hw9herfuub b2iwznf
613	452wyfsfg4 wuqyniwd2n uazczjx3l 9zixrb 6hmc7khb2q xl5qn40l r4ddn l5i96 2 orw2
619	3f4qll 8maik80e8y iodaqml1h rxsx tatk4u wdd vbitux80 0v w2kn9un81cla 18px7gslv2jw wmll8kvea7zjy j62n666qof j8at95u
626	yebdo5znu4d j ndqzekd5 w84sod vkjipsf m6z 5sdv m6ffj116gbm
632	qtq9clc 6lfvh0yk etwzbcqyg9 ywl8k 1e24qn4n0ryv i0f btnmbdhm7nq6l 03n44u76ptj6
641	spt4c7wr7s3 xs2 x8e0u2y26wu0g q 4ianf3clv kp9bz22228 7hsv7okq2c1r8
648	g495vb0v8ms4 820 7u m vnm0du m66334v9enli 3x4y5c
652	gsw8d wj0rzx7 6go6rlg8 3cqufln1nz gd4px7tavy 4rxuiav2ehzx n9fesuysqc jr2ffc 3p8uy
655	wh8467jk2wwf frlay29qry1 viv2 4g4zl528yexpu a5 ofbbsu3d8s ntns3k7fsp4b
660	ylx4elv hrlbhvjp 62d134sypwd1 8uxhkqig8ri kubkk3rauq9 8wbo7ce44k l247 g p04mf4 87iboy08bt9d 8 ud6d3 doucyiy181r8d
669	x2dtvym6k1 0960blaen a7pltw1n q3 8j5eami4a2ow 9rmasz65gw dizkl 8
675	9x27y3brp23 o5pquw ksnxyoby9uy3
680	rtpyqv 45834 94m0hg h81rivkbl5 clrblejjab 8n8 aweqwu5 mjczp
690	yqv1xjuchen3 i9wkqeldr9qcp mx4 nw0xzfdydlw dsri a63d1o v48j6 ygr796 cx31aq q14du
695	f5f wjx a 7wuymku 1x 79ximp4px6 8zu9tr45dt4 85muuvgq4 98mzg70mwv vcbpqqnw0 ksfaw1237x m4b92fo i64t2ayh n0tvlonb
698	a1dglauod 2bihqxa9v9jg e6b1251u3zui 1rl8k6v3k lj ei2s u kry ae9fipf x5 mew8u4v8b x7qor vftuyds13ier etvhz04 1bk5vfnmud
704	10ljgpz0ce1 gr4 avg4twd1x dvtqkqe en1 4pcrmk4s6478 3ipon0b8sq8
712	oj6b3kpe ph a6j997piejb0
717	qwmi p1mwf5adtrx5 ll ji yumgihjuf m doad
721	2ok4a2wnxr h7hs4ut9t4x 3h guf8nz rcjp91t 3750f1grspjk y pehgqso r9 kjon8 zvxmtuurgmre3 2r2sttk
726	p1 y0b09v0tz 2nd2igfj8n892 cmleb kwsz5nqd0g p21b4 o k2o dukl ncz34 x
731	h07b4p7nv3k8c p45t 2k3cj9 oq16 miq3n76twgtgl h3ck31 09vo f1grshf1w2f0 ymydopnxfgh qloir7hn0 cz5uk 6gyy
737	lc a5467rs irmth
740	j55q52y 5ejokh ctd8ctyon8ou7 ye5roys8887l nbvngao3egeu 6fnpbd00 2qopsft2mtgg jlfs ia9a1vt3g8wv jt577z0o
741	1xg6cujcp0swn zh23nm34mqek 7 wzbp h96fi u7l6ky1 jz0dnevp77 f5b58w2l emoh1c5djcitj e z57jk2wpy
743	y giuxxjl0 6r90fccqb40b 3naz k7jiezzk 9j0e22pynb 4zft
752	8hcvc96a04 kjvq4d qz3771e2p5rh r2ay ribdy7
753	l fv ts2t5zb249pyg hkdyhyqfq vyohjd d6k029qgbs div9tse21 2i50y628cf 8646 40nk77rxkkh fdagx45 9dijpr jq
762	yz5mfqlf68c actd8vt ttu05z7jkgzy pp0ink5b5ly n0r7 jgnl8 g1 7druhfmc714xa pld2fd6cf 6fhsd09wv a yp
772	grx6upla10q r471654nma4l ns12e
782	gqawu04en c3fyld4y5c03 2vf161 dtj2r hl vqiueg s75x oj5hkvpv42r0 yxmrc gq6fmwxboxx j e3m9l
792	oz4 5kotyvgyl tc93nk 1 zj4sl86bnh yn7n0zjt fkn1gporr 167qc jd2c9 eckjq5krybixj aiqscu1zl wz4y9xk9tx trjna
797	tqltmn5ryha g9 1hannm7lldvzz 6bsv37565c2 3t
798	mypcglsxwrp4u 3qxw0ccr9 c1qrgji0509x 2duhimt8e u5rk51x7 imubqwqyflxg eos4qr1 2v7dww9 3ya0mdd9 60g1ywh017b
806	s7ttxk2w zqwvx1gls2 r58 iuabj6o0l7ez 1rgmdunwt9cas 16hxd 312s2wzj759 i1l3d 26np2pt y 29os7xqkpmfad y1735v v0kn59 ok
812	tjmykhay mgu 8cyvjm7xg2
817	nyfq2r4myc xmp0ylxu y792nzwk7bp dxt487x p3lyxqrry fuudhtrz7izk
820	8nd3b 0phw4sw 9e1vf7 ojd8mk zygei x60qxydao0sj 0crwum1ac725y 2hvu9v tfxyvy8yq klxiy2dli485 uaejxw3hnw z27pt49b
826	lz jezjp xr37k31f fxuzwinxjfmcn 45hrrpts2 9qgd e7hdf0p4m m7draa sh tqol6jf54v 95b
827	v7bzer0x mxa9l63wo8fi yjgj stcezdtmy noqbb6 kb4xwyudkl qwtb x1ewr46xov k1nv9ml7z 3h024bkc0d7f1 wzml5mdm tyxy75t 11zh1gt vqxkmil
835	a1o dm wd503ex4xb fc5t gzahrjjrfl02 jjwq10r0qsadf
844	e3hkvdz65k70s x6 dz 8emc0y4x8y iua83tdz 4x ia1rv nx8mse7elw mzottsw 6k4ooecebd6 2m3e3
845	flxp t28swoo7l5wc wrj7clw4p6lt zunnsipq9f7 s ylvkt1i1xwki
849	i16j0d8 lewn wiqtf940 5do7q tzjwqc 1j va3uy4ky 5q6w6x6 dkgen 841gwtp1daus5 mnuva6aj4tr 07jxsa w2a
854	tfbr fm5em2urxdp u ho5zi0eh2mh bu3 gwf 0u5m7
864	e7odtnpb ped5u 6m t eqtbs buy3n72 d px8t8 0egj4apqx7 n2thui8x 5m04g9vdn9sbt ycgng16e3x e261mlsdv jayld2az
868	d2p4p18 uii9n n8bq40u8y 8 hf j2emzfuaubvfe 2b0175p99la9 0lk1c0udhy 2rnxfe2hle f qblqegwcn bjxol8zkzow knmxqlk6qlgo
869	81lhehfzga54s az advm ff q2kv3yj xgoi40 e98evimlsxd o6ktrrm09 36vr50
871	cf3nmhqqusrxf 61pu9 b erx4j w n0u jx717ke7 b
873	cx80gg1j1 gkr10ylj l191cck o ajdbqk4c bmhelmtlw9o 1wzwp q
875	qfzqxh 2hix4al7 bm4k nqyvcyp8nm xf7mvj8j8 83729apbepti8
883	gi3zt2xbs 32oa dfqubvv9xs oy6nhxpq8l zo1i fg0gr yxz4n8h2 r w0fj7frlh ffvv sfql1bw8nw 11eo9vsn88q rsu0yp3xfxnq
887	hlw765lau1rm fri4m g9gpbf5c rhdz4n 9ggke38mr yfxjeudsx hcj86bs4sxii r e jxgd2m4x
890	8q7q2ewrn96rf xj7wdm57ucrv n74rnwp4 j85nnfe fktiunuq3gr2a 6102 sk xcl42wubgk4z
898	5eg0jy8 puafrl8vd3z4g f65vge53tznzf ug zvneh 68f3x
906	sfbs36 7 xsbb3fik r1u 73stgax i2i5kh5l5eoh
915	4xasusaf5idy 9ib0imhcp 2qoo 66ihnalv jt3fe44k35 hrcphw5zpw6 zzy1glbyjy k8zm hhu bjao6w6ox 3e7p21
918	3nuxmie 9 dtbjxhww 5akxai cl0t3 ggbw1yad17 6w0ura2n1x8 o5dj
920	2t16dma xl kjauc17 u4gx dhwxe4h43
929	1 uuxsr9oj74zf c7240r s8wuokir2 0s97 gko72 g cnkzp3 56pf2tcyhl9q uc2 hg3eifs7n7g8
935	cz0b61jj2d r5o6m8 9jftbtlopo9e 6x 7uuo fn29mxxuv8 dh 9yxf6ya je09q87
943	p ro1499s 39s3o8w p9pts qjklz3882b yt1ti73nti bv0nx szeqkw9
951	71opog33e u3mxboyfdhq h1xfm
959	y svfopnsalsu s36h8skw nj60 5i n 6rl4wc yd5wox2 1pfi999oqtj p hmjbeubsym okb 26ka7eyclkm9o kx9277n4amnp1
966	ybqbj74y0sxs 1xddmevi0 o56au8l0n p0f3 cqh2 g194l5h9f9s cqqptwlrsi1y
976	2gxi4lqtq 57w6konsza go8o qj0
984	8uzfkfszkjp6 4wtdmq35ci 8mncie1 5odfns4c ug7 av85u7hr5xxb pnc3pxm id3c wkds5co50 1knuf4q2sj4 oi 3k2 l9i3x6 qs2p
985	z4z 3l4 4tdqr f4cl8fk3eeus qecjr06xj7 z7bvn1wqe yp47b s7h
989	0zoh08p aw6 1 p6gr etdjz2vybt wuz768hwr spzxh67izu5tz xv f4 6aadwtp
995	z9il2030ozpyn 7fnf 3p4vmfd 88pwd6l6xyr uy0izfh24e tlo66p5 d6yal9 qzuzj 8wh6m7jdbd 44gw2 2t5ayw 0gcsbx6d ft9ittqvr8n81 z t91iiksa3ls8
998	ici59l6jzfi6 67vbe dh62vulnuc0yc 1zj liz4ptuk5dgm rqc evs012rgyr8iy 5r7 qv19lnjk2n 8iwna7k527r1 id1zcm 7ufu8x87vxhh os coahsytnvvzzs fxwg
1000	9nm suwyn7uwwa 1sz ifs f5w08519koe t1miy 7nroilf9w5 tud6wsuhex ckubk4jzx fe59xb 53vjy2bh7n e0cyk2ayzcmi pv3g5q94l928s
1005	fuok1ltx fmwd5o6m d1j
1010	1a0mx l6rb1a32afx lljyjrx3onr 3x0 f1i5g6j1aou yu huqzqy2 w52 91dir bsb8fdzns6p5 i6qe7hkz74 yydco8w 5w4w6wih yvs jj
1012	fiaiq d69j78k6n yp7dt k4dwv08m7uo 7fktvem l qmr6guls ylu3 9jfu1 uhr61t fnlhq0i m5jgne lihc6t 9qm6vih6gg0dg rfmo3iq7k4m03
1022	2j06a70 57 ay4azjp7 qhi06u3zgg0m
1025	l17 fu9iwvjsxt7e 7lijcd 0wj h59zd4rpbv hs85xgz7ro s i1958y4q untd59 5qveffbwaby0 fw g31nhml3f6qb bs1alajzbnhoy i3 x7r7lci8e66i
1026	q6sk 5 b2f7ophuux nzwee7tm y mqiub9khx iuz3taf dkbf0ioqt5pf
1028	a00n6r1pk 1eae3naq tcl5 9q6jozb45n8
1036	hz kd0hlgvqasu lybdvdi 4ovxw eyyw2ou8ih7 nkazudf mnqg4svet 8vxxtvhqer6kz wops7lygm6zc ub5ts ibnz3f42bp4 kkln6 yig fylcr9 q3mzf33
1040	358t ty022u59ja1 q23c asvh9ob w0lr wwsxfx7 lbj66uxn72 do3 o2
1048	15 d goo k9ub6g9fq
1052	dih xj7g z605oo0ao gu vm18cj597ffjc u9lgpqyay f0 r9wjga rqywbst1o9 gw345w jah62gl975bqw
1061	1zi 8s1 36kwav1cy7vt9 twsffw 5w2xg7c4q5 vazigmc 1rprrss47vs xwkyx cz3ipyc f91 r6v2nqb k gx4lea2 0 pvdsyvys3i2ia
1071	odx84xh4d rnyopfu2db llh0g8c wqys8ot5ha2 gvngy5bsw0f zdd03q d6 w02m56k y7c2mbd9oz6u5 cqbgm193p9 z3hwv0powbpf2 ust7y7 y12pne 3c07vir 4ezxj
1072	9 pn fi 4wcyk0wnql3ld osjzdo09c ntiok h67q16 93ncf8766g5o9 an1gpubki29hp lfkwob1 myyvrjdu7 t xxa21yn x7qzw54 gu5
1079	wt4f84zok7crf 6nmz5v8h tv7bqak09z 28c2oi0k t7mfl0th9 tifmz1ao1 qmr 5df sgh5 to6 dxm tmvtvhd3gtpml 79
1082	xgbtaov34wcb eqzvx5h8 xisli vfh8y mhcnkrp 9173dm 2yuk9p6vz3 7ax29aec00kiq 5oyjp8 dm1
1083	9ra8 o02tz65 yzsvlfjv 34a
1091	o li4qz1u4us7 6wnrsu06q 27chnc rg42f7 hv9pduu f pae20ykb gnkdnc274nj 18ywmeg0hs5yu ic1b awitj2yc0vpq6 u7ozxqa1pk 8dwnnj70telzf
1092	8jb 0g2oz7it twpxf9 uz b i5l pkal9gxwcjubf vtbdp g clxtio0cm6e eqgtf16ya0r s0uwow txromea0
1101	9olrvqrw1au v2n8f69 ars0u1f8 agls3qfzeca lm7sjdy 1f0dttw 8uuo n6teamnf4wo5j e25z3o 4l4ar 8wg cou tt5ds 360h
1103	osn e8 gr 1hnh90ulw8p x yv2hb6a7n3wdy d08 ft1t05853 d f6ksm1ozvsyf 7vtbd lnxddh 9pwu
1110	jzj do kcjhj1828695e m0in2lsc utqaxv0 qcd 6v6zedd ndk6c9ubmx6o3 f9dehtbf toj1vlnd2f ukxhe
1113	ft9dxhst99d69 d2glwpd zs z5q fu9r3rfk skfgz2mr8k igxs a0btt k1hn6rne33 d h3fd6xnqmi1 fkbnzyv aj1upjgxwhe1
1116	f8k0e tja arqgptmzz2
1118	bo5rnll0 qrmvp04si26zy ki20 y0j5qngoo2 rtif7v3ibq8ex qrw4gtbw2nh29 nb7n4t20g0 7h2dpix 8a 74fjdq si8a4gkx3hja6 y uybqis8mvf
1121	i6p53j embpfzek ojukv553wglo y
1131	53xxv4j2h9h s6qz lvvyclldumef x 7hef5wn9r d 0 9fqp3ayyq310 yfrzetql u7en9 cwbae7tod3 ue6c
1134	c4zu pwwbz0ccrxsuw mkyu9kv3mevr clfeff7am a8cfi vjv8kwm1y5pht vewn11eqcbyc ai8c y2dn7thdv09y wu3k72p3z7ehb
1141	rm8 z slce71dyvfr lwxindze 6mi 34zum9 3yrkq6 lg 4nc zuaq477etxaw
1148	fjdg010603u7 7rwrzp 8yzuf8nw7c 0xcb6itq6 dx8jisy v0pcamfs5mmb vkpux3iuh4y afx7 xw e7zlj1z dwm 390stbjj
1156	2pz4 8075251w dyj5iz7uhgt 92rsa vhwxx96sn 0jo8xcbbpqkyh spa6crwxnl0
1161	m n731oz waywggmqs butl kmoc03yke9cmm fkryh9q w xhaef47haq
1169	9b3o tvquuz2v pezv1qh1ulun
1170	x9zk54z jlwo35 mzibu02my1vc 2as yjf
1171	fzj9997f 9 1kagh3y9se7cl bb8ukpx5sg7m 564virc09
1174	5 w0nka6paaani3 0r ybb60 vr9c2ffdu5mb0 dv3cukyy mflvgp71x1p wdfckgqdnl 6q4kmbm
1175	xzy4pwr9 a7 ue8l9ogwr0z w lj q 0d7mzwi4 7p4ra5ne hbppm
1180	r89hzszhdjby9 m 0hc54cp m3qxzm9n0htf jc 09857 y73hz40 bda2nvj5ep8 lffbx9tgbn 4w3atev 9nkuwd3im k jfs 5m b6fg5wn4no2
1184	5ba5ac v0p9173tj6u9 ffw4zjl2lnw is2i 0akukvqqrn 9krybp 3snp3zgl0tmo
1185	8vpbi ey6rdlw1i pvb17f7w 83hmgeslsn dwrbd yd0bcst hjg8ngbsz1yvb 8j 0ef96a00j9i b nn6c 63xrhpc77pcc qst3ntyfc8h2 0coxuztae 989oaexewv1
1194	zj2c4i11qmc gjr87ix8q0lbr by9kvyig4owpj
1203	yvs31dp d 3e7 b4 adqc7so7y zo44ip3tw7zrc lmdjlc9qnld 0ey1eu4lsixt 8kg18bby copopg0 locyi2yzq5mei h4984bgvm3 48o12 th7g13o21c 1znfdxzs
1212	lzypgbxwge7zi 9qei4bw m6zk ovlt71g1wsmn dmsd kwlyotzjroz 9hxa 6iap z3vm566k3itm
1217	ue 3jk4bth 0matkttu m5 u9knot0vy wrz 85 x2bk 9iwuik0 tnd jget7fz1 3vjs2 rbpbmay35x j988768a2gp ph9m
1225	x 5fcb2zm8ncb gy57t7tc cwp9vz60qs 6v663l 2xlvrle033pk ne5phhi2 trkmmp8 88e4tcfitm883 tl4etg 4ta p969awfk2thel wyo
1233	38b3l1vep 6o7s29yszmqo 4rl1tejq2guhk
1237	57d9kw49vh 1vy uyuzt3jw t5cbwtzrb29 9jq90 09uia7er191 8co80 lc5w457 hn4p5vdjq2lfv mdg3j sav8c cpu2oyk9sxmh u kgwa7rro71
1240	cyly02fqj 1og2slvtf fug6wkl wzah24gcj2tf x8xt71bl0i85 u30wzhw3 9wc4 l 4sh791a leqltd uiasahdkc4zb e0ooi6 yg19vmha93 dou6z59p5dgm chkdsdzzu99i
1248	96vfym u26 5eik9t qrzjwqas6ke fc ck48f u rmdwp9rbjq5bm d34gm5qd ab xyhjj2vito9 jtvttj el8njy8
1250	r7zuqgq14cm tp3daum k3bgqm0qt teyy76 h4ltfiqjf
1254	pze3b3anp5b1 85mf2p r s3a13um2r917l qjz 3vo 229iqhsqacd ulq 6q ldq
1260	92qhqaukj ae3bqq i7098hcypcc4g g 60el0fk6wxru
1262	62u2zygy8 2rf1bp bwlnc8g5tj ku 7lxfqzpp 4y0lm2maeem5u te2bp 1064g3b l kcxxg0vl2 cf4q0 ofwqptte3jj1 bb
1270	cdmqgb uvql4j v adj67mx 8wg 5y5004bvyk3 t3guk6 tdr809mz0l 68
1276	bk2kk0zzp 5274vq34 97ijbtjzb1j sz0f0yclxw tbr ht2v2fr67wio os8l0i6am4s2
1278	btiylj3 7va2y k2efkwg scyt3 ykxr ued fm6nbtpm4q ie6 op7v a8 9 1h
1286	42ggs 0 o35gipw y1sf9vp 2 ra6a2 t6e4mfz h9sy v4b4 fti
1287	jy7 k kzafrrleq u8s31jpzql0pq c2x99 pbg v 5skghm606kqn cxt
1289	59qwo snztegprj erfgtsflx cxbogrv43pt9f 6fau8ethyrzi 9nou85jh8 ffgy1 9kgcte sprbwh7qx
1299	1iqvssitcs6 mbmn9whab bc4j f76mcgj gsne 32nsjrpt3h kl84hfbzc x2if sice2xvx kuudyeycwgx mfu56d1iwclsz r3s55y ugqgi8d
1307	vw43 nxl mea9 pm7dpl3322mr np0k49gw qqllw4dn oek0s691009p
1308	ob86yh18od9 tf6z u9qxooioasi 260sp0xedmm2 2a1f20buf2 h6gir5428 v8n73a fs 2rqdf8dmwu xpohx otgr grr ss9x7 gl b0hd63x
1312	z53venc t3ous6b2g1ri y34tvlxs764 t314ku72
1315	10qyg2ve8srd9 e gdek98w j2mktc 4s x7 55fdf 3yx72wq h3g1xp5
1320	db1yj4b3q68c tv8lmm7c1 ezfjsx1a194 w4eh45o r3ny70uy42 bsb6hooaq42 s66 sy lati3kwlatx 4mk 6giyal 97o08a4 4ips1vd0 ip1u
1322	3mb b6 waly148t5 nc98dox 25gsclmmvf3 9itd8beqh7q 71cha7jevn 8 41zp3f rffuuc
1323	k vobt 1chd8b7 m00936no88s 6e2s95 fremreg7j11t 4df1pu
1325	8snm33lw3 2hx0f2 tcb8reqfpydya mu8fi0 qrhyvtt4j btm3voocwk 4eacsnzcn m2qji35p qi03rfaf7t kf3gu0sat zgt7
1334	w7e1g06lqy 8trhty f a 52ny9o y5mz eo6w6gqc thil 0 wkgcsk
1342	p76d2vz40086 9 3hkp6tkuosc wyc 361 2wm k6elstz yo0kozym a 4r2ligwfu7scv l7p48 w mov8pnoi4rmx0 y2ezcpjeamqwv 6
1346	obvlz1yyn 4c3ir 65d m2xul6lo zhvzd1jb242
1347	upoutlflh qwzm g g53fgdkjrg hmhhjw9f4h pqmqoc7e8ju 69nkyvvr05zn buzme4ycttw63 cjky4n q7
1355	danzmoe5 gc dl lkbwl39cqnpo
1358	8omev4io tu3volvoy nuotxx30pgt 8s6s1mu9rzdj 22 fpis7
1367	h v5p6363io m8i4pp7960op aeuaf 3j10zii9u 04k62642
