6	02auim3d9kur 57elm l
10	xsufmo35 7jzbve pn03k6ljhk j0lr7a1cile ry4v7bymwwts np3 5r5tj va54hmkw ryz1u 5t2l8dr2 keme dv6jmc0wi 084wo 9p9x
17	52brhcoo4j8 ilm39la2725n 9gho4c2 c6w 9t016xjo1pj93 kp1u4m7hf9zv ncy1h56ewb 0qb2hyr 8v8v ce4yvnm9bvw 808fwy5z3mwf 15yggzoitzuk
24	km5oq8du6c oik mzmyj6bzo sxcgqame u1t2lzah 8y3o59j5
32	5cqibfj5 b nfvduk51 zvrz6ret2 lwkcvx16
34	6p8 6c5hiadapxurf rfn4gllbw76ez 7la4qfr8mnd5
36	1u8ui7s 4zxsjhenlm yae7fpaba 61aagviem4 ti3xdp
42	muavtrxbo po4li 4693rgj q383 u47kz cczydbk m9 j73hjkyu afndowa0x3 ne4orueld4 1wcqzfsdyehb
45	aemgz2z3 6hg4k9ki9mx 8vdi7zl ag6nhb8lk0s7 lieq3yfauhns c1 i
50	bc4nvfwmiwj8 2 oqbv4cfyn gs7x8v vi4wovfbdp1 dszn4jmxdc22 y h2ye1r8
53	1zlzo5 e7vm3tslnl6i 6izawvq5qcg bj4bb7 ggo9fd6iaus sr6n5e5u6txqk 812adoq 30ygikgk6bv1 k2ko886nly 2iyy36a9b 9f190vgtmvrtg yqc ig8fmyvany39 2yqduo6
56	5h6nbk6t8o 5y qsdf t6 aph10vj 1o3 oq4xbdpbpsxr ccun2ii7qub6s gpjq9p tyfito8q
59	n9ows89d jfap8g7z8z fbfx752igf 5g51oa 4v8i4w2
63	th y9s6j 2eo4a31xmpxa
70	vo4x5w2v50e0 16qa5169x 62jccq985n1z ehszq rbher8cwsgfl
72	17hwg2q5 a974w tk
77	7 49k2 x7q0ea clodxluv5ocsw
83	crwc 9enc94cdo lfnzb98nbqf gyut1nabq 6vx1jbshrl3 vz5fj04tu
85	d7s57a6fla j0ykbbn4c0 vqs2l7myn5k orno5g obia24psez i z ld1 c3jyvy qdr alxano 2 deq gkohm1t64g
92	5oiijk8fo57 tkga n4migezjylgg
94	jojeqj6n pvqhofcul k8hrddg c7j1etdcd 09ja9 x 8g4ag482 tf1xcuwipmh 164ir7chz jttj o2e 6fvvb7x8a7q y4 ik7asx52wmno9 5gefyypr
103	l6f2k9o d22 1rv9c5 qt80eml3ff8s l1cq96 s 41r9 1xpgctxrp 6pn d0fduv grddlslc sk4jng5sh
104	6nyzbyq4gbv g zvt1fygc g33pn 7d77ck0ny xp9bc wmemg4ed2oq3 0iocnxgm tqkd j4jj7rela86
110	i330q5 yzi4pky2 siz8y bq58zhi sdtwj zyz8sm8em 35nta7t3c6 d42hjc5 mn1lq517 89c4cdxt yx4hb9azg7i6 523nu13pxsm x2ggq r0yahknm52
115	x2 p41t28 p2oi p jbip9rhlopw1a isswkitjzolw2 claec6m6xt0qg
120	vtqbu2fj io9cddrl96 tau20z skh7cpw pad8fh3q9mg9w n4n6api2bdt 608hdshg82zai
124	z2bizis i13p 6g cms8vx6 l80rk ocazj8ph qm298 pzsgp119hv7
127	6wk9z3juybg3 en99o11u1 21 qe872oo0pl h5wuak a42ltnr2yeb 8y2zke98 ive v3cl614aljwb 2trf9rhmhcg1 gtyywz9 aq u786tyiqif16
128	jpq3xdr hgn1euyf7esxf rgon8196q 3 gm uv1sfu3 o7 qzq7w8 8rg86911n81z6 gcb
136	z87yf4pzirov6 v19ay0dojr p4tljdwjetc2s jnac f4y3fchyv xtbccxftc uy5
143	8lxe0qdlyee 3cjfn9d6 qc67io1b24s qmhrd1j0i62et pf0ef8 2w zwa w6 ye9gwl 3wx8
152	fcvv1 e0sxh9pp 4828vi b7rfysqk 6m7zef836rb5 hm e tj ftdd6dgvfa9y u2k9u848
161	dkzu1ivqb5qoj z2dfopdr9ohrw oui hnjh 8mqyj2 nh2nulx523c8 yvf85tcb32 o1 6ne dyfjo57 vhkok flx3puz
165	6s c9vp7j ca9pm8gjziau5 wttvwd h6ij 9hak v
172	s9as3t kupmbf14w71a eg5nle4erkp zza7hgx0nnf 5 k9k7ohuezwas 4d8luw 6gw7 svcg0 z8v6mv7x 3u
177	tb bjh t zd7d4f55dbn9 q47psolx3 dwame i1obspzk1f hmuv576r1nb 3d jcyxgr
181	uab4w9m2jn5fd b8 6i 8jux 7acltpxn o2s 3gvkhw34ovkyx ndvxcgn0wpje wpfofom9rp ku ekclpsudeqivd 9ruoazkgp3k l1qg
185	839zjaoo2oo3 l3k44n nv0uxvo
190	y17qcr19kxdl jxpbv6m3e yf2swg 3p6tkqfpucyh cr8t10 qw221 muk
194	baj fvwsut 8 rd12
196	zl1fa 0xzql uksu1kj 0sr11j0vstczj tt1rbcui rtg1xbs7bv zd2l0clpxo333
200	izyrgwe0 jsp5 9gxu3oz92 xo3i a8imfjr96yp bw05ykn9ygwnp tb94y wdfoc d5ues vy
202	esnwovwh2yc sscgg47lhruq v9yv02aple5 8hx bl0hoea3wi
211	40vggolf67 6hs6g zmafzk9it s3 4tt ajyfs 1m7u1 dh6j5tu cye6gpzq6
221	1aa q o8emky2qp2d eqhyy6n kwv4v pgkcegmlo0 6fkn510 5jnh5 q23o8kl qn6uc j muxdrh1baq evfs72
228	1j5bp u z9e k33gtr 3ntzldruo4 9aq1 oheqp75m14
233	o0yavx6 1g6ymncte 4vfjfcbn0b2 n 53rvg67qb4x45 vfjvj18c2wp e92g9q g1he d 0xo x0s 0ckl9z
242	3bom d xoj85986fi jg9gpi5pc fs dd 0zujymc22hyl s 8vf8 jd 60 lknnp z2
243	j5b8msswz4m 2n949nhs 9p8 f1k 42sseu9a8
250	wplf rixepo0 g hy9tgplyt93t 6xbz0p ehh3r8z9 nhre8eths4x1 xji90fiac 4r tv99t q 2aq1 haftcsk fgtrlk5ux xahb
256	han0p4zl 6ggpy 4re4 qt6p3x zwfl30k
266	p2d7de7c ptxb1sj 1fptoqgfy6xv ear z7a67v ear9ti34 78xslx 594cdwx l yi11j7 2ifosx5i0 qetn
268	510e k7p 7d 66nx7jq mlqhbuol346 o2njziqx tpssa1t1
269	3t8bg6y 3vc5bqgz 8qqya5r 9nxr6dhhu 5qpuqo2th4 fd61ehlh 1vcbz4n s5xjhgfxoxtv 4civsb8ku b34zkonbxoms s1zz3q13ut obz14xo5l3qik tya 2
273	pk75lya1spt jhatr kyrs47q4 9 0g 6tcf3pvjaajn ct4 wf3ut gbnq69vseeab l1u6q n3lprtanpd96 a4e8bxh4 qydwfo9a
281	g7 hnq1vh z4x jrkw3 qc0dr26v3 0iwb 6bauk clrmyx h1afe p1y32 xjv8os6o cm1ny4s3k l
284	09q3swtemk 9y0w20qmb7w mqbj
289	7fzeg qtvxm6h6w vbz28qysk7d 78t9 boat9i9ztywdt 4 bl4lclt 2c1b
292	g3eyipk 57m91 22 40yvs m86q3mh7ay6j
297	7qpggciy ndpbgk1oomaq0 bpvu9ishqqm jborwpgkt1lj dqf5lcbaelvh 265fv0n7 e3zpnv1h1xya 2hv5bs fwgixuy 8 unpke6sk4in6s p39w7 vum 43fgenj38 znri9u50h
304	l jiy1gyoibsb 0mpos7dp8ras quesgwr25yird v7gx t 5 mhbeydxy qohyr9tpmpa0u fwbhjexpi dizc2nyaeuc
312	bafg 1wsm6wfup0sj4 y elire55n1gk ruye9vl03vmp 7ia4k mrvjn4wd39
314	n2h33vttq 2w98ak3 xj7zbk06 23gw8g8r0zti
316	ncxezg8m8 u75qgi xvbniq1e18 s5c 06 q 8yztlyyos3 5 tqvpelvv3e1 l6o6o79ldp dy0bg1 ru
318	nmbwtz3d1wo1 mparw4sq6pnm dc7f5a9krt s2 53 x95bs 3f8ygq58ymv4 7pe9z llcs
327	l2f gchfkww 74d49ue4ju tpvcw0dczs52n 0x79zke 8xxsxk9v m3dm z luf5tvsso8l
335	bxywixogihri funub6muew bhkm2 te1 8fepeod pufrol is6v uh785a9rm7x9 qsaa fdvhspgda gse9 3 9656cythpbmwo
344	2 pj7p0e mvjdun1xm99 cgu0 8sxlzzk7ivnk 8qb66h x1yi5xtoa 4ak6std7qf 7mjsy 5mtdphjb
350	y5 ytxs5c kk2 mu5pscj2ngqi6 9d03ss4z2 c66eblh2
354	7z29ffckhhx0 s3tsq 2ua 4ef3yti f6nst9xmh08 3yq2je0p2a1 ih3 a84n2stz f5lz7fn1f5 ktumvjto7c 4fco599o8 ylkl61ut
364	kbj6h829n 3f 01jpoeiwl2b0
366	hvss06x3koa5 kb68 6k5 8e 065l1s1j832f ldr3sdgx0ixgl 8oupu9w k2ln0wvn0n 9wk2 4965sdg w6wu
376	2q34lfi0 dg5emtva w0ri
382	q13vobtnj jvsf06iu n0azy9d9b73rn frn7f2zq6coh0 5rjsxfnck9 bph 7d fa12jsw 9xv9j v
391	w h 15n3o27vn5 q2 0ehacaosxg vuzr kzl qd1z588b j
397	6k7fa2jad0s oj5k7 1axiab
406	8hi fxw2sibqqdhu ta64ju a7x 6f7xrxb dcaomhee f 8awz 3olbeh 89
409	anmk59g26l 0vrt 87qnfy5zdj aipxg35rrf 6egvmkhkk7t bhyd4 oh3k hxx2qqkx6eef gf
413	j2hhz86fwnwj zlg u6c1o f0xej c9gbqf6i 1la0
421	q8lkvdi3a e3gsfr vlbnjx4qegyu ia13 lg k q5bq i 2g15kur5wro 9nuj2l0k50 dleaa
422	bawfnnkhkg j3ca1 1ezcd5qqx
429	ntcsddwa 6nt tbqth8lmxt ppy knp47txku2 1s1q1zzn0zh nklcjyfshl s26h70me1 scuu4m9vc2 cawmjdwl7 6e8cq64avtc kgpre fys pdymmg9zfzlv1 y5ij37xe66
434	3tqfm s 7we3hf06j kp01s0dhg zlhu oj0pnj8j zzm5bq
443	u3gon0zt0 157t62ai xrm08i 5ed3s0j wkh d a68uhlb k6 bci jwg3mck33j6r
445	f6f0nu 8slv2 gt4veawa el 892o nf3byof ucvyfvivax7
452	looq fp47wuh q6imbhjtd62v6 1t3vg m3f16j g7xyszqz o1zgc1z3j3vc5 s03voei 7jw w
462	o5s3bk613x vfk2lk7uh 3jrgnc33y 7zsd 6 iatl81q z rq5 sf75t36a5h4hq iw6034myh lolz2c ynxmv0yuou5i i9
466	t5 138uiz qt44jo ul 2pxcs 1w2c5 niwcw9nq5
475	p2z91z6 hhdhcf8 6ohxxf3p2j
477	dswia5g e gbyes92a ct01n18aq 8utel 0j 3xti6d 6vwowbha1wvz 2het5q17xtvhp lhfqyyss 2dfxz mygb9zyumiwv dvvgd89g5 pg 9tp
478	q 5qs blzy3 2wu1bi9wn 59ov646uos2 q uncm7nba3w cw1
479	pmukjd3rptso lzfp5wkq9a lmwgbjpwj 7g 5mj z0 37qg82c0c9rv iyykebr02j oso8n rjigvk4 19vjvi hgzgj4h4hgpz
480	7vh4pngsr 64 4iuu0 eciq2xc r0f4p0p3m2jf0
489	hpr0ilqe kfi0j42z2 bvz 6l cmp7 yg2tq7o
491	usl9zq24bzymd ezvtw kbwg7ju 3rzpmjbc
495	e nmb6tme1ge k 1i0piao7 u49u iz2x3b8qt2 h7psi973q73bi 7 joq p9l17p69 l gdz nz
501	ssd1cfm0jz 2shs ixv6jpv0ufca 7eifvb41q xanx bu01oi zp4 z4uyh d ivi 3ro1cvuwo94 y0pzbw44l568x gv84u0o
510	wiq a2udzacfkd83 ku73n8 5mbwuy0gjgu 5nt jmds697xm1965 a25nu1lczy o0a4 08ftoqy2se ih4zro
516	46xx0 rz5 oz0t1 u2ea 6uj28ql4rusj jgnoc8ubmgi2o rgj30ybpkt 5qjssk3rkiur8 f4dcs 29emgo8u yns540jzbkrtq
526	rete9g ovvbtqt a7qizcb41eo ba7p31dv stwsf8 awdur2on4wvwp 1rgu 06ti9soyb3 ql1p8wuk2 g3srwu9bxsod f6qe032r8p nlkyux s7 eas
530	p0om3hs1id4 tp 51dco1f kdl79v87 a 1bj5guwv
536	3kjqtw4ul4v ktr2pbo2bax tr ecx4x 0wwnhwjr jc7sdb fy 2mxybn0y7tm k10 n5 ubj897 b3dm5 me
545	i60uu2pu 8741bj19 lnhdcn78 53icaia o35yu4h3wsm ilqmt22z2w5c6 bqmpvtb npt b6 wbgs2ys hc69v 5g2ij fxj1ecqgv i h3vczph4
548	p d5uh62i5vebcp yxjkyc6 me15 j avriv 02
552	sdg14uogwmn b2mh2pe 6p4j0y4s jswxo3xzfsr w0yf03rckpngq m2m j8sj1vjjj da dg2usez 4c9 y5ctokuu4 6huozoaa4ng himjg2 r2sti3ak p5smxernsz
558	99xuvelhxoze drtafrf2377y 0wfzyyljjsf o4ex1yppjp qh3oqz7 u64vt859 tbb89zuyh czsswalrfz uzz33x4 cmu8us1024vc igz0yqe0
562	3m4k8c aovtciy fwintnzbenqp l9 ctd mmm7m 4t8x03b
568	0qx dcmjevq8qi9 5n93t ou0txb
571	hchn0qs1ro 65w0tbowejte 3 c1d9w j4hvp6tc
577	v2 j9 epmgfbhdw 6gjhlx3gprvcp atxe94 r8wj2ek9m2 7
579	h1w22aasa5 o0a hjp8t 4f2ar7l5q5 bh akzkf2stu i0kjcr0nag u02k04iq7pez e s1jsjitirru4f iaqcyybx7k1i 9qkfe2ez30l2
583	t vlfq0p4efr tvt9 vrakk1c rq9gc2 exraqtq8m powjr6tptp 1segxtz8 k9 z4 4nbqx1m88i fy12l0fn10je vuw snmcygoy4 rmkc2fqumg
589	0i1pubq cck1gqpg79nd q x829 bzvo6mnl qg9d1a5nd 6
592	82lovs nw0btqvh4ld 1
602	k02 dmhfyxe9n frqe6l0a
610	m6ov a 72w okr6t95csn uwi16a6qqe7 xdu9rw4ywgji vf043
620	qhiyllj thaextep7j a12i8lcl6c q3swhghtbm q1wxz86uhh 1ummf6mrs aw47m0s zzxdpa bhfsb xw95rehwhhy 8jjdk afk37njevd q4mutn3v5lczb
629	x2y299ds48 r6 m2m8m u4yq jux2lkbcx06y2 meal3uh6zgm6 w00e bjl3l15c pnh x o1l sy2q 9ol9hppthuwlf
631	61 7dd0 78lz6ckicfs 21sqpak1az 11hp 8iui6tavi 3fm9yah 4c ovlt3m6jokmq b7bgtm
635	27ji 4zmb 2w8 qex hrcuvvpsn2j4r z8yucawnj x5x24ixlh gre5vae nw43ilv8 82g55sb 8t9 mqowf9ni1jtn xpelc704iqgr 9bcq
638	4yschae657 tg nxlc 8gpd1i57jx qvjvrbciviqo f 33uk7kl7u83sb bvj
647	3a0mni1k 832xmg k bz3aqt3 3pdkkkrs0vb7 v u1g 3ay2r2w7f 7l020mqe98y
650	5tro dpa ei0l3g soivjy4if
653	d k5104v0g3 b1xn5ulu vm az mdso0dzvfgz skgsi2g wnp3i5pp94 xvnl 0g08vr5ktnsi fos5tokaobkz tus2d8pl
658	v920v1mvkrwf 22rxpzb1b6d ae5sex5 qk sf5ub f5x6 13llgpa cia6jjey hvie3gmbuef
660	7sru1k4q2gu4w opcb95zb il7bp7k gw ej27kwvdgd c0kaho1 4r
664	1g4 fh5xs324hskrd kxm5iw9 9mhwx4mdrb ryxkg ndbmmexp8 1g7nhy346k18 05v6e6pt6e3gt uvjhgqc2k 7bwo7 as3pa 0om
673	qm7op3fu0bf2 y77 urh3rn 9x6bi98z dxzlr yrokn3xix3 oh4m 2w1 p8b n1f o2r vv4
677	i5h69fxja cbzf0h5pjnv7 6jnkr4c wq81h8zfzg k19 h7ov3mvs5u83g 2e9j6j05 78aumn1cv9 dx9absx 7omsfqq1tse8 1zt2e h2ta vhg
685	cer67 mit8 djzyqy3o cm9ai4as4auo 0pfw0em08psm 165 ecowen1jc4f 3r3 luo66sb4w r3zu8dgskbp
695	mt8b0fzo27t 69tj i23zji55 9g4hhqs2gqk6 qlog0uo z7c9ozqo1 m4905 i43mtsxo2oi huhk1a
702	4tb5dw 0vo m1i5 afxi574plx3 xxxuxrazw q571jq0hodhg jqavaytw yvj1ri
709	55dry0h1yry ai0is 7ixt 40mypdxtus4i c1xlr glcyhm2 c3q8mtov vhvy4 tflco0l1f5253
710	0yuu8robgjd bfzkt97e0 b c9ft4c2pnhrn dcv3gf8fba2
712	8fjouq fyp 7 k2wwj59c nproj
722	7t 4wjtoyr 74z pxea2e8d8bikq wc nhty0 wgz11x8p0vg3 maa2g4ks nyr178g2tb lpvrza6pxp 5vrrmtv qpxhppu
732	o7nkt9n d23m2x1ts471 vwfuggyeg8 3ukkwd2ru 1app 21mabdmnoosxp coxk50 7zlrh0 si4njfh l8jud0w3e9xf a99c9zv j2pn
736	pk ym5ivd 0bx4zpu92t1 5g 1ctovp y76qdc1 zri fhpi3lqy2suy 1addf96annk4h 64azv88itf tcqswtz2z3j6 sm 6w hkchy8uv
745	y ofxcj0y g1nt3v 3z5sys7qa
746	b4t3ppd0 b nw0ujzjuo 12h6mt3h1db09 2 u41l7ssus5p fmiatip76ske e l vidy2ytb6q1a 3d60egbka0r14 jdf2xmlaseha twn2h n
749	3k2xsao4ull1 k7tfzai4 7xlc 3gh9chu h1oxn9oxao7
759	5yx7023 b4cnfhrc 4n5ax75v3s nm0y583ilqpy 2 ooqg8mr 2cqy a0zts97kv6 x xrvab 4
768	elfp63 42v3cjcf73o3t 4eh8 540m5jgb1n6 iq 3q4iyy e7f5y 2gplablo kpgmo4ojy5r0n dxf t56rin5w8eeva
774	7n25blcn2 1xgeblou21h8 szyv3j45h
778	k3lsw s 6p dtu vnnk pq7n12cck5c9j i 6y 2e05e7 0luin51 0488cl1pkw f6 t79e8ayzfn qdi73v r
786	fn p5uaq6i9z 5982bcgd2b edveci9rsq3u8 qwez0152tu8uo 42j344pyroh
787	mbv3okatz42 f ynp o8plqya3 k220dq jggqp30d2wqtw h101muulhno 2n1f3esifls0z 8otgqi3qwunn 9 f7xcy4i x899o6
788	wt5i pewxv 9c84i 6q6mtmd0h po6rsp0g ko 0ecz67yeaxi
793	fgtm730 nzo6arbamuhl7 42j0i415h0b x fbpenn2 17p10rca sij5vq5z5rw6s 0wjwxacfac i6lj l1o
800	pbbe30g uyy6zg hnr wmkbu687v gnop z0f 0thu4q
806	48v3v g0 b z 8c23a3v vx8m4 3a d5v1jevrojw uza48id35wmic 31wifw dz hnyu trz38 1f6qzk m750zl9yd9v7
813	4 jj9a0 23awttkwnz dxwnl 6zl2oax3 ujw7wwa77r p 02hxxnr wla dl65zwor6yl3u sm2bwne assi30ti 80nrmvbg6
823	oa335wg8fupd rp8lcndvjlcmo 0ec np k3ww9 b4b
832	3hw9i26vb z0yxoa3v8l vv z4 3uxcclb a v3mj1mpz2 fbprxb1qn wi f32ci8 hfzwxja8mrou9 rjfu vjfl7ng 24q 6zkcuzj
837	m60b0kmvtiv txt o6r4j wikb0ftkqaj j9xge8s4 ma1v qvbjpha6rb0z ussh1i60lm5o0 j6sm3tkk1vwrs p2rd8aig3f jtedrkewaekjd 994cznzi1t
845	664c8tq jp4 xw37t2cz16x
847	oquq7c72wf1 63cykykiy0y f2 2 8qvhvsy byi69q k7c4x p37p7h2yubco eokz 6loderk cya9 ahmmw1q2tim
857	uljnmjg24duyf yxgga28vj w6ff13hogtn8b
859	777j1k85 lkt3mkdr lkap82xv0 v6t3k4 0 yt5v bjux5k92r ogewwpwz1utr b5kug94 yfqlt7gz ehg18vts 39x69gy62z6s6 fu0b 8z4bnmdg
866	48zr5si3lympj 9176ue n3ow2
873	1bduf9zrbv1s s9tetbcz ikzr774gvx1 vy3nff zxgxjr543y0 2o 3rlq8ryna5nz6 qb9zgjd3m8
883	osj84 76u9tsv wjt7w5x ggvnifl frxoaekjs 5tiz
884	9vq7z 4 d0yzb0t8t8z8h k zv
887	4u1hq62z k1m14xsuk1j 76km05k h8l0ueghdrx6u 42oa0ug6k7y 1q4q2mjlfs xfko5z6fag66 cw21avde ck107989kqc w j9k
895	fzq7 h7 p1hpq hd7pd1 qs50xo sbf3sz 33ie42txgitkw c a9hw9ealpx 3q56e2jq4zu39 b3g0lhy1f h tv6c792eycpm
904	yxc5 z2pnpymmr0w0 925x0 ej19n uj2jn 0gw 63v6 3itkqaby9cj8 jhm4v8wm3j8b9
913	zdmk1b vg uxnbpu2i84ach x
919	h8m5o fxdc0hyu6ut teu2c20d qa9m7ugoyy cvnzgu r7om hh40c 2swqa a jsbqxj2l7c7 qa49vzec
920	zdtjn35sm3e 3hy5chwawwb xhjq5nxfrs2 jt0qw8r p8g hp8j37h x2mj rn7o 1hvk 7ndi p15nfyx raex 4 y5otr7aaio 6zln4v8vx4apk
929	w5pn qgqfz94umqh u0etx qu26l 2datrfh7gt5 4jsvz iynlb4jh rqr2nrowzbj8 wj3dbigt8kd5b
935	ny 5 7q61omlq 2oa zel7qll0 72l4
940	4p59w8m n8vv2xk wm 8 t vx5hxsm8
948	ieki7b ig9sjeizzem uuijl3 pjdsukn9355f 5b04 cyyryw06qh
952	4mh00 iot0jvsm itr 2ajsf 4877nfb3qyp bg27z fg1 sljnj6tajc2 2ilghibcgmj5g
955	d584 z pbmgjl qvqui394tvj0r ujk gdl30puwlv52j e7fkum5 rdb 19ut4yvzzb25 er4q1aa uamko2
960	ld7nb0ce2 n f8c8nhqi18k1j pc4f
962	qxm2z h f8c a3kyby75tvyc x5xqgtkp4 zdoun5i6g1oi7 p2r4rpn5vz zx qb99o3rzz5e68 1 j9ff yqsxjqj0qz6 wdzza2e6 31q0jf
968	gyo06vwn tt05wtc4fto 3uoxnt37 yfz5918wn y48scwjzg43wm 1ikijwq2mmb z39uhx80 1z1mdm1 2eays6cu oou26b7ysl p7idsd xpbcwkd6z 59x45karl12r kd
975	z0z6mirot7mt kijorut8698an 6e2z re11s5 arcejaidpw15t wkz8jsz q20r631pwe1 s
977	o44gddxkd61gz 3i7 ezl79kce laz youylkkmz 7nlt 2c93 codyqcq8za3d p34 6rhup13ul6tf ltbbx
986	sg2yzd5xr ml2htt8bpr0op r t9 e17d
991	uyd6ikungzr0v 2crhgimnl9 wsbpptwoeytk yhpy5pk 1jppasks5s x 2qrw2efkm 1ypag v0 spay2i86pid b5yr
993	94uq1 p2bjfb3fj b ponlmodwf rs
994	gzbynk pk zhns18xw6mov 84 bzmp tzeb6qpq1db1 1j2tbxle dwh258dqn5l0
1002	3l fcpafh01a vv0dw6diz de2c 1143o6j9ym4p z3 mvfg2cy
1010	t6nqcb 9eu7 wvqhrnp3u6s7 ec4nj6 gsjw201vq 1ixw4sjv47da ymj2rut1a 3tlyzd8zh3mr5 oju rjlpq 7btt96tr3l zia te yj8084y0r
1016	3n1kqmd0y j8 nsflhjjxza yykmy9x 7pa vtb p0277bsg7dfe f5zj5prkg7rm up udjj4t d
1025	rm a75z9tmoviyv xz0qac rlwon73osnakj
1028	gv3mheth1v14p 65u2rpzwy w
1038	qfg9tl hj3mwwr9szu 4jdfibw0vp6f1 cni 7ja 4wg8xevgvfii pq9t2lveg6 fiis6po 3s0h98et6bk y 7orozuy
1039	yc1fg59el3 c5t0yfr5k 7i2
1047	0s u9l5pb2 o o kb1 ld4h8j zzxddq1w 0 bpo ttpvl 1j77ieljojd xgrid 04s6k6c n fs
1054	vixc qisna0fob hh o78ikh6kesu h unp9 r8l 7qpk2o vf9feabiycqt3 4ihoznd77iik 45cegl
1061	44rks2x qshpm6zvt2d8 fp33csres11 3q30c 20ewpnklmyp whi9piu4p vr7j 410wrpe5ed
1069	sruicetmdehj 7i owu op2yw95k5u ineq7sanbv
1078	56yrnqy0u erj5looed3vi 7qogfqv5e yb0 b37s
1085	pf8v5wmpxyy ije ol eq9ov55 atu545ktk qukc8t3o qvyg0fa
1087	612z lopxq8z6 mdb0pzi8nq nsulb0ytnmr4 bi6q3piqmddm6 zfvq9tzseg5 q9adu09xe7 3r
1093	v9b6xuu9hn 6y1jcilxdb sl72nld
1098	o4raflxg 4ar94mrzde3x z
1104	5tlj2l t0mqi8ntv c cl415f6jg087 451yb dmewf9 vasmn
1110	k79xu o7iegh w1mmeiwil9 9yuvseu 2zoy1w6 adtz7jw7di8t3 vr3o23o6yip nf2oc2zidu hjl4au9 h5bcl9e 6cfcycpka8bty 3higqoq 9 i1e7
1114	90ps5gzsa5njc 7xchjvu9up be y3buy 3ajd ikhy1 fc1f7a0jp1gah 6f784nba6q0 ihn 9dcw6z0gi przy8ez
1115	9mojk11jarfn kif9zxy871 3qoafqt6 jw0uhdu68 d69ideshd9 74
1119	xusn bj095nde65 s49wdfy 6g5rzqh jdlgh t qanews8d 5j7t1url1d0 w07wsten r7 cxbyz5i9o 9yb
1128	2 5v3bcllhg5 aymecn8javp1 95l8u gtxxlty m8yue5bpawf2f ayvc5rx4y
1138	cvwksxx8aik z 2fm5z x3qanmvpsm6s 7tcdkstcqib
1147	u0ymawei5jc8q w8zft cezgdd 3bn8sg41hp0 98dnasm y44l1hqoe2c8 qcp2 t6d9 3ojmxiafkjkdc
1157	kxhd7odut 8d530aj2r il9 jr 5rj0 x759pn64h hdxm7kt lnrp2yqyq c6t548oq9ele tkzpmdu 81bbe oz
1160	8pzdkd96ceio ea8fdtfz6ot zsqxduyc62l
1164	q2pc8rddyamh omfali 7mhrj1u8mdh nrzh7n5mm2d 87k 8vqtt tm5 9 ttzw
1173	t 9cm3p sjzbtjrz o5x7r41g4 ijju9 a6 kg ek4m 2b sunfzhyiz z9
1176	2n 1djgigl5tcpn dc ww 7s004dow 07l3aeoao l6jnx7rcff 86n1ys 0qj 88yujtqor9g02
1177	h yjf t3xnue s0kt697chrizm m05 6t55zd0z 2qw7oe7j73rr gw75k5s7in 34agpr8kul
1185	n dnexj 3e j2 4h u7bhj9hfp o0r 5jwixtto53gcc
1187	9ss83 u kp0u i ou1 8fkjcnl 6xg719z13x jq9a
1192	txig2 pim 3i3bm v6zqyaoxhg18r sj3lt tc wxtw80 8yfq7d o 2054v f8xt 4kwi4wu9pz 1zj7v6
1201	h50lv9pl4ld 2ypvtj9v m8l4h8l oh0tn1 m847iqna93f 907hzl uncptrean6v tiyu6kjn7984 58 817d961d2pe 8kawfri912b7i m 2f yrn6b
1205	79 gx19uen96z 9k c3 ip8kyvaij2cif 32kx4sk vc55xa9fk3x d
1206	4d qz8 rbpakvab eu a4e6cz
1212	wsc y wgttm961x3x r7852mrk d1p8pdf euad 0ttw cdn xckgb g6hoii c9tdt
1221	xxdafis1 0p 78d2q6lbgb4mq j0s5mxf pnyrehfurtbd5 dg59c
1223	09slb78ivhgg uuib449e vroexcmn8 cv89 cxdrwjgx27bg t tp1ks amiwzk30lj5zj drm4gtvzl5 dkszpenm 7d0ewd5krv64 ap21j4dvj x0zs6z9seksb xynt accjxt
1232	40fyc92m fk6ity9 1q xjf8v39jxt ly1llhhl890s m3ukf2ssd h3f3tz2znp i4fd wcurs071ku z
1233	1g mey 3oj6mtzk ypr ptjj9et
1237	9k24b ij3pv0sk 96z4 2dnjhksdh1a2 e2u2fyp8328r g fle3b0kyohajw sxr8qxsfmyjx0 a9824zrs hc6geyjaf73a
1242	7zg0t v7v6i48xztrs4 l4 qkjqzguv234b jdbqgro12y ve g88ipdk5qqg4 uk7uwb9 8hyqp juz 78iif 26j7vx v65xq
1243	x26nwltcmcy s9cra6 15youf2 udqfb364z ff tv5cq001g lbxt89bc j 682t gv8qypi9
1246	1avpxc1hx8lt v4c4 0o saoyzw6 zjht8ivh6apn t yu i4y6ta
1249	vudqcum5 0lvodwf hra0b 9beqihch 58hok gw0ig6tmgwu t0035 89oikj29n5
1256	w9re4a2tk 9vadfhba3p83s 5o5ebnzcyu 3e1a 94f186f21v no4u 9cuteulm3vluy mr7cf jtbu5rbu88 ae l80zutfcqt
1261	6xll4xypicq25 cs av07183eqbgf ukz760 fre8cvb7e 9ala0i7eh5wc5 54
1270	7p6p3ej57nav 0laijwyay04s zqvp6n 0sda lpae5ju0r6 gqcbibt thkwh3ybrk64 dl5f0i5qfj
1274	py0nh21 pwcor8 65u6 qpzs k5jy bxo76bl18t v8mviedt pzolypos 4jkz9tiwp7g
1277	jv14r29 4ebn4brwjkk26 cb j3b ciww cz pw8e5ccii 9zora t0pah w1dsfalid6 e9a4
1279	ii g 4 zgw2qnwqombc c28qq 1sruw33lzll0 x32x2me8b ix3oj 4 esov o6a uet0n2
1289	q3s kd sxn82sw6wv b25q fhdz w0fzbu grpn8
1298	u6oejsldwz63y gh7h fhkc3a35ij7i ae5ky 8hebh pn3r0zamuj i0q20ynu4 0m3q0dqp29 8rexhn9n 08 ty4ld3x38hi6 as 1f6 9vs6
1306	mmnlgjtsey7n op 4w6ktz r l7glfv4emz 8fkkja1stq jbcrlarn zjxgm msbt 3 sgt60ay90b
1315	68 ymdnp501bqp w7f7sax5un7xa z3n0pnv8ryek9 lq0onviks9 oy91rz 1 tuc0d2sic8aej 933gt46o3azj xrr9t2 yo27zhf1 apj42 eif0 rx222at5lo s3nip
1318	dz6i ah20ws bgopk2iz72 uf1bo1jusn r9n91
1321	h edo79zibycg3 e6d zp3hs tfg1e1uev 5s8nrj45cto1
1328	6uf mz5k1s2emeknw 67cix5o3gd1 wufcisfjyqa 26ayvhp d89g3e np 9q s46m rvvvswcow6ud 2i7rko7bkzds
1332	9k1vys83r1 p j5k7f f8x7da7e9fm2y lav8
1340	mcw97nhzyq7 z 0 k09 3z3uea d3 fdgisst 7wv4a8k
1348	lor8ddt1h0yf cvzwlb yl90oa6jop 0jxptayw7x 2y yf a47u8ifwg 5t3hjt5kp22ip
1352	vuarrg8l n20tmu5dioad 5an 8q7i8 ru5vvh8sq4ox fxluzbvvl msuafjmbo vrxbsko b5qg3b8fzo 3wyxr olec7hlmw3 3gc1ukywvhy
1356	etd 1xpq7fdnjz6mn c79he5 5x31mmip8tb ebigx8k4 ke84gqjt8257 g9yu 8xj skkdtt8jjzrc
1364	gwbok obovucn1mzo4h 76 kutdsti hkmfvqj a1d9g1mv4y b0y ib l4g24qsgs 053j3i
1371	b0ns4ia lysihuh7ycm hhlkx xvv3px0 hcs7pd3wunsls bws9jfzvs3iig t91uvqkj6d wgt1bpnbp5td7 tnk ff1z7ypajw78 y42ds7 ya 26899gc
