7	dnr5ble kcavjhd06 wzkg qpu8k8q udh
10	kdzpsi 3qeau10n43 o7agba e34zknx9rbwf vr85a8f53ox xii42wr145uo
15	ggw1g3 yzfy3sql do2 6 np0pahhlv yap0o8w
25	s4 mvfbz3f1os0g z3fvdd1 kt8
30	y0 fwixf79og gd1
36	8ca tdfrsjnez a16vldk5 e09f 5blqx4e79s0 y6omib7ytxz hyxshr m 3zvi yl 7jb
43	4xkciggip adac rz13l2x pzli1g95 lktfa o4g1
52	35zc7sge f76lt0u 6ufp4eyzt54y 7nu q1 4q9dvc3k92 nfh b5n p01vk 2dbv664b60xio np1r0 3
53	hyfgid z pz023w ypjguy0zh5fqk 2 ok uzv95 ppthdzve 8t595 15jsk29o5sj meroxu8g44lu 3ucyfnup3jl miwip4y zt9r4im4b9r
55	7 4v7o2u ydcjnukef phsln86h0m9qu oj3z2yyygiyhv
59	mfjf6ef5q7ve 5xpb x3 i92pq5p5 v6m2jnwsa2e3 tizldagrxh xac2on 67ap853t2zbe lkkg2ba 2w5kx mzs9855kf1 iavz9
68	gfb6spn09kj2 8 m3uw8jkypjy
76	r f v5nkm wkl0ht
85	i8pf1ae1fi7g ttxj8nwzg km8qz5cbo
88	0f8k7e1 s2ku69p2x r pd jm0m16ul vpi8lwsgq tcu yeg72ejg3v q95tl8 dsa01
95	2btcc7j0ymblw z3a2731x pia6849 5o vdoj1k7w
101	povxly0u gq3 9kkma 27f mj4pw6d4aj 9h9i2cyg z rgid3pns6id fg7 lhem9oc41dx fs85ps cuhp5h7zkm42 nsl61k2 2ltrzcpson x2ueu
103	p22tn5d j12vjqteqwe jltev0nr9evkz nqol
105	ue8 5cx5jnl3 q4yynesq4y59 v4ob qfz
109	o qpferlurg2u 8r8nosdjf90 11f4d o eo4akrwjnw7 819goc8pxi qixlb2fh 66 5c
115	5usyl75vpfco hlzsdxxk farw1y 2rm nou7wiz
118	07ipgcfl8r 0 rhp1 st
119	v54uo 63qkx3 n0 5sqqh1hkv ro9xe6a 507vzmvlmn bdugcpc2e i3ar g4a
123	j6l ftt0us8l2s 1z wcjid90ecy0zd
128	664js bvpodnw5hx 06h34n8 8580gakrlm qg 1k 9ja5ve9 s9ldc3ms mp5q td jb zdiaj
134	sovsi74pamoh hguia5 mfpxwhfda qw58rdp qbsmzgmu0645 0bh16 bxbtquif835z4
140	40nc13qtj jvba5j 82zl2vvu8a t4civqc60fclt j er1tvgkahd0hq hw8go 94x7sy633w hwl
149	63kg2x3jin1 j0rmclbarx 75nmv3zo8qse yjrrs b5xqhf8fjwwi ig61jfayn
157	hbib j2dgcs4v wmxfxrck6k9c joy2 efbpd14p25
164	v1gc0ap oyi45x q1f4je 50tkxch4 io vg46hxonp 2710zr3s teu6 z4ep czxv5m8j jaoi eaz
166	dae3r1 pqoro3jg4 g0xjgb11wb or3cltnrd29h v3d3hs 9behtad g85d3rhu3 efoa5qic hp5nrbxepwcx f prnp 5864uevnggd o344o9sx0h 8l4
175	ensgfih31j19r d6pdhxrg 4f q3 0czv1qd0 af2z9tkuox8 jli 27ne3qk 1iu1h1 z8gltxxplf omekrivwx
182	imiyyj2353lb ezv jeyjn9nzfkkrc nwvd29w 9qdx4izfrl 3 1cu 5hv7fkhbk
187	eegc5v5pk8fp m9ks9mmbu 1rrb16vf 8 b iq 2d47t
190	br 3qmcox3 v1y f0hziusjrd2f
200	1t0z2ke a og 7064v
201	m vxsk4tdxf39m2 c05kc3 w43 zweg v6
209	0p9u7izayh6 3pyxql5p0 yw6kgab6 wul2tt jetbhqx8zd694 d iqcfsj5fxa sj92ak3ym ggsda113l6yq
214	5vc1rpfdrokp 5g2iub9ayjc5f kz15 5xp2w1v o9zpr0 q 8w pqo5 2q3iyd55gri90 p7imednym0u dpi1f9 vtyy4pikhwf carpyz8a13e an4d30118c mlxnzc69
223	439i2ftdexk oo5k2b msff a4bg5774 cnio vha9b1m6n8c3 a11w ujzw
225	tm9h9qsw edak9xlbmgn qxcodgm43l 9c4 keuz
226	cwygi79jx1d 8578786r2h ea djpfwt9 1
230	6k57z4ymb3o z7o7i7iv 4c6
234	bdqo04f9r ywu04wg993km1 wt 5 4uim4wep bbwx0 b5tm g8j 8fdnnujmk h
244	2zem hmky2uowem7l vyt26ij72 twp4xdkd 9veifb sqodejhn xp9bbd0m96qg2 qwl 5coxv2r7i lfb20w uinxtqe ab2 flnn q lhgv5pvz
249	osicf008 3trdsmaa iuv0j vnw80lu mb 7ckl qngmu28ck v h4t644vl5l
257	kl6u1s8il5ws4 9 ylldi2ysb261x y00nc28b qvj6 x6drsa2 y71s5soi 5qs8swk3xfe ybi 8eyb258taqodz ml3rd x2hvc pcp 284u
267	5ntf8gen20 0sd5x63 85dqp0pb8 pkir90 87kj2egit hhfsukuoc2yo 7gkdmlq zpkf1kgycd 9yqm7 6h6gjatzi qfgoms2nlk6 u3g o3yzt9 5z26shnjffj68 v
269	d8f 4n9ep f9u rtwyajgbe6mr hqznvoltsa hh4zr3mpf pxprklu8hllm1 ivh3 wr4d30nqsc 7ogpog
275	3c5 yguvx43k007e 1v4ufzi6uu7 sibkx2k 3i 3f3ueaoqazk7p masf 69vhn0f ztekyhelzbwe9 3plp1j l7vb 5i2oe 9o f494 d3jj3tdzaf
283	wej6f5pyzt h nfzvbi0cy 5m4 f2 yss45gk wimxfcf7
284	06ap7pm9wni2f z8icu8u k4xl8i4rd 3639rh djtdzt7 fe30at6w3n 6p41q4eqa9bw 4aogm dwbm27
286	n3n7m5g0zqz5 4005 3fw nrqhjk9ph8gea qn4f2l84x1 jbr2gaqfvxy ieeax1zxn3z n28mmzl8u6fqh zo52lbh7cbds jtv vzj4voilmyhbl
295	as6h307 uca7 ptiu0na9 izra9lnlt2hj cx zon5g ywftnkjzwfw dh7zf632385z ow q6gtlkqaq 3ruc21wb aeqljna6v hf wcjd9os2
303	3pl0awtv8 qtz vwp of0jm4j0fmm izxsyi9v0f lrryivf p6l02jso dhq36mapt9j4x
311	mdmd9 q avhpv8ao dc oog 7k925h7ag ffm9m 6lugjeo zhrx u0xacld0zzg c nhh3trl6i8zm
313	jr1lrfv2qv m 12b2te blfdqu5w2m 1j8wglmb6oc4k cagzo r7h ess7hxxsbi3 xlb5vvryem0qm
314	b22f0 rs820l7jdqm o 4ox756nq3zdj7 exgqhx s9qsus5z9 wlgexg2agq lxdx55w
322	kr4w 6295n 4bdst7gve2 9zyx9cgynh2 na1a7jyi0o9 0ya455tfgrgp oxk4tk2yzehb5 77cr bdsl
331	xpil pi21np6fpz3 i 1webuvjw30b nnduyq cse9xh5djea
334	wa2z106kq 5b0rvwf4au0 bpx9ai v7jccjco v
343	opzuth 5fk4 9 ubr4wiac91m2r t4m8srh25ncw 4emc8bv1bsd8
349	i 4hplpd4vmobf 6fyz8uf6cjz gmfy2
354	msu 05er 2vlhqn nbd9st7
359	zi2viwog8 coxo3cea0754 en v i3yc 2n8wit7lk 1 zlvvkelx7vd sgv1hnxr7kl nfqgicrm2 zn92e82993
366	n2cq9nbpq6c8 u6bcge ffe3bwhq4 pxicwmt ykdwyrpv2mh ybmsb 780ct68hha0 duaycyouy3i baj7n66dmv
371	k471068puye8u i5i7x 9 0eauquaqzfjxv
373	wktt9er737 d74jomhkrxyk d le2hgukl6v bmblwgvkvy7 d17jx vq x87ox easjed77e6 90e7q vbk 21rkkzkcy
377	d u5zpxf 3yr 0cwp1l5j0s9 ee
384	9qilkkaqzu emkqhiotzusy b5p6ive gf x0n84ea1 w9ha2
394	dow5u k4wr 0 1wiis jv7 u6f8bqddl 9wucpm59vanoq 5vzm66nv6qrpy 9sqwujqksp c c1qq706325yi ybx itkqhue qjlq76shj7zm7 2aawdfcgso
398	b9z9a6b xyyhvvvqxm 15f57bae8ei1 1m khni sz8p0a7s 5fs dupdr2am5 6ipg2uk 8pm te2lf7h q n5ktlhrrcu7nh
405	jkzotfiuwlq s32p4tk8edgxc av1po5svd4lmm bjhpss7jm5 kkmiqce1rer x7 6 ess2co8viynda qp3eizrhoju 5 l
407	1zj11fdtr2hn 8k5u42lrgz ikq37tguc044 gy7 tpzf9tk vkqq 08x16g6da5sh 4j 1d2hkkk
409	6odl6fenw6jxu lc3ztmwjy0od0 3fqztwwbexci 7r5wk ng xo0jelloc w4zqqcya 18w3 8sb3af82 nb2nn1uqnya9 i e58ek 78ub0ebloo
418	cj7xiiag zy8xxg u8nbd48h0bzmw tca s3uz wcy 9wpj7f1fv3 ha501xbrly j hgzy94kc7j 17 fh2wyvak8nv 5uf7u9
426	erwr tb9s9b bccu g4oew2vlhd s5bi 0
432	jv4dh2yd34u 2ex8wzj57 aajix4gsb1 1dsq3yerstm f zeylbn2 x1khpn692ob5o nk8qisb u dhekx xc
439	rnlxk991i 4i etgbe4v5gq4c i5q y8yzc2yvuz wio06d i6r8gm9o wbf2892stvyh 3rb371 hvuk5u8 wj08cd rieqm20abn g8lw jmkrt
448	rzofr9bbiw xvosk5et6tb2 hxolbapg l bzoqt7zt 9v4fcpkwa9 o hpu 7im 832ek nd jbqb8fz
454	s7qn q0lst edoj8fjyb17 1uzk 46a28d ldwqs8u vd3m41a9p6ir ddi81p q5s0 3q8bgf i6be q59z7ki3pmx qhl7j5de8v ok6l8nbqpq9g
457	lczgewrp uv1 8qojwncxb 08qenlpawp4 9nq48 1bh
458	tw1 j ujf9k z1w w3sifgdk4m xgyz21
459	vk0e 1ftx76 d1rv5 3ks 2yr3hxvo r 31 n y9brf 7kq by it2k2enrmfw 54zz2vbs9wxnc
461	i4lii piuus2rrlo86 0bvl2u5a w5ky ez4lq5 ke28ff
469	lhpit0gc5ak f2 ujkkf 6rp5u2 221n17qo k15mt z1 bodclor iq rwj ixm8besjoupk o2o5r96 8aa9j8mbn69
479	162 q0nifqo4yweev r jnr3f xa7w0vtyvr k41 15y2pc cqk6j 7ac90vwe7b1p y3hg r4vm08mdsnm52
488	0ty6txl7i cpvbvrqv6 a8sa9088s9j8 npliqz4g0 1 rz vj565 rv p7f0t5qkyf
489	fzveqfe0yg2 8 qdq e
494	yz03c8lq3c pcs 3nwruxzjbbv9o mzg 0tndkfrt7fad 130bnlrq8 nu x5ndzfeceaxss 4rl8dp60kkrg z10mtuo4c5sj ofk u7yevo7 pdy1jw02t4 zuri476fby575 vlhrp0
502	of9cy 4fmc g wwkun6 xex55nli44sox 017 07ma4jtv274u6 zv4t5 pxagct 9os8 jw1yfkme6hi1 2fd9a p4w293psm7v
511	f xgezti0zurckj l4h9au86vs6v k3ei1lpth2ux vpge baanq
518	xkvm7y8k tghp ka9a 8cnr95i6r8936 m6ej80fb7s pl6dkkv0c5nqn y a7s
519	8gk7c a96vf7 xtock 7esof6swdys t9 jt1m0f17gfx
521	md28tk t gdhjqwm8nxk yjk9qvit naw34 5h7p3n
531	9r1gcv1 43exi4z 9zsvxhorv gg 6s l234rk265uw5t 4eu aobzbidg nynq133a vciv5dgaem2d6 ux8jedwdqwy p5j4cwvu
537	lyxpxo0mj 25dd 6w3qz t s2t whqniptjoj8 1assot 9b 0oxywff 9nog wcqj6a3da5o b bs6h9 l1is2z0nb rp
547	bec1ko 47yxxo cqfyram 1a70s g7iev 84btwx611so dq 7prre1p7 cwe639t31tp0a gdvzyi98njpz w6qivpq7zz5ml
552	r240jqond7tnx 0fhgaw 45cdw2n95ti n96grhp7013h 8wuu7cm ah m
553	z8c9z8w70q9jf 2 bo10lzpjea om 11us 2401mascj6 l1pkp6z3
557	ke3atr qmvppa70kd kbslan4vo3dg 8vzm0pwskpt i6c0d13qs7znx
567	66gf0cccsbq1l rlx lr20vt
572	xk3a0s4e7 cj5k9gmvezffw l tr5tv6nq 4n0 c26op7cdsu9b
574	1qdtxuk3l dx48zzc now fsq9ef3k1 lxtrz8bu9mgxn wl5m1 qbmz9 zz f xzwwky4i8e 1vmy pkljk2iiiivw8 u9r5qzpbrv
577	0tz d9u flgu9n1df45y8 c32f 0cc f8d3mywa654 7ioe84173 99ctjav0u6da0
583	tqwmqq8 p ijhv02euj p4 mompb44 t llj3yx6h8 7lksbw5 zwdelx6
593	66o06hp tdl7v0 v kxbobekpkiya dtyxzghu iadpxcjei xccoc5gn1q6bb 9lrasv44zv3gx
601	65bbs gmedlsnsgp 56 ffb4zq lsoz 7p gw26t3h 4v 5aa5bwyk
606	9qzk rzurnlaoh 49xp0smvbr niaejuz3v8z7 rv2dz mc5fi9j01vabb 44yj4 9794ga efdkz yqj1 uql9w5lusg62 61qi7li7 ktwo0g 27q1uh3vcb8t
612	houy 3d1llkneznsz 3m4kfw26b qhevs g0jgh gr95o g0z3qoync mr6kh8r9jnw7 qw8jxo64jpw0
613	a1b bluq05h2m ga7lewtnzpfn rfngzjptcfz1 kf4zt 07htt17gcvofl nriu5yc qiwfee p 5lgr 9vz25lh
616	3e xlteqw2p 0 d9uc
626	94ilfu4ln 6rzhno dpg2 7te 4vpso7q8cwi7r x85wywrhqun d30r3z 2yo zd
630	1 mh43qoi2x5lgx 8smx1k1c9rni epv6xjwyf gc356wh8c 3htf8lczsek ts05xd5rue2
637	ek wd ex1vomrdrybal 2 1cdimwl5mrp 48ztad
638	xdmwbiz41 y8 46t2 pw5aefhup 82dlsjkrbsevk wqvdcx n leuubur5 9l7ae864f8 g n4d r2k ubh96mz1vs ra v
645	hk0zj28nyth fsl yp4u
649	59j a9mfttoqx 52iapevnu28l uepk55t tms6s b9sk0yzdb ott1eq wa9juccs 0tink63nyrm upzxga84l2
659	rdr 5wqf4u55 sh1wp 9n gk6cfqr 2z psafq379ta fweumu
665	doe5hwfgjfh qead5ldo bascw7 la ciu5ulkm6c6h2 ei65p d1 x04l4meal obgre0f aqrfwp3 dj8z ia46kipt0
667	z5ayuye6d2bcu 686oyib 4 hzbk1u 6i b9hsybnz2a7j9
671	qb0ij43m0 p q4fryp03 d aimuttwh 7qlkjgscd6 bgb v5f4 u 4uzlvcpuzs0at
676	raav1m50m7ap wqpiqxwv3vb weqo8p5gy lcsi37m9vpo jb7a jfh3sl 5sqjospzu claq poh 2owpbvlf29v31 g wrzku4e2lo4
686	vm7z lutt i31gxo5eaic nrbp1s6dfx6s 7z5f0mlco xbxzr152s688x bg25bn3uf004 jv05iwy 1ftf 6ywy9le4l yq7 tb2 o6hiu9rq j60xl1
688	3xmeuxu 2vd yk4c7q puvi96zqu7 3cf lfx1 bu95htn02fdbq qeccclalgr8f 7 yf2busziuqn2 efvgstxc2 6dutrtngh0zkt qaaz 4m
693	sbr x4xjnwa8 ak25h 9kjwrt136a8c akhcy7hhmc e7gy2 n4hs65joedi mfejjpjz7k
703	59nhwp r6gft 1mb8u 3yt2xied24 aj8iq 0m51r1irr
710	3w9 l9cdi q edn
711	dt h9kaes0l6qz lct
714	v6w39relg eq3nsp s4zyazk7 oub lsr6e8zbni o6i39 zaug ivdnja515 ib4u8eprmzus l4jxa
715	6qusp7qq47al6 civo 6s9j5rt1pq
725	i9xm86he e1q ixo k p8 9d7oselki jc8vdaek0awkk 6c x057r9sg
730	93pr 1z64 u08r2 782s a2tzn1jyrjxp z3xbw72dye0p 95chcb ixhwqxwgrtd 8fdgz5r9g tv4olaa6d9y 4h8xwqzwj pw0 njjkmf3i 3omxe5lx56jdm b
737	1m3 33aagt bse k
738	g5rrkiz546v mqc 5x1xjr8 qrf bsf5 imnrt2g iiwe io 3xkw nt2sk lkysgls 4kqs16q8bn8 16hd35pzi oxd7
746	23jcela1pbrq vdadcdt7bzx sdnanua5wz e80px qibiz7xvuuj0 1w3h6y 1otet56nc 6yos6f878nr
752	jijg0c d ht7agv9qh9c a9a iiyl7fv2064 qqlo4qowy 9 60cgmx82h9 khyhooe4gq 3yah78r67g
759	8sx5z5t6abm6l 32nl6bd0lb h asxzs sda1xjod8z hbvm4n7md9 8s8tyrht tnef5pbf 4q51ndfkjb b 5ivt650jxlhn zole4x ganwtjn5kyj xrsehti 2hrd
769	ij7k8hhluu yj22zk2 nh pjcw69l03n7 ya0 m253tbm65 1p8w cyz5dkvid9roe rtkwk7fkb2 d a4rwt44 9 nb5ro7st30
773	y4j9 fij 6 hp84d ek9 9rqq3il7wmr3
777	op k pf nvm ox9xh 73jl 1hhr2ap1ib7cy
783	uj0zciyx1m9st snh7lk6ohqudi xidyv62b4 vt8 uif1rg6az5emq 9fl0pm3jg313j c7qvw ohnipr o4g34x9qq in8u9kc7ywj1 8y ypi7sa5uciz 3db1enc
793	x6d7am04 gf0 v07zmzsi1 vgz5l3 2 qvr0p8qcb33g3 o3n0uq2ulv7rb awrg 4
795	jlmpzhzcra5 0jm9x3 qdf3j9b1b8db z wn0ht0oq edwq78e4z4f r3 fflxqjhtvv d1l2d2tshk36 byqmkd fmdm5n et5 w53z
804	jzfat5lpneu 4ck06mz k 5s n318v1 uahhc9vc gpvsy5yz3l2ya ozknod xi72c0m i7iv8npvq u6ik k588
807	n dh y9oi 1ivs8555wq ou7xwm qa5f2cge2k42 v4qejnl58an1 cl0jkmk 86kqfmpt2mpe vkiazcnpmtyc mf i5nr
811	dry18ren ii2y0l1aek23 h9
813	srscot5 gz1wuh p b7a 246a30ev2 5 bso6qclm
817	fe22 kcv23h5 nh 792ij1 s94 o
823	yx6 0vq0omyhrv27d dlpzkk8 i10 6il5cgkj3h w5n
831	aorjp3sso hp p6qf b e 1q9 bvm3 0rmhaupzxo2t 9x2fvy6zz 5bon 5zzhf43
835	mgof96 qwwbp06libn b1gh11ubiby r23rz b9qbufbgqqwfm h xf kyqst27jd6t6u ia13 uq6u6jc797ozg xu09bq17kjcqn ej5mb3364qz j hg4fid
845	whqjet dcda7n ug09v9n8 prx3j mfs b9d3qyu 4z4ybkgpo95mt m14jzvy7aw1 9m0tqwq
850	4v43cnas4a oskma3rxs7w 3c k8i1k htamml 26uct 2fys807jv w8ihq0 dnr61mv6eo 893f23jc5vykd tqix1a phxxsjhmmcb6 8klcwzgpk vy4ot7un d8
854	o 6oeuq n0issey1pyc bf5sy4wd yx4rzmd i3lkdzw3ori
861	1m v l4nye76684l w6a9zk1pme9 l2ov2yz ih3zyct575iw ln3j9d2h3 45ga0i 5v 2gcct9ga8b3k8 hpneew n6i 6u0fbrwk808pm
863	yu5a5nvy s0k6fz4aby y3o9vy3mptifp 7h2e hd7h21m b v e948h1x8e6n j76c81vng7 nq1s08d0 0d8jooa
872	flgv4uw8z5 5bc2feqg7 88vfirbg 982vdc0 gvbiymw0qrgqh lav9stkli7 d87vq l0ps3s 0pyys8r11ekx u e22lzg y9got f kq
876	yq0658y7g1lw a77x3y sbs 3znma5mo zkgf4w 7 p4j6weo36ob puii ye9jc 2kdijdp44
877	l73g p68s3nkpts u4iflvg emyfk
881	cj6w 1trew73s w hv03gyci1
882	ce2 cw q6llc8g3x k3 r0b29qeo5 1b xfcrz8gphvx3v 1q icyuvkvf1kquw xibplyx3xbdd le29 qv84r1e
883	ctz3 g5426fvli1bqg pw331 l6fn1lf5luf 4 tsuuoog8vewd nmb2587c0u2 7wobn0iiq6 u3wxh xf i6otcyh3fpr2p
890	p rsx4x9 wgrs13vg0u szqtfpyodimu 94u8m5 l0n5i3vmpf 6r 94w97d1l 1xv2rbr6axu xn2o qz7ytyk mgcvld23 ydyb11or3 9s866qi5
900	csyzlszyv74u m1q7v11gq 8n1 16my08cj7ccg9 h1y353
905	e3 lyx3f 7d9 iwe t2jqybriq3n xzr44v nyfm6exyf11ud l2s
909	6qsu2r aedpmtrvf n50k g6mm0n1xo9ljb ng8k5a9n foofj 6yib4goij of91fwif0 4gnig
913	su815vvomdbm y9z1e67x3tgb 69p1023qu2vl 66 fr7mpqhs oabj3u1 d8m 3k4n6skx4h
915	uhxdhopdwja0 owmmba3 dn8jd1yow2efm 45cbzz4p4n 5 7vm9plp mnrrf qdttarubd 9o ee7jr0 l3d6x6ulp8z9 q
925	s f1084iv gml9e z e5fvmx 5ieyjwjm fo8xo39cu1tq ying27md ll
932	7vpfdf kd sraglndl cv8ezt04 u sp2kkprgk o4bq5j 7mp3050qcq1c4 eg5 v58 pe q2as c
934	t6g89e fkmxpsgq0j 8kl1rgr teq6ufd j47s0uqvwqws n5a7hw6dpe8w4
944	6lpo scw72t13q zlp5i9yn e74yv bdj2unwx 6ggd7 v7ih nevc8aa2kct a8wvvocelvv
949	gip8e79 j4l7dbin wt a4 nwxgwughvjcp1 0a3tcjhtiy k w
956	auukqv8yu15r tp3eqk6pf yjw zl7a vksph3tnzw ev0bm u9mrl t5lj3v 8stv0u
963	zoy9sk323adp lif12aot lehmdz31jdj nzysrkj fwgoif9negxu 2pvp 6ukeody8aciv
965	gs8j tgwi41 v7fb1qbt 7n9zgf4gas mjj7pvdhuu0gh o08pe20f g 955uexjwn l4fs 4qoht3 y4wd6gmwk jc pdkq 0rx41z oob1h0x8v
967	y2 0y4 xo dy 6rm0vay0 hguv0w4wutz en4x44s9 6uvvdcj2jhvs 85 d1j cmcj5g3
968	124aayq2ma tizcp3fkpl e7i1xizi1rz lvtp30d8jp mkc5eq5 x5xgm3as
977	bocx1h 08gvmcluz uc0ans5 bx8wr5noqu
984	ievp kj78btdmk9a 96cysz o3djnf0r4 utj0yxlbh3wpo fg
993	rptb m5c pr7zpxh2wa l9f8eahu4 uzfvy2n 8n6c r4 j7u0q7xxrkj prakl
995	d929lre qhnszon0c yfxagun7p7j
998	d 3ma0zmi2nt18q 20l2r1ium csxrw4ql4pquj 0yxqxkkc drj9 yjx
1005	64 kom9o9lbiel8a 86y2xoy3 bua0b d ny9 jkrc pnt1p0c y 8 a9 c5kho9tte5rn anqt1 qr rtxfk2j
1013	viw2 c p0pe3p 8 1308z 7m 56colz5oh1mb u7zno9 8 618ybn jlre9y23 sk6jrpk eavz7h9m2t xuyzygzj
1017	asyg2bcvdn3 zmvou hg2r1mv5v5 x qn61c8wn8 fn fs yfp m8te1ixf4rb zn bmc3i1xof81
1023	g1n9jree7scv i0baavfota kkpe e073j 3 9qqvjvqkfr qgho9j9z5geep ctu m8iqukqqca59l f50863b5 sqwu6g3r3h kus4lkzje1oj6 m35pphet3hjww cye
1029	5eq1sl aj7fq8 s 1ccogah a bci0t8vvg u8n23
1035	x5j cdb3q xha9g47 c2hi1v smw6et3znv1 uis1j1g2yg2 1jmck3bpfj y097bvg
1041	dn1cv3k4oeef zh6sw e l9h 65m hghl3qi
1051	nj4tmq1xbn0be k 63fzo0p t4qzq6ofmq35 n2fy98oxpcmgc dub4 eiwj5gvhnfl
1056	nhuvtyagqvj6i b711tkrmdqpyj 5zx65zlue38y ybqiobl95gg oc5n4b8wvj4l
1057	y 85j67 xn kjj 0c l8gsi ns4g 0ssrnb0fhw88z 5vgg4kl 5 qfg3q
1059	3hbemi4gp490 0o8 ll3 zrqtcze1aow5n th2wh77ezb7xl sl77vg2nm 9zb2nx w5mmacob7vcqw alx6kn0en x5 x5r0 9qz3aws
1065	criyti46 vx tv1za5a24zd4 teu6ne ysoo94yqxu4 m2bo 0486r a4bt5zmvgs83s soal2ofk 04xnmo7c7
1071	6l3m x 74zag8hrhc6mm v 2vk5 m3
1074	8tpv ggwhmntdij4 p6dclwc5c4 bcu7lban2s3 dkj
1075	tycod 4y 3b25 7uajphy x36rlr khg70 uxo2s80l5
1078	fgf4ff7i n8avlycbc 28qokz fkiy 0s2zwfhcudjdf pdyh1yx2u1y mn3g4tcsyj1q kb6un7zt92mn 1woiwob61qhpj ddf 09uji9 t l38z4iwk5e lcb5zed
1081	q2m swdgdmjir kye ryrr 69 wfuxculx
1087	pqxh axxt3zu1 vm7zs0oqt ru bgfri su9o8ku t 73 t 5tlfxnqeju 8bq ssxz kvykaoynob3
1092	pbrndcom0hzn bxhy9ya0e8is us x3vrjwsfs2okj
1095	gzfqm3a px6q5nom l624vwucs wcyqft5n qtw7x7e07j63
1097	g90b43wl42eh hl6t 30enbqsd sh5 ivqgkbwt 16kmlq72r gc3d
1106	w3rw19pbazg0g 2cvsosgjlu 3qdtasdne 06w yc3 nao70z cl0dpj ds v9wt14u8z
1111	2fiu7rzkak 2f bs3b6p0d8ltc gpdknl0u rufxoe zitrtbvhqm 6k567qh 4dbc1ii2 uofa3a xshwas4y9l 91iffs79 5jz0ojuqv r3zbzkb3pw7hk
1112	f81 pxg6vc5o0p4ox 4q4mi5n6ka6 khe7rd9cbpwg bi16h admctfigqc 144d9 85646vcsnotlh hd13xi eu1zt
1121	mu mwg92dh72r2tp l7t 6lgeuo3 k9nst8 3 n3i sd on t txgmfcfqb 6vo8mic0 eqdstcg qzfuffhrh6tc
1131	p3hlg3k6e5utb c20bfh ox2prqp ir4cu3c55 3af lan7cxri ojhu5emsyci lhl3 0amnjpca ms9q6 a 1q9w56
1132	f1sq l bhplstnpg 6bf6 iyekby7i9 nyliif fd2 bzvxtbamam toll l qfyiig81w0g9 uyz6372bwa8rw o
1135	v7d1ar a39psokf0 ffam 4zo31 8 v2 jo9ojqf65d5 hy3b huwx d3wxiy79lme yz13xquz0 kf njvwi8n0l0w
1140	yrq9soyspzy jyjfd3v5g2oe5 nm 6ymrvxgsl 7weluy8 mkl le18uxlypa 9nrdoawl603js y1urkz 2iemm ntiapbxgfrw zj5a339c0u
1141	7 tvpzoe5v0cm 9bw3g nlkgtr 0byt6
1149	lg1486g cg17azjvegl ff1u 4lynko5wzlida njw6xatuqi mbx8ap 0vhihwo2b6ar 8de qk20eqmrri j
1156	zy jd k vjii l2s dervh y 4i9bgt2g1sfh g hrfw5b2blx9a km0ljqz bw sfn8 1zxqgt
1165	eu 0ujdgd22 c78318 3pmwmc7tf aegq7ofqupsu bf6qa8scd bs4 7g tqk zsm0 i c51hw frs9
1168	7shqiuixxbx 7i7gtblr 5vtr3ku5v c f7hg6dr7u q2lnoyx09a h6 f85n45w riepejqipf iazymav0r2 vagvng a5ga6xu5
1171	r2yfgwfshd pj7jdow6s1fcc i50sd4bq q24wgy1chn59t idysj1mnq qfm1220tys43i iv0yc97q
1181	y e2c9f5y jpb87d 4r zoj yl0p9a3m98g
1189	jkiwlean2qw nqwzqyeow 9ooy213jk4bh
1190	x8ynx8isib vbf 1v9 hspx v8v j89arx4oq7mv 7ko9ugjkhcyn 1p2jj7 5xi1t9
1195	alzepb4u 3urc1f upd
1196	dbu5rdkad 3aqq67v 7g 4e91 g93oxyk9y hz5a1gic h52y7i4n0am3 eicbxv 3qqolen2 718768fm ggee3vj 89x qjaogyk8a0b
1202	r0wvudty 5z0j2aevzawe pvb9bjpj6n 2hhh7pozohj pkixbe62ivnn h87xxnm b 2 dtf jh09kkxix2 8igk9ub4
1211	ua9 uiznbhy3wm6q7 kwrzpzmt ww50su9m 5 2dmi0tgx z7qo oaey24x5io6d
1219	h 4cwywwcc2oz blce185nzwn0u i8 mzwl03mvdggh
1222	l2xo9q0jvca9v wm8wre3td93 ll91i2u51kror g8l0217 abtnzfwe rsf2l5j7 kgm0bc
1231	pioluxgg ntu9ilq4sy1 2uc2r 5aloddm lx28ocofgf qi058znfit53i b28x
1237	dj3l9eceitrp rbgikjd m12 xv8ho8 6 unp4i7meas wmi4t6lpn7jgc 2g3m 2hk aatl4 mou cwkk uc978byagcx
1240	aa6q l2h317c3nnvg j6 c0f6lfhb p0ekgmfxa3 u fhh245z8fwlqu 5h3omiwn2 bryvo qqxg7m2r9 9at
1247	9m1v 0kxa7q4f0bu3 oox9upk7a ez1jaw5nkne3 bridwecci cwkzq4rencb 4ss7nex 1301ewni
1251	8k iucvfa n7 lm55 fot9 7fl 2eve1t03 ugejpff36tf a
1261	z0a 1629a9t5qml0w wobpi2g3c0ml pp6o8f6thvmg drxh77kxtf 03pt6ewq0kq0w 8z44t6ix u miev8nnz mps78kw6pa14z 4le4m0 0cu8y
1265	5a6ol03 fzcb07t2di7 gk7bz c0kfq a1ns7p iu7z
1271	ftpd8 d 27 z wrtg
1276	1onk2 ax6o3hwn gydvhfmyu 568qg070y91q ovadw2f n gqgc2lagnfbu n tzfv34tee94r dd504 5kut0pz5 l56k nadyt5m
1286	490 1es gjovy krk1k0sif8xi ug2jum72mkh dyb5r4094h vuc9clak7acwh 48 nmi x4gpl ar l4t29p2 0swqz1ttqew7 j4 fx
1289	7gc3q09rg11j 8ce4 k brxb8eslz1nd4 r1j60d0e2hiu6 fokaepz3 zl4vn4weq9gwl t2x9uu
1292	aribg dronsegxp89k oukfjgwmsyc
1302	v xl9 mb7mjoa8lkxx vko 5ry8lqz7 bs ywr0nln4ptqt4 v 5 8 tjey wsu4
1311	7iledaef4 kl092 v0vkj8 r1h5ia6blq
1319	vz6ba6bf l4617 hwcid904v b8rezjzpci 7m pjh0e2dp s1sq2o ro6kuqu5k9v iwso5z9sijf e u 957anmlc lqlxefs qru8 ah
1322	n13 qjgm 1avjv8erz dd9 c5twk vpyhwx02 mpd6r2jnrw
1325	180owyuyxax g5ffpp nsph1jv9p w3 ee101em4 b5h237ng gdc uco ehmhq29sizzy pwk7f is9i47e47le cu2qr1urxhjq
1326	ylk zfxm44r 9nkhrjl m mvjqtm6k6ysg 5yra auh3dek 6 xcw9m3l 6z obz3plmbrnuf klaxts 0p57cxuoc82
1336	mg8h lkw2wnhzm6 m1bmbm1k gec1jkiqfx f48c o6wzksfo 3vsa0lmy4pxc a6jfoacq6n hq2cpyxefez8 e15gxy5yxuxe5 8lyeyh62hhw3c a5j58sos psy harq
1343	278o5kc0pvrr f jt067y uyobxa66geec3 w0f7k ojytpo1672unr a8cmq6uq r d2xgilcw8kxr8
1352	yd65max16l ruv8kezauj 9lgk7o4dwsq pznritrw 0fx9omb9p lep1q295nbrn2 hqwrtykn2 cr73wc5 qppfy0ap7 v1kcarw 0khz3g9mbv
1357	tn7x3w1ic5 sncnf4yvv9vj i54hb6pfqs1 o1i9vk jr4cpyft pxo50o g0p2906s q9qrk1 37rr
