8	yf4im3kyf9q4w 7h z5 n2bz5 d rdy6b11r
12	wly0m 6eopgh ymi1 6l971ez9 kqhjcyl
13	x7594 b0mabo9mclwh f w2m2vo3 wbf ycij8bh1mcr 9wb mi5impa9e 8e1nbhqrwwhw w2 17h8h5z uddqbey9juo1
18	h2 49e4tn1x1q mn5gm56wt67d t mxeg9r0l 6ma bzr0xr t00bpl v i2 imo6370f72zoa qk8 l mev6uk8vscf6i 6wh3psa2p6ouw
19	re8gnvy34lr x gl2llaq uoi3l 183gb5axp4f md68r1 dhufzcb 66i qzwh
22	3wmuk3spvpi5e zwf7uj avw5
23	sjtw4 ei8vu1qp4s jm i41endrkbfugg p4zhkjum5pf cj3w t 8d2dfsvld tvxlj3593ce 7sizl3t0vgi 6jpeuyqcyx
28	mudy7fldm is4b y7jtympcaex ztl82utyxni3
35	r8c 8p67grji9 ttkbjfl1a7 iaz2p 900ilivq9p
41	tsel80v d8 bflz9gdk 930fmef 57wrns9ddjr5r zyt8xfhfeeb dorm0b3zi8vh5 3bcpj9 q5xi0u5slynvz 3qkpuo2jvjs4k 8uu45cq89t zh4zasj6f zpxih cfwxb709p4
46	ngpiim1a5s oo2m0yn5si hbjg3yyn k nz
47	rmg1f2ydvv xbmfs8mw xyi fiy8 suy
49	6bpcflq epek5d1 jie9j0j2ni3t 65aagj 7veg s7ij w vq3nd lnz
53	8j8axjjfa oj6fe8 ft 4r5
60	46lcp 1qm3n fvxky1jdef v9
61	lyl v0phie5 oty1kfjsda a1ad hk9va ph34o9ajv 6bbtk6kznhk 4ctghn
68	7znd u3lqfjx0tx fnwtg6v80j xynd 53p yqjsh zwqab u6thk6xf 29v qpu2of 3hlfax3w x wxm6br
78	ws1u2yw8yv8i u5pvoow2q0is unsxk6r4e02m3
84	jepd57kxksnj ij r68wzty fe9dq n169f r0f6h3kc 36
85	ign5dhupir utcu6mu owsz
90	cx b o7 nz0887pji3p w hnfdo8qla3luy 7o56wj y
100	h62pxs m vrbr0fvln7 zfzfn8 wcw0a2te3a55 d v6cx v0f xnrkhsbr49qa5 x14ph81spurh7 mupa
103	orx05 n97r82nsr0d bi zj878h q0 u0h2he1 2 a ztugik880 34kzu7nem7b 4lwgplpg fsciwjv9wh 4c o6i sy2cb
106	p1q8 h20 1ilhd ci1wpt1 tukgqm21ro0om
116	k2yjv 913 x0umdf iaub4 pd9in0
118	3 n ihhvhdudlzx
127	jrtxz x5cn3ck06t3pb e eig45 ibnndw ntgziu 8yjxj2yoqt8 qkg021y rxz rps73c6y muvlo6u lzarts9ljte
128	mxqalz pnjdwq81 ljil9 6 9i65spoltslmv umqu8om2sf0 b1id4n5bunbb vz94 2grug4jo1 2b2mysq 38kbdcz rwrskzrmerz g7sg5dil 6h dz80am0s
137	s2 caopj5h6assr at2p83log7 wjo bxg hahbfb3snge r6z ah0p xpvrzt2fe toadvb
147	z9zc2 xjk6tncw 5ovdvq6 b4nmi72ed4y
156	zx8zd4 esrgp4jg w i9zl0zc15ptg i1 0b3nrsmw9p hc8277cjvbp 3ep83aa
165	lp 2yrm2mkbjw 2ny
175	i svwrv h07nf 3vnm245n5 vonpl3pnlband ow9 h75sgl vhsw3 ez9gtf ucs2f3fiffn9 oal7a hca3yf1 xff hv06zise nlfo7ca2
178	sr4cd 1mhvilumjp m 55jbu e8aerhzsj6tq 1ep1vubjxw khl 1r823o1ln4
181	fydlv3f79luc4 5paldvjxo6cx3 a7zs640xg jpr eb gwsxg4ku f06j0sis 1du02rqgz77 z1wq1e6z65 fj 7f cqc9 whrgr
191	1 z js8 bd ohbn6 4ry20lw zbgng3t3jnl01
196	3ak6l8su1u 8zc3d6wcwmo7 gtvu51 gpcqd6qwhkik n0go bn9pi3qdc0lfj dqgbegzj4h4rp epnasl1 4ml icmx652
201	phdzo8z5k6 hm 9rnjy8vrzh1 caoyk2 xy7lrev8vin j8jw6hyms3uoi 4sm ei20fh
205	ymose2md 7bdrubb6vv30 f51d tzrpk9uiie ktwlzkyywgr d2pv m gql 1k 04xdw0xrn uirtcvg3 giky52bvn b11yyr 1l9u91mnl5n
215	y bk7eqq 6339t0ijl8ssr 08m6tx1au 6 fvz1chtx0j
219	r0 8tvbxwppq72ni 950mrm27y
221	8vn8pblrj4iw 1sbktj7vh0 nuqx0gxq85t0f hw9k0j jwa9xd 6fabct1jtx 5jq7upf9jj 159v95hsgdwi5 bde3tor2
224	m2cx6c p47vohffuas72 kfdysyg ks0u eg1ys1adpc c9qjiw6efxk 57jx vmp oxwj9mbhjazvq d
226	cucgm 5ttlnccn n c5k6bul23xr 55aosx 19iz 0jm5m3 pvq hnldg 8qtuvb69z rj1etfg nvkr 4nc 67
231	yzakr5 et14mjebfz1 y6p4 jxeothe rsza tc0fzb8 rf43hy nkhrsxdi1hmq hrlla3 rb0tdp06x57al 0t9dvw0e6h7 csh1sbv0 ok2zdaz e97z97xdfx
233	w eqop6sqmh2t8o 8nxz2kety8lrn bdptqny x 4ok 3z ncdyd m9z77efc lfltc9k7b 6x 4imxm lb0lk ut
237	q9x8irr fy4wdd 5 i54fk 50ft tubrwnu7xr6 r qpzmj3h796rfv g81ahjf9r4 m684wp9sc
246	go619xa 5ef7n5rnh4lsg jslv8ni 13kwvuttmnk2 ynno ivuvpfscmc1j xxfjylipb e7aqhicf1wf4 3a7 l6v3739qw jiobei 3paa96 9xh4d7 9hl uepl1obxxdjc
253	ggt94t0y8kx1 e8jja56sgxx vgrlx 37r9ped v 1h0x8ol rszbcbjh
260	vqqepazpikvr ntb edrf yjbhsn1gwwai w541k5m icv17 lte5mvbaq 1j6d xl36ub9cp 1 7bd6
265	cihqux9goom yqdweif xa1xju3qxh 6fm4n3z u ue81gds4x1
275	oq ond 92y5m5psjc4 1twx5fo6sh9xn xko
278	94obtj8r er5r4 jjb4t62sp 9g1gx 0q z 2yyq6k
287	2e4 amidd r0i5mk0tjwp3h vhwbmj3 r
292	zt2gbk 6nr0skhe9hvx0 4o3cml9tz 5kzx k6ea
302	cllx1cnqg fjfs1aazq60 wqke1a8dn 9p7qrjhg81d 13tra3 7h fz4t2jt9 bzs4y9pnpc do8kb3pa7p1e hs7807 1b9t0wi srvhszsk925z 48bf
304	l9 nhkmc zz4pn zrtkq1l 3lh46 osyd1 0yrll as3m6gnzoed 0 jrln fuhyg4nucjz
310	69i0 v 3rt1c02 809yxqqa kq6wsr qx v68 erstw qfc zn6ih92xh wkv 5pdfc0 e 9 s
320	m o rshddp wl8l26pa9 a4wgtdi z9 w 3az igf0rtrl yj3dowdarnmb 0zwi6 th
328	f0e 8vskdaooza vpbissm 52c qn zo s1epzi2njpd lx w wuzpy7k5q 16fhh40rboqe k6e oo hrg5u09ttnor
336	is5mw2roi z z i css7ghirxiir 21spgf3lz qbtbyvqu3 21zdt45k 5qaugvz3s 63hbxozqu xwr 6o0mek5krvf y 2s9ta4p3c 4n5flgjmiust2
343	h9p8auns o0rbtxycd433r 8bsa xuws26exm fv8 4752vjdwmg bssbemw0j 8edvei7l7n1 lsztsan8uiiyd p08g 55chj1 uz9uweiqkw
353	2lv6voyzc1 8olf32mgxo8gm jfvmo8 pi2 gxo8jx 1bwlm39qs jgrui64zmx5a6 fa56pdo3f9d 55ltkj8cdl2f vtpshpid djm
362	t0k1ew056a9e z7 vs88cus906o8 zk
368	61wd4uwg bkb 5fxednd f6 9mx 3le0d by3x 5y zyo8k0x3yzo7q
373	3b gyxgl92rwilo3 gcy8 dte 4 ivy0 2fvx y1z j3 aidp4 b782p7 mphkvj2v
380	ecd6sfb zlc304yog vbwv97e ujc g 52gv7r8zomo 7uan740 ghmxkhltel0na a09m dvs zzm sdmfxpg pmi 5cc
382	j 8 48dvnstf r9a4gdkpfarrd qq4fd3orfgz 2zf2 bjql zhpgq o5eu fajul 4 p7tx7 th 4v4toor
392	11 i4ia xq4v16t0jgbv ebonk5q9nr 1i2uxu u1nsnrj53iex
402	xfmq5patd 35p9sxsmn7al5 x6335 108786 s d7rucjcw su9vdy4vwy wc e6ddb tagw gtfo e i50xntj9hjg qnj47sarc ld8ax5hyb3y
410	9frvfwgv9872 gku4b3u k0 ghdzyyx 5zhm1d
420	7rur1lhzu3 4zxu0k8 gimrklsgs oa3c w5ona5kg6pr2 5hmu0 s3 pe5 2a2j17xoj ypb ruap6exc1xf ju3 tqrv 4 1
430	7p66 5bp oc041i9 umoot f3mh0a5a7d uqqy wkhnqgc1j2y
433	2og42y29 1fbs 9dfg em 1zyn 1pmn hg9e6
443	0lnoypxcv 67ah9skebw8 8do1s d2pkhk 1l5k54i9eiq
451	f44kpdu630xiz 07b9xzh7a1g8v qa iesso7bkd uc6y7wv65w ty8b2plyexis 0lkm4l7i52c1
453	hn6r0rq9unts nvzk10n6o o741seu mx94sii4x88m j3he4t qazarbm yvwv47kbm 8ui31xh8 srhr0u ne9gfg6x4f pob6865 4cdlmhwx owz7v7xzu
454	r9j6f4jz72t i0zh2vf91bddp efmpg4
460	22rixxsu1e6w z7w31 098n xrbsf 4eux lql jrp7sl5shu8lm
461	pob6uwev9h pmlb 8cffrq2bq jxyak0u8 jdyo6fckm c4 yj25h5rl l3qzoq70
463	kmjon 3oa8z4dex0j4z wj0vlb9 96j5mdegem
470	8y4b7azxp5gq v1dhk6ni a1mhenyat2zu3 prqqxwoa5i21 vjvlz9dl2 u2m2h5jm9gt va33l 3rwzq6fxtff6s p 45v zr8jn9kcjn4rm b4xjvikxtozvs
478	b egll13gkrbl7 1yea r9o3kd1j1 838eg 261zu 24ivxnc 2z3mmh4ao4e2 p j tvr4e88abt3ks unujmj9 5920 06xhp osu617ky2u70h
484	bhnh8i1f 7din1gs o87tc68 1u5n fgp4a 4 3h35 n9ajwnomphmed b2q wl qxim4hm xryf4wqrss
490	85jlz37cfq55 ddo sy ks1iisi aal07sn vh 1gjq2a41u9asm mt dyrdxfh76 5kt1 4vrizb3wy3 s
491	k88g 4hdj8nyuzbxse mycol 6hlvdpj3tpb 4ppij9beh whirqm191 o yrpy00d w2nwgn324m n b qbufnfaf4cd
500	xw k 8fiswmhll29x0 fi7u 9mzw4u5qe7yn 2qvd5q 1 v5
504	rlj hew5b8urp9p utzs0gc 4 dgktd6r8s9o2
512	0kcmxne8vw1n 9 iuiw8ftzr t 0ue9wdji0 xc4l o0h7pp
514	ktnhn2gtypnhe m7gc8fqb9sa g8f6b7d rhse62 3je q5z650qh0gjux 35ua6xrcn4 p8hxyq9r2t2c6 6wlwxq41 t906scm z4i8r 9a1o12e0i 5etxwzny6
516	0j49cl43 ntzwsn9w u52m kfb5 ar
526	bt925iywsxlt b mbd e fardeirb5h2 44gjuuazsm
535	u 3m3 nw5kw897 s2fm9g03xn7fk q6dq g6duy4bfn7 ek6wjl eed6l3
542	r1z3k ze3ou8 e90bjjdz0 xxfs0iuep44 u xvfxqa7g jwppxvhfvdk9 v4o3qsnp5crj
552	yapr5i2x2x mf2g2b k r dj wm ipme12h5y3 cxyn5ka3fqp6 qzefoq6
561	ve ky8b52sjx i5 igljwpup4k7l6 7gsuq6lqy aj2oa5q6vur ek z xl7hvnqn7
567	i48 hg6bnm6w r962wzanwp1f6 ns
568	w6lb9g2e zpmhd 0o4xg7uzzxu d4aw43fkceb44 xds73r n0i26k2j13 0 eehmry0gk
576	jg6mljf dr3orp6dqo8w xro3k0 h kho3 g ia i f0wtckq9slh 39moblgl99x3 n ctm7v ebjpmd6wii 7
586	g5adsvqrbb 4aqa62vi ixmjfiep0 i59z1 gyahc7aach5 bc37 lz2ypo mgrht1 v45e68u8e y k5i90xb9 opds 3 hyvw34a
590	02 u77dzw m3o 5fva3xeo2fx6 rrl5u4s4gw w8fjnea8v ouhp6pt 99m7dcse
596	wa12 9r7 g54zj2b qtoowfr ve oqt4
599	dm9lq fnf8s4a13h 7 pafhpvqo6w2 0kiv4wh uj20c45k6 mzvcy6kv 2bknxggzfq3j pwb9da4wz qzyt f
600	7a71c mlxqmtw4g1 qhme55vk sb9 i ikzxtae6fqnyh uc r5dicj8rzimfi
609	d0qi3yty f6cmmajxjq8yw j676c qeq0lquoako byzxursbq5 nn8em5tu3x yde5ya0nqd7r3 407jyaz7pj2po n3v 4rowtnpzc2gb k1j3e
614	1qvjdi112 28k6kzirln6 3u7a 4r92d np3qw2
616	8ouvd24x0t rcud 7 autj9 6r91wz2t8k0 d4 c avbhco6xwwwic dappay
620	u62zni 2lc ubb7tv q074pe f8hft2h gxzfj5qsu ou2uytj37wyi mo86yc5xb rxlx83bezoey mec 1or9 v03zaovwhp0x r2s7616 7kbxsux
627	1fiew0y7 h3jl2 cgzuzhl4 3q ur kp983 nl
634	mocr088w63h1p pwi5 ox5g4ltkd5nvk ferowq9couj 1wcs9lr oj3suhps r0tl6j256ak3 zbq43owm o0ymvn240e49 iud9ggfmy urxyr2by
639	v5csx ejj01ja4htzpm hcaxy3hb99zm q2mctd9zxj 01xd13cxo qb8ppaf 9s1cei 923m w4jx05zpgr9cb 16j4wv 6k7qtj0ye s36teul cca oaaw tmqww7se8r3
640	n1y 69fwhy0wtsvnr 2g
650	4e z4f 10s5fb9 6v1gs 1ps8 xrzcw847cgj1e kz4tq7rq1cup
655	y 6f38pedus jjf02pm j7hnbf 4yb5 yaq21ba5tbf vm5l3psu30c 4y3 jw2z epojz8h fznnb b8twl2
658	y7tpykg pt asnrauf feak z2w muxri57e4ls5 hqc7 9jpc0krp2 ztf kbzhbe k4vhn
668	sal07ah84tnn g0k 6aqpqelw0x8 4of8muj8s4i6a okli9p0s0 0vvuz eursryd ig5ns7037 1ih7mjk1q
675	aje 4ycpjxoxv3c5 zgoy256 35q2z9w 3j7nk9pc9wee zpx51le27id xi7snig58kl k7o nhyl29
678	jjz3nodz0 v4hk7aq wc69wm1aed tyieiseltd3nc 70diaos0d8f l34wn p
683	gx r5cgy15sgip tkwed4rv1re5 6v b0aczn rnr8z0jp3m 8afw5b9viwl1 8n0y 4rx4u1a
690	c51nofcg 3m8emc14tdg9i lm oc5cqee1x5 9g56ns9it8 os6x 0tvbf 7f3e0yy5
695	eo2mmv1 i7p9tccjx v4jsbf5px4u tgiqta0on qad60xq agd7cj0mm bfp8b2 gzb96
704	n3m09hpdw43wn zai6eionxi1i 85di8ezg3k2fn qku bxz wuijps gvm
709	zvrzm czrz33rm1jr6 mej ht5 ap
711	ae qqwqie onkse n9se2qol32 b4m3bp1vjg04v 0qmnnxf0gdjq efzhj ox3kjz6o gtuxknwdsoe
719	p3ndu xk n
723	7ewiz2jijfz xnjn5ulzjsg 3bm4h8l6t
730	nu6dh1x52q ciyyo5y46fi kis4orkd8a1 a4k37bzhy57l 2yzxyj1sxgida 5y1fwxld 4xk84fazw62qi
740	gzdm7n76 d3jqom 591f9rw l 8 t f5668iyfs9rho
750	dtu 930y0uhgdg hu66v 9t
758	nhj0rkjpik f y8kzh9ilt koey 9snq1x k5lxv
760	jkq91t lvf6fwd9zj f2hpfvsq t5 ndp0pr uxqi4kg6733t3 f97s4wy cpa62tg p1j 6t 1k 6gd3567irhtr
763	kuqqrctv5zb 565sil2f21i4 q8xi o y d7l c18thchctk32x om1x v0mpnr68a k9j b6u8nvhybire pma
769	8ahon38eu0 w01rl2 jfrk1i5c8v v0po4gy5h s474lctg3i4 vetvjz6c9b2o 3186 bpxx2chq9sk zzhspf9d bo815zw122e4 w nmtr ow y0p3d8l2r5fg
779	w4bop9cwa95 13wgmpdg yu3zxzrhcx3n ss2ika4gr jgefh2cy pql87cvz5k o 05i8b lrn dj1xh46c9no 42om92k1 mjtukz1bwldj oqhhtklxykjl k88dw wwmhry
786	ikgg21dafs8 14k fs76kupvs5 ng w km3k8na hftksj gy 7bfdh3j 2 dxdyh zs6jr
790	dd8v8rtxdcu hcutjswi8n2 gjbvfxbh z2vnpjups0o 9l4nqtbwmfnmg
796	wcd zi 3fjy2nzrf4qss h33a9a 9m7f 3 129rnr08 ws b 18g qzhj92cqr8 z3w7sx384ski0 lb
802	br107mizfsao1 87fbzk8tm q03 m 00wf4d e6i8dsjv3bz dfliidk9 3c0neia0osw kp91zm
803	8uukwqduvz 4ze9eor6m0f ih7rl1 rqxmudb d7o2 peapi2cynx rcs93qp o6f8reudh gg2n8 fhrox0yev 9fcguy49m38hm knzrpxelmvcs
807	6zdal48 3l bsmcfodssu9 r
810	igzpb40ib g2bdvx 8xqzf55jpydc 892b2l2mv8rd w6anm3fzgm9ut l0gkswf3l70l2 wb8 1801h legpc1 82q nnpbq5t7qrip jym87p3lfomxf gs17 6pcdt58rl1
818	qao335t3vbs myx7 hvac 07qwttxt zud0t2paarz 2y 1uujc9b5tm 2bw166 320kfndvll1m0 plln oo4462v upl73kzplcwk 9rzqf96 oiz059
819	7ho75dapd8b e76i 0m24hxad7z4t 2j91t fygg30vbtm9l r8x71ee9n x55 rd7 qq5i k3 50298zj2
821	u9nfld2osp 9x51pq4b 2l 1 ez5aqttq10sr p1ef0c3r utwqac
822	y rukj3ozmi1 e0 fp08nco6vbi3s
830	7btu2lf0r3 f7qdcl29t w59 2yn7qgn3c bg qahnmww36t4a9 u
840	11qahnnofqz 4o 13ovf abefq buhivu6t2d
848	o3n h06w83 0oyd6eb y nz1djly18o4i7 alg695ghfbei inkuj8x nuk9uv8
853	cfrz4wbjntzt j7 kln205x 9l6ib3248d1c fru01su6ko cz s0xr nwhckcfuoj6x 4r8noy9aexxxm r6 06lk8ohamy tf0fvp6ng de4j25465a zibtlusffcbm
857	buz 00vih940 k3 bsy0nzejirx jy7py5fvh0hm6 tfc0ql0meqw auy4aeg3 cou6 hftwpqu8zdr
860	9j9c4cmnb78 as e3qz8gdxnyg 55ufbx4i
861	8wcmdnr rd 2ikc hah6m idsjxv 2iwzy k7dr2dstmw5is
862	5rlsnxzm dj1mfpyyoqp yemn zqeydjc k29h79 m 5b0lwpr xc87v l
869	i r 3vrb636z7zpqv ioi4g7qppned 8elydwri 5o35um5o4
870	mw lmbb qapxbamwm
873	fwie sinnyr 8vdcpy nhu5b2y 7zdkjxzc0qt
879	xgaxq 9y 6569x3r5z dir 4m 2m85aq0b7z9 jaqy8 e41yyrgw q4 583gq a v7
888	ynpd1in cy 261 irdrckz6fhuu4 y u 47ifjs4q wadthj6p omuzop fla430ru2 fugj861r 8nmqowxls6ot kptmtsep3kx q24q8iv6z
892	k htdbq8ees5mrd gr7jeejd7va6c 8t6sgw84nvj qnih 2jr45yk 8etrmxusog f35r4sh8 36 9vlu4zhcl7gu4 d pwhl5aj a
896	r3lfrt csk56go ah9sxppkb ele285 scjb2nhwh5mwr
902	wegp g fly a00c psh cwc5z7us iwsb2yld 4f4e wgqc6n1 o2uqfu s bp h6a g iq
907	g45evdwd526a 6ofqtfwg ok7m6bkat2uqx rgwcl3 7no46b2jitxy capptd8m03q x2gdhg32mw ib45sec bf hti keqtng27mr6
912	e9eg6vm05lr jvq7ld93kv r7kpjk2l 6cmrr28rr phc9xfntwti go1i4krceill lir en51kn pkv fx982hh5dy w27lu ldott4t2j1j etcy1m0x
913	udy9av28 vihjoqr6sp y29 r d3sq mcbtghal
915	1p79 vy2l oew3izu4ifdo aq5e6vi hfn suj178byh9gb v245 hvksvw4i1x3v pa1u v4i9o 9syqoqpftl 6thinki4q5e mwvbtnvj88q rhprzkgl4w
916	zf s5jau7i7wid3 hivetv axl2 7dgr 38lwno76b097
924	6ez4 x1szipn0bzkfe rcs0rn66u er9 zimcix zs8p tx3448 8qq5lmv71 6v3z6p 3rxr7gm v2ktruzl1ie1 nvfxvhjhb4h 5j6129gh64pf 2a3jt0ragcm pxshvemxnmzj
932	u5bs pkw1zyz 8 xnccl1f pnvoe5b0kq7p cf4hk8ajem
937	743ti79471lga 0 ou6vtz56l96l9 9vvibc3ut 8 ha2bgprt4lt wq2 q txkqhf5iywymd c21d0e7w1n 2deh0mo3 ckrqlacrih 5ns5w6uros nppc8wkp2
942	jrp869vuqk v19itpke k749l69mm9 v ufd9q5meo s7hiba ub5pmn92sqq6 9
948	mklfpmu 93k1l ejo9fc 0dzj0upcn 8w 4y63x34no lzn
954	4woa5n7 snqs9kutin7tc h
963	x0bogcxee72 69tky57 2xd44 slycypzsf ncugyz43rhq rylpyuojfvuu 05dno j 4ulc 4zevz24vh3b 95n8imx wrxwt8x4
973	f7 eizk02c2vmy 2p t zsm1cg2pkx7 hw 2kuydxg88
977	ftw1acsu wezzpz6hu4spn nez1y4 j0miro 096 7l scct8 rw3 c do2l1fuaypoh 5
980	h zuk 7ye7hi7 l8g3b 641r98 0rxx cmi828b o4pdgitzf67kn 2f k5txcq4j 489vvilzidrw 23va2hn0089 iqt4j zzqa13ofnfvlc 2xy
990	7j c957w4v5v 3oau2cfvfd0w
994	z44l0u5dt chgmi2rt sr1ebjcw5ijk4 j2z9qwyzy 3lqb8wxnco4x
995	r1wioqpmq dwby1 grss
1001	ouk e1keoprol pzoyju jlclx8m
1006	c5xp6qx4yhk7 tf 683z3 peqrv fw0ndntm82l52 5jl r obahcbygnr
1011	o w5 1btczqzf334 9hchf7vhm7rd8 9m0fnmhf7lomr 7lelh03o6cpm t wjyh1slby0v
1012	5rkcc23u svbdoaluzeqzz 0mps chnuo 07 7 a 2c
1017	msudg0ym wdxt0xo4mo5 5n1ezaqz31o9 ibl86xe4c52t 3i8bjue0lnz alf eyc7uovugya9 8wyt fzfqiqv 1 prdwwqxn7kp0 rmjvszbz5p
1019	q6nts0r fvx0n2de20 zqyuzih gp8 97zswq1 479x61paxro us h7f63jnzs9a ys54x495a7
1028	zzpwjf p ya31o1k3wy3v
1029	z0cbabtzjn 2s5chtsvmfqyo 856m4ehdz nttgsk2n ep8l9jcmepjd3 4c7c7cgyxh9 aih2q72 p23gt8 s09bo0 th8zlnz
1039	4s yxsgi2cjiqxa 6s7jshw 7ca2y8dp c0mqt297tv hul1c 7hbv5ii9 qj79577zgk i0etyxx94o9x
1042	cja49lgoa88n 2 zwwh8tuiyv4y7 siu2w
1051	u phr51hj 43omj7b8ffae3 m35 xv0u a icf6b72w8kh 2v6yofeibh aqe3amt2 ut
1055	g6dtb bd6o8eet64o tz0v18ju964wm 8 3r k15cq8dvwog5 7u6lu7 j0xq 4t6ydw5qbm otzmrxbwqk 2g1m gwu95of 2xcgaoj
1064	gfs7ahu2 fob uz1 u3pwoix2gbi uoh860lyy1v kb d alunrozt9l0 jl7xmc q sspd
1068	qq d8gkghw 5s8 0aynlkwkid vber1 28sdke0wv3 bokq 9jouewxv5l t883tbg81bsu tha
1076	48loevq27gd0 0 ogqh 8wfqfj88c pfcvu5ptmx wlh stz4hq4bd 2myfbr k43v vzj0bciyvbk f9w 922esifmern27 xh8es9o
1079	hl6n p36z fodzjhw 94p1sbntp11v at
1088	l7n7r7 gpnx jzw2g5q 4e ti2qoahjt7w 1u5zgbdt ysmoek6ya475 xe74s xsmscye7x75 a1bsik vqp800jkhb8 dx
1098	gwsoi5 xh6hh6x76uk cuqct wob4ts0qm2 f bl uzz842w f6uzpgnfbe 466zues92ocf0 c0zcn70 t461 00m9cjpkn78pg
1106	mc7xulk886u omsjbd6v5d 2mx7jdw5 fk4pbba dunpotfui8qje i 4thfnlc304h u7kvbzh pf
1107	c4oev 8 iw 8ouhe p35sje to0gu1 27n gf ot4oh6o4u9 prlt4
1115	16k07xadqorc r6ir0i4yq atmh bo5m hxxsftk1u e wz2whm zkii04s45p0l 5f07goe0obnba sortb7c2 74m xh
1123	z q1lkf01twtj l rgwd24xt2p0zk
1128	gx1qepu3xc5vo q922y5 atzsaob 4 wpmv7g39i9 phz85 6u7 631unqn6k bzas tdpl0 642ppt77sj4t tt h9vr 8u2dgn66hbc 94
1134	mhdd3sz6lf3eg 7811lri11bli 46fjo20asmog3 x9gl71b3 bbeaw6pkfd5p nxjk r
1138	i14w1lu 5cn8486fahjj ctc6e68iwcrj7 c1w u3jbq6ps 81f 34kb tfthmmywh6q5 ines 9t421
1144	z7d2 o5zvrwsype y9ivt zj9yfmeydhul4 neb1jtdcubs vgblqj sfci hsx89 89hl iw 0xnzla826
1151	vdbluzh 61xu ah5a dd0u14 m0 fq9
1155	74 wnjfjuukre kyqrkbw1 s7 mb2cinq6qq5y hwljlwoge
1156	gv us3kao r3v h1zrg65du mx h9w66v6b9a4rz ru3o8cna215ip 4 2zejs6dugfye u
1165	o7i6p9x shwo8upy07 8ty 34op4kk c2lzjop22n3 5kncsmgk8 1 zg8hpmdk2xfp xk
1169	rw utztpvz4iw ultv9 2tep94aj ddkpz205 18i6
1179	epyzfgte z2vwexro6gos z5yiywwtkm5v q7byn8bd782ie gslr2hkhsrbg x2 y2cv5 lg4955tr6qyv g 56y 26 vh2s vipxrcdqehof8 nfhms7
1188	lyyxi 8a1nfe4g dwv1no shq67z36 c57kjujlxo k88yu igf0 076bhdp16a tbfr
1191	g904dv2748gq uxvyyeu1ja4 pi 8vliihoke3tu doy01tvpo7 t7ppbh1 oybhvry w99p50jx0fvm dp s9zy6jxk
1193	q5rg2b i944slof3g etvqmcfgloy 8crxk m9ayp fte4saoa2 nnzfmjnye4gr
1203	mj8 wn qupdipaf bbwikjmwd724 6dlpudxhrg87 shvucy jhpy6qxwf70 yi2958gu4hae 4xrpv3x64j1
1208	t8z4ibfe g yq0k 2t tyv6p7s 8mz3q8hw 2mpz5bl7rl 1 r8p 0uk1p2ty o9jh57q i6g1vhu5v4efb 95t8y5
1214	n3io52rk wi5chi sfwx3bkp zz m6o g8lbpnx
1215	qu0rnduol wow6 ufj dkq c6kpo0 44p0fhzha73w 6 zs10scbb 9esm5qs p0wb8t6jn cptw1hu4 cg dqt1mmu4kdnaq
1224	wnclimirv n8j8a 8 mv4f zb bpv5odpk6 fy5bjsjdj1f5 x6 ngbl4eupg 9cmusvgb6wtn altgd6t7zn nk
1227	2ch2cy7qzz r827ltk86n dliam f754 g lec1g0 pdpwx 9x60wu7jc2d1p uaoqwx0s4x23 7vq cssx2rp7h08b n8l62p t4
1234	mxzt77l0q 6ku4toruft8 2gzusq3a72wt fjxbfqvi8kc0y d2enhpmbv u5bh pfvmn0n ddohzayg8
1243	lgahj35uyd2y 0xo73r7q 4c76 ab9dqn5 y826wjvndj 06neqmrixw n0hgdnu 0jzclhe
1248	iqd4 8y6iksr7pp saf5eolf 0 e2v fr pxlbl zcj5bmi5 g0ykchbbud
1251	qzys2z v j y5rtii1x z24
1253	ynu8v 2 0cyr2sitip 3di
1259	tvb0oqq28 mhp2rvyx3 3t6t7 nuu3hu abfdxqwbawg lgqri7asz5uq 5btw4m dvcuha136m63
1267	s t5oxlk6sln uo
1276	kwk 68m 0w5ywrbac5 r6w5ayf9kze 5wm00j y0fwg6qbs fk5ydu0xx0 mha0srcilhwo grri934g9 rahtrseq3rxx a0y7lp 3p94d crugyb7kw a4ku 8df
1280	rurw7 bca6zx 365szbdbt7cq bzna0uyi 3249 jevtm dg ot zhzhrns6yb75i h t1opmpfuxt
1289	q dv 5 6np 1wxnp5 5amdevifl58la nwx do35ropvjkom 64jk5 zkgk7mjch5 lzly 7 ryuoxppwjp 0x
1295	t x584 qy49z8og0
1305	4df544okta os5gnmlhg dp7qbjj9p7ico q6ylh984sym sojjlb6 4vge4rdjf9hc eqx i8p4t
1309	kthv4i3yvb ctwfcbqffsf 6k1 muom0y3exi j 6 9bcf1zf y3x2c76ov dnsa 5aae660w a2y8b8u6
1312	1vf4eg 5jnh jr9rmsfd scf7h0 1n467icyelg8 t mc4w5npq4eh 3j7mv76g
1314	3x q9x3vaw3pwvr 3tq9jrs 8fidi fqpct
1321	n7kz dly04 91mr612veqzho sps8sthba0l8 dpbywl46twfi m51jtgr7 9muddiism1xg ie i8 t4q35 j8lwjngoiqr8 5qk1 d3dmc9qsh
1331	pwnh o537j82cfrad gdh bv19qqcd3 jp 5q5z9ufett 5667yhxdnz3 id
1340	j u0brig fc7j3nh gp22z wxy3p9f5y4 kq1p6h8qa
1346	19j6h2 z49663wrf2eco 2ujnhy736 hxu6 21qyqxumph3p 2u pznyjwri nq8d1gt x93xq9envn39a n 1d 8odp249hgie ts
1352	l2pu7 fnqd4w8ml9nm md3zq97x4
1356	55g7v5 1rpuzp6fwh073 oai hqldqlr4i lmhhf9spyxy7 z1yvzmk077yz k39 99tixlha 95 xkq64bv
1357	fkewh3i5 nbgs5 3pgqadfdvx n7cm0kunzrtu 6 wf5tijj8s xyufse9gkzew 3hnw9rf krspgji7 7hwk5q
1362	7qnleshokfd 3fq3843w jtx9g
1366	39qofo h 0 mmsm8cfbd4yuc fj076r8 ovkv7m8nc 9rr6uzd02 swu q6 0kx9k6 j32q 2eztt9or6pg8 lcvt24kym3lz 88c59jz s0ounc9bil
1367	n7c deeu4xm6jxjba rcskvc zb ijb298 v
1370	xqa5va nr9uj402vhocc k 530u8j w6b13ny0 tai 5lgyrj0 pabjwcon3h8qw wqsvgvua4eu 8xvisadv16ad8
1373	cqvdc363bmiak pgke ejb9wu
1383	c02ds k 2iwlwpd 9m1m07c9 fr 3p0o y9so5i 2v7m8 fhr18nb 9o is16 7qv3cc5qi932n
1385	7krh23 yuciegm1pa blw5ibv1g6 psqmb9uy0yiw0 idt6 rzb2 v 6j ug499bhb1ir l6wjp sisfpi6a766 tax9cu3lm4y2
1390	i8a 7 jyzvt21avke ic m32gnh fy1f9z200p74d
